warning: No library characterized for (process = 1.00 voltage = 0.85 temperature = 25.00) can be found in the database for power domain '/PD_TOP'  [NL-174]
Report Power (instances with prefix '*' are included in total) : 
-----+---------------------+--------------------+---------------------+-------------------+-----------------
     | Instance            | Internal Power(uw) | Switching Power(uw) | Leakage Power(uw) | Total Power(uw) 
-----+---------------------+--------------------+---------------------+-------------------+-----------------
1    |*add2                |            1.952865|             0.984783|           0.050517|         2.988165
2    |*add1                |            0.821561|             0.324370|           0.036164|         1.182095
3    |*current_state_reg[1]|            2.410922|             5.217869|           0.086213|         7.715004
4    |*current_state_reg[0]|            2.406627|             3.061746|           0.086213|         5.554586
5    |*next_reg            |            2.296817|             2.946699|           0.040863|         5.284379
6    |*start_reg[3]        |            3.096969|             2.960725|           0.040863|         6.098557
7    |*start_reg[2]        |            3.198582|             2.957605|           0.040863|         6.197050
8    |*start_reg[1]        |            3.198387|             2.951376|           0.040863|         6.190627
9    |*start_reg[0]        |            3.198338|             2.949819|           0.040863|         6.189020
10   |*counter2_reg[1]     |            1.913210|             2.653203|           0.040863|         4.607275
11   |*counter2_reg[0]     |            2.049617|            16.963911|           0.040863|        19.054392
12   |*next_state_reg[1]   |            2.019037|             0.564558|           0.040863|         2.624458
13   |*next_state_reg[0]   |            2.018591|             0.564557|           0.040863|         2.624012
14   |*finish_reg[2]       |            3.050052|             2.838000|           0.040863|         5.928915
15   |*finish_reg[1]       |            3.003326|             2.838000|           0.040863|         5.882189
16   |*finish_reg[0]       |            3.002707|             2.838000|           0.040863|         5.881570
17   |*i_0_16              |            0.198341|             0.203750|           0.014353|         0.416444
18   |*counter_reg[0]      |            2.408977|             6.320192|           0.086213|         8.815382
19   |*counter_reg[1]      |            2.405535|             8.270804|           0.086213|        10.762552
20   |*i_0_0_0             |            0.869277|             0.321904|           0.035928|         1.227109
21   |*i_0_0_1             |            0.910303|             0.313392|           0.036441|         1.260136
22   |*i_0_0_2             |            0.127424|             0.067351|           0.026832|         0.221606
23   |*i_0_0_3             |            0.127424|             0.067351|           0.026832|         0.221606
24   |*i_0_0_4             |            0.127424|             0.067351|           0.026832|         0.221606
25   |*i_0_0_5             |            0.219526|             0.120503|           0.021200|         0.361228
26   |*i_0_0_6             |            0.287535|             3.485553|           0.021200|         3.794286
27   |*i_0_0_7             |            0.210362|             0.131978|           0.027025|         0.369365
28   |*i_0_0_8             |            0.893734|             0.471797|           0.036441|         1.401973
29   |*i_0_0_9             |            0.880351|             0.464796|           0.021200|         1.366347
30   |*i_0_0_10            |            0.670411|             1.081072|           0.021200|         1.772682
31   |*i_0_0_11            |            0.880351|             0.464796|           0.021200|         1.366347
32   |*i_0_0_12            |            0.670411|             1.081072|           0.021200|         1.772682
33   |*i_0_0_13            |            0.416426|             0.202074|           0.034566|         0.653066
34   |*i_0_0_14            |            0.680305|             0.709796|           0.021200|         1.411300
35   |*i_0_0_15            |            0.509247|             0.277375|           0.022619|         0.809242
36   |*i_0_0_16            |            0.567812|             3.044057|           0.022695|         3.634564
37   |*i_0_0_17            |            0.358506|             0.262015|           0.014353|         0.634874
38   |*i_0_0_18            |            0.567725|             4.367969|           0.027858|         4.963552
39   |*i_0_0_19            |            0.169003|             0.357508|           0.021200|         0.547711
40   |*i_0_0_20            |            0.520788|             0.276763|           0.022619|         0.820171
41   |*i_0_0_21            |            0.225909|             0.350467|           0.018105|         0.594481
42   |*i_0_0_22            |            0.470387|             0.746375|           0.027858|         1.244620
43   |*i_0_0_23            |            0.041060|             0.034754|           0.032601|         0.108415
44   |*i_0_0_24            |            0.348849|             1.001924|           0.017393|         1.368166
45   |*i_0_0_25            |            0.167886|             0.120503|           0.021200|         0.309588
46   |*i_0_0_26            |            0.358396|             1.205032|           0.017393|         1.580821
47   |*i_0_0_27            |            0.127369|             0.065329|           0.026832|         0.219530
48   |*i_0_0_28            |            0.290016|             3.937116|           0.017393|         4.244525
49   |*i_0_0_29            |            0.473163|             1.413200|           0.014353|         1.900715
50   |*i_0_0_30            |            0.263574|             0.515420|           0.014353|         0.793347
51   |*i_0_0_31            |            0.264076|             2.035806|           0.014353|         2.314235
52   |*i_0_0_32            |            0.698586|             8.200513|           0.014353|         8.913451
53   |                     |                    |                     |                   |                 
54   |*TOTAL               |           59.044083|           105.672852|           1.703069|       166.419998
-----+---------------------+--------------------+---------------------+-------------------+-----------------
