Report End Points: 
-----+-------+------+-------+------+------+-----+-----+-----------+-----------
     |Group  |Launch|Capture|Shift |Delay |Depth|Slack|Begin Point|End Point  
-----+-------+------+-------+------+------+-----+-----+-----------+-----------
1    |default|sysclk|sysclk |1500.0|1046.3|   35|257.8|Q_reg[0]/Q |A_reg[14]/D
2    |default|sysclk|sysclk |1500.0| 970.2|   34|334.1|Q_reg[0]/Q |A_reg[13]/D
3    |default|sysclk|sysclk |1500.0| 911.3|   31|394.1|Q_reg[0]/Q |A_reg[12]/D
-----+-------+------+-------+------+------+-----+-----+-----------+-----------
Report End Points: 
-----+-----+--------------+-------+------+-----+-----+-----+-----------+----------------
     |Group|Launch        |Capture|Shift |Delay|Depth|Slack|Begin Point|End Point       
-----+-----+--------------+-------+------+-----+-----+-----+-----------+----------------
1    |I2R  |rtDefaultClock|sysclk |1500.0|214.6|    5|555.0|start      |Q_reg[16]/D     
2    |I2R  |rtDefaultClock|sysclk |1500.0|194.1|    3|566.4|start      |A_reg[14]/D     
3    |I2R  |rtDefaultClock|sysclk |1500.0|194.1|    3|566.4|start      |counter_reg[3]/D
-----+-----+--------------+-------+------+-----+-----+-----+-----------+----------------
Report End Points: 
-----+-----+------+-------+-----+-----+-----+-----+-----------+---------
     |Group|Launch|Capture|Shift|Delay|Depth|Slack|Begin Point|End Point
-----+-----+------+-------+-----+-----+-----+-----+-----------+---------
1    |I2O  |      |       |     |     |     |     |           |         
-----+-----+------+-------+-----+-----+-----+-----+-----------+---------
Report End Points: 
-----+-----+------+-------+------+-----+-----+-----+-----------+-------------
     |Group|Launch|Capture|Shift |Delay|Depth|Slack|Begin Point|End Point    
-----+-----+------+-------+------+-----+-----+-----+-----------+-------------
1    |R2O  |sysclk|vsysclk|1500.0|796.2|   33|413.6|Q_reg[9]/Q |overflow_flag
2    |R2O  |sysclk|vsysclk|1500.0|674.8|   29|535.0|Q_reg[9]/Q |result[15]   
3    |R2O  |sysclk|vsysclk|1500.0|625.7|   29|584.1|Q_reg[9]/Q |result[14]   
-----+-----+------+-------+------+-----+-----+-----+-----------+-------------
