warning: No library characterized for (process = 1.00 voltage = 0.85 temperature = 25.00) can be found in the database for power domain '/PD_TOP'  [NL-174]
Report Power (instances with prefix '*' are included in total) : 
-----+---------------------------------+--------------------+---------------------+-------------------+-----------------
     | Instance                        | Internal Power(uw) | Switching Power(uw) | Leakage Power(uw) | Total Power(uw) 
-----+---------------------------------+--------------------+---------------------+-------------------+-----------------
1    |*finish_reg                      |            0.211853|             0.500279|           0.079112|         0.791245
2    |*A_reg[14]                       |            2.314028|             5.649179|           0.079112|         8.042319
3    |*A_reg[13]                       |            2.311728|             2.726338|           0.079112|         5.117179
4    |*A_reg[12]                       |            2.314024|             5.617930|           0.079112|         8.011067
5    |*A_reg[11]                       |            2.314115|             6.305994|           0.079112|         8.699220
6    |*A_reg[10]                       |            2.314035|             5.700259|           0.079112|         8.093406
7    |*A_reg[9]                        |            2.313902|             4.926949|           0.079112|         7.319963
8    |*A_reg[8]                        |            2.314027|             5.638206|           0.079112|         8.031345
9    |*A_reg[7]                        |            2.314133|             6.451696|           0.079112|         8.844942
10   |*A_reg[6]                        |            2.314120|             6.344618|           0.079112|         8.737850
11   |*A_reg[5]                        |            2.314020|             5.590618|           0.079112|         7.983751
12   |*A_reg[4]                        |            2.314020|             5.590618|           0.079112|         7.983751
13   |*A_reg[3]                        |            2.314020|             5.590618|           0.079112|         7.983751
14   |*A_reg[2]                        |            2.314020|             5.590618|           0.079112|         7.983751
15   |*A_reg[1]                        |            2.314020|             5.590618|           0.079112|         7.983751
16   |*A_reg[0]                        |            2.313856|             4.879963|           0.079112|         7.272932
17   |*clk_gate_multiplicand_buffer_reg|            1.681031|             0.000000|           0.059138|         1.740168
18   |*multiplicand_buffer_reg[15]     |            2.122626|             1.312487|           0.079112|         3.514224
19   |*multiplicand_buffer_reg[14]     |            2.119159|             1.103107|           0.079112|         3.301378
20   |*multiplicand_buffer_reg[13]     |            2.121338|             1.198557|           0.079112|         3.399007
21   |*multiplicand_buffer_reg[12]     |            2.135677|             4.312398|           0.079112|         6.527188
22   |*multiplicand_buffer_reg[11]     |            2.135997|             4.995884|           0.079112|         7.210993
23   |*multiplicand_buffer_reg[10]     |            2.135997|             4.995884|           0.079112|         7.210993
24   |*multiplicand_buffer_reg[9]      |            2.135997|             4.995884|           0.079112|         7.210993
25   |*multiplicand_buffer_reg[8]      |            2.135997|             4.995884|           0.079112|         7.210993
26   |*multiplicand_buffer_reg[7]      |            2.135997|             4.995884|           0.079112|         7.210993
27   |*multiplicand_buffer_reg[6]      |            2.127657|             1.757682|           0.079112|         3.964452
28   |*multiplicand_buffer_reg[5]      |            2.135262|             3.892211|           0.079112|         6.106586
29   |*multiplicand_buffer_reg[4]      |            2.127400|             1.734939|           0.079112|         3.941451
30   |*multiplicand_buffer_reg[3]      |            2.135997|             4.995470|           0.079112|         7.210579
31   |*multiplicand_buffer_reg[2]      |            2.135993|             4.962704|           0.079112|         7.177810
32   |*multiplicand_buffer_reg[1]      |            2.135937|             4.575179|           0.079112|         6.790228
33   |*multiplicand_buffer_reg[0]      |            2.129532|             1.923623|           0.079112|         4.132267
34   |*Q_reg[16]                       |            2.313856|             4.879963|           0.079112|         7.272932
35   |*Q_reg[15]                       |            1.679890|             3.542917|           0.079112|         5.301919
36   |*Q_reg[14]                       |            1.679890|             3.542917|           0.079112|         5.301919
37   |*Q_reg[13]                       |            1.679890|             3.542917|           0.079112|         5.301919
38   |*Q_reg[12]                       |            1.679890|             3.542917|           0.079112|         5.301919
39   |*Q_reg[11]                       |            1.679890|             3.542917|           0.079112|         5.301919
40   |*Q_reg[10]                       |            1.679890|             3.542917|           0.079112|         5.301919
41   |*Q_reg[9]                        |            1.679414|             3.061280|           0.079112|         4.819806
42   |*Q_reg[8]                        |            1.675025|             1.523296|           0.079112|         3.277432
43   |*Q_reg[7]                        |            1.675274|             1.545349|           0.079112|         3.299735
44   |*Q_reg[6]                        |            1.653891|             0.523720|           0.079112|         2.256723
45   |*Q_reg[5]                        |            1.653891|             0.523720|           0.079112|         2.256723
46   |*Q_reg[4]                        |            1.653891|             0.523720|           0.079112|         2.256723
47   |*Q_reg[3]                        |            1.653891|             0.523720|           0.079112|         2.256723
48   |*Q_reg[2]                        |            1.653891|             0.523720|           0.079112|         2.256723
49   |*Q_reg[1]                        |            1.679979|             3.831198|           0.079112|         5.590290
50   |*Q_reg[0]                        |            1.410364|             5.364564|           0.079112|         6.854040
51   |*counter_reg[3]                  |            1.807037|             3.648802|           0.079112|         5.534952
52   |*counter_reg[2]                  |            1.845886|             1.174630|           0.079112|         3.099629
53   |*counter_reg[1]                  |            2.314085|             6.077089|           0.079112|         8.470286
54   |*counter_reg[0]                  |            1.410214|             4.227929|           0.079112|         5.717256
55   |*working_reg                     |            2.269665|             0.403480|           0.079112|         2.752258
56   |*start_buffer_reg                |            1.790009|             3.462394|           0.079112|         5.331514
57   |*start_buffer_reg_enable_mux_0   |            0.482292|             0.140418|           0.035928|         0.658639
58   |*clk_gate_A_reg                  |            1.592266|             0.000000|           0.059138|         1.651404
59   |*i_0_0_0                         |            0.329351|             0.262725|           0.017393|         0.609470
60   |*i_0_0_1                         |            0.391217|             0.154688|           0.034566|         0.580471
61   |*i_0_0_2                         |            0.391540|             0.156519|           0.034566|         0.582624
62   |*i_0_0_3                         |            0.366305|             0.159926|           0.034566|         0.560797
63   |*i_0_0_4                         |            0.389957|             0.160063|           0.034566|         0.584586
64   |*i_0_0_5                         |            0.390164|             0.160769|           0.034566|         0.585499
65   |*i_0_0_6                         |            0.389640|             0.160746|           0.034566|         0.584952
66   |*i_0_0_7                         |            0.389578|             0.162304|           0.034566|         0.586448
67   |*i_0_0_8                         |            0.389736|             0.162593|           0.034566|         0.586894
68   |*i_0_0_9                         |            0.389777|             0.162100|           0.034566|         0.586443
69   |*i_0_0_10                        |            0.389836|             0.162411|           0.034566|         0.586813
70   |*i_0_0_11                        |            0.389877|             0.162715|           0.034566|         0.587158
71   |*i_0_0_12                        |            0.389912|             0.162981|           0.034566|         0.587458
72   |*i_0_0_13                        |            0.393012|             0.164787|           0.034566|         0.592366
73   |*i_0_0_14                        |            0.316958|             0.159495|           0.027858|         0.504312
74   |*i_0_0_15                        |            0.370255|             0.502581|           0.022619|         0.895456
75   |*i_0_0_16                        |            0.387331|             1.568560|           0.017393|         1.973285
76   |*i_0_0_17                        |            0.434568|             0.160360|           0.041741|         0.636669
77   |*i_0_0_18                        |            0.293966|             0.550129|           0.014353|         0.858448
78   |*i_0_0_19                        |            0.754871|             5.341562|           0.032612|         6.129045
79   |*i_0_0_20                        |            0.186426|             0.681771|           0.017393|         0.885590
80   |*i_0_0_21                        |            0.722696|             1.399572|           0.022695|         2.144963
81   |*i_0_0_22                        |            0.465609|             0.890340|           0.034566|         1.390515
82   |*i_0_0_23                        |            0.225956|             1.874740|           0.014353|         2.115050
83   |*i_0_0_24                        |            0.435124|             4.301987|           0.027858|         4.764969
84   |*i_0_0_25                        |            0.198121|             0.591944|           0.021200|         0.811265
85   |*i_0_0_26                        |            0.436168|             1.048100|           0.027858|         1.512126
86   |*i_0_0_27                        |            0.198429|             0.585399|           0.021200|         0.805027
87   |*i_0_0_28                        |            1.144721|             1.457679|           0.036164|         2.638563
88   |*i_0_0_29                        |            0.427521|             1.029523|           0.027858|         1.484903
89   |*i_0_0_30                        |            0.193276|             0.569318|           0.021200|         0.783793
90   |*i_0_0_31                        |            1.145442|             1.454494|           0.036164|         2.636100
91   |*i_0_0_32                        |            0.417387|             1.007599|           0.027858|         1.452845
92   |*i_0_0_33                        |            0.187587|             0.551604|           0.021200|         0.760390
93   |*i_0_0_34                        |            1.146135|             1.450424|           0.036164|         2.632724
94   |*i_0_0_35                        |            0.406211|             0.983092|           0.027858|         1.417162
95   |*i_0_0_36                        |            0.182102|             0.534602|           0.021200|         0.737904
96   |*i_0_0_37                        |            1.145957|             1.445163|           0.036164|         2.627284
97   |*i_0_0_38                        |            0.398292|             0.959455|           0.027858|         1.385605
98   |*i_0_0_39                        |            0.193528|             0.570517|           0.021200|         0.785244
99   |*i_0_0_40                        |            1.147264|             1.438282|           0.036164|         2.621709
100  |*i_0_0_41                        |            0.417285|             1.006436|           0.027858|         1.451580
101  |*i_0_0_42                        |            0.188921|             0.556444|           0.021200|         0.766565
102  |*i_0_0_43                        |            1.115450|             1.429170|           0.036164|         2.580784
103  |*i_0_0_44                        |            0.401121|             0.989009|           0.027858|         1.417989
104  |*i_0_0_45                        |            0.159085|             0.463402|           0.021200|         0.643686
105  |*i_0_0_46                        |            1.123317|             1.426013|           0.036164|         2.585494
106  |*i_0_0_47                        |            0.375861|             0.856079|           0.027858|         1.259798
107  |*i_0_0_48                        |            0.156116|             0.453370|           0.021200|         0.630686
108  |*i_0_0_49                        |            1.218981|             1.447026|           0.036164|         2.702171
109  |*i_0_0_50                        |            0.336023|             0.834466|           0.027858|         1.198347
110  |*i_0_0_51                        |            0.147861|             0.428366|           0.021200|         0.597427
111  |*i_0_0_52                        |            1.145790|             1.421040|           0.036164|         2.602993
112  |*i_0_0_53                        |            0.322396|             0.793611|           0.027858|         1.143865
113  |*i_0_0_54                        |            0.133808|             0.427968|           0.021200|         0.582976
114  |*i_0_0_55                        |            0.273298|             0.701867|           0.027858|         1.003023
115  |*i_0_0_56                        |            0.093554|             0.263364|           0.021200|         0.378117
116  |*i_0_0_57                        |            1.131347|             1.391994|           0.036164|         2.559504
117  |*i_0_0_58                        |            0.188051|             0.510862|           0.027858|         0.726771
118  |*i_0_0_59                        |            0.068820|             0.191258|           0.021200|         0.281277
119  |*i_0_0_60                        |            1.129850|             1.370402|           0.036164|         2.536415
120  |*i_0_0_61                        |            0.251740|             0.729116|           0.027858|         1.008715
121  |*i_0_0_62                        |            0.471750|             0.644510|           0.022619|         1.138879
122  |*i_0_0_63                        |            0.307509|             1.141204|           0.017393|         1.466107
123  |*i_0_0_64                        |            0.431412|             0.885951|           0.041741|         1.359105
124  |*i_0_0_65                        |            1.132137|             1.390533|           0.036164|         2.558834
125  |*i_0_0_66                        |            0.475789|             0.940243|           0.041741|         1.457773
126  |*i_0_0_67                        |            0.386459|             0.914677|           0.034566|         1.335701
127  |*i_0_0_68                        |            0.466406|             0.527831|           0.021200|         1.015436
128  |*i_0_0_69                        |            0.577770|             0.870784|           0.048314|         1.496868
129  |*i_0_0_70                        |            0.548473|             0.349215|           0.022619|         0.920307
130  |*i_0_0_71                        |            0.431080|             1.035823|           0.034566|         1.501469
131  |*i_0_0_72                        |            0.335647|             0.381357|           0.021200|         0.738203
132  |*i_0_0_73                        |            0.605882|             1.110389|           0.041741|         1.758013
133  |*i_0_0_74                        |            0.516933|             0.996777|           0.041741|         1.555452
134  |*i_0_0_75                        |            0.541310|             1.025639|           0.041741|         1.608691
135  |*i_0_0_76                        |            0.561955|             1.048631|           0.041741|         1.652327
136  |*i_0_0_77                        |            0.579568|             1.067129|           0.041741|         1.688438
137  |*i_0_0_78                        |            0.594688|             1.082146|           0.041741|         1.718576
138  |*i_0_0_79                        |            0.199339|             0.347205|           0.014353|         0.560898
139  |*i_0_0_80                        |            0.404715|             3.614512|           0.022619|         4.041846
140  |*i_0_0_81                        |            0.433322|             0.620840|           0.027858|         1.082021
141  |*i_0_0_82                        |            0.343273|             1.345352|           0.021200|         1.709824
142  |*i_0_0_83                        |            0.216955|             0.702519|           0.021200|         0.940674
143  |*i_0_0_84                        |            0.234370|             0.887826|           0.014353|         1.136549
144  |*i_0_0_85                        |            0.393928|             3.120135|           0.027858|         3.541922
145  |*i_0_0_86                        |            0.246516|             0.425860|           0.014353|         0.686729
146  |*i_0_0_87                        |            0.312964|             1.379898|           0.014353|         1.707215
147  |*i_0_0_88                        |            0.661520|             5.722078|           0.027858|         6.411456
148  |*i_0_0_89                        |            0.236754|             1.043879|           0.014353|         1.294986
149  |*i_0_0_90                        |            0.471732|             4.328697|           0.022619|         4.823049
150  |*i_0_0_91                        |            0.510368|             1.203950|           0.027858|         1.742176
151  |*i_0_0_92                        |            0.298964|             1.012022|           0.017393|         1.328380
152  |*i_0_0_93                        |            0.565218|             1.916893|           0.032601|         2.514712
153  |*i_0_0_94                        |            0.668298|             1.454603|           0.022619|         2.145520
154  |*i_0_0_95                        |            0.303542|             1.390335|           0.014353|         1.708230
155  |*i_0_0_96                        |            0.574548|             5.504278|           0.027858|         6.106684
156  |*i_0_0_97                        |            0.283523|             0.489789|           0.014353|         0.787665
157  |*i_0_0_98                        |            0.428493|             5.172772|           0.017393|         5.618659
158  |*i_0_0_99                        |            0.312031|             1.665072|           0.014353|         1.991457
159  |*i_0_0_100                       |            0.449041|             5.994436|           0.021200|         6.464677
160  |*i_0_0_112                       |            0.394285|             0.289760|           0.021200|         0.705245
161  |*i_0_0_113                       |            0.390544|             0.240892|           0.021200|         0.652635
162  |*i_0_0_114                       |            0.604809|             0.189917|           0.041741|         0.836467
163  |*i_0_0_115                       |            0.207070|             0.108001|           0.026832|         0.341903
164  |*i_0_0_116                       |            0.475654|             0.658054|           0.027858|         1.161567
165  |*i_0_0_101                       |            0.265347|             0.118107|           0.041741|         0.425196
166  |*i_0_0_102                       |            0.466898|             0.137668|           0.022695|         0.627261
167  |*i_0_0_103                       |            0.141344|             0.088766|           0.021200|         0.251310
168  |*i_0_0_104                       |            0.218402|             0.139008|           0.014353|         0.371763
169  |*i_0_0_105                       |            0.402696|             2.507399|           0.032612|         2.942708
170  |*i_0_0_122                       |            0.218402|             0.139008|           0.014353|         0.371763
171  |*i_0_0_123                       |            0.402696|             2.507399|           0.032612|         2.942708
172  |*i_0_0_124                       |            0.218402|             0.139008|           0.014353|         0.371763
173  |*i_0_0_125                       |            0.402696|             2.507399|           0.032612|         2.942708
174  |*i_0_0_126                       |            0.218402|             0.139008|           0.014353|         0.371763
175  |*i_0_0_127                       |            0.402696|             2.507399|           0.032612|         2.942708
176  |*i_0_0_128                       |            0.218402|             0.139008|           0.014353|         0.371763
177  |*i_0_0_129                       |            0.402696|             2.507399|           0.032612|         2.942708
178  |*i_0_0_130                       |            0.218402|             0.139008|           0.014353|         0.371763
179  |*i_0_0_131                       |            0.402672|             2.507399|           0.032612|         2.942684
180  |*i_0_0_132                       |            0.218402|             0.139008|           0.014353|         0.371763
181  |*i_0_0_133                       |            0.402661|             2.507400|           0.032612|         2.942672
182  |*i_0_0_134                       |            0.288887|             0.142540|           0.022619|         0.454046
183  |*i_0_0_135                       |            0.233733|             0.308429|           0.017393|         0.559556
184  |*i_0_0_136                       |            0.288979|             0.142540|           0.022619|         0.454138
185  |*i_0_0_137                       |            0.233733|             0.308429|           0.017393|         0.559556
186  |*i_0_0_138                       |            0.288979|             0.142540|           0.022619|         0.454138
187  |*i_0_0_139                       |            0.233733|             0.308429|           0.017393|         0.559556
188  |*i_0_0_140                       |            0.288979|             0.142540|           0.022619|         0.454138
189  |*i_0_0_141                       |            0.233733|             0.308429|           0.017393|         0.559556
190  |*i_0_0_142                       |            0.288979|             0.142540|           0.022619|         0.454138
191  |*i_0_0_143                       |            0.233733|             0.308429|           0.017393|         0.559556
192  |*i_0_0_144                       |            0.288979|             0.142540|           0.022619|         0.454138
193  |*i_0_0_145                       |            0.233733|             0.308429|           0.017393|         0.559556
194  |*i_0_0_146                       |            0.288979|             0.142540|           0.022619|         0.454138
195  |*i_0_0_147                       |            0.233733|             0.308429|           0.017393|         0.559556
196  |*i_0_0_148                       |            0.413068|             0.207556|           0.022619|         0.643243
197  |*i_0_0_149                       |            0.233733|             0.308429|           0.017393|         0.559556
198  |*i_0_0_150                       |            0.361879|             0.230328|           0.014353|         0.606561
199  |*i_0_0_151                       |            0.724753|             4.154615|           0.032612|         4.911980
200  |*i_0_0_152                       |            0.374130|             0.587500|           0.027858|         0.989489
201  |*i_0_0_106                       |            0.224638|             0.595065|           0.022695|         0.842398
202  |*i_0_0_107                       |            0.145715|             0.431168|           0.017393|         0.594277
203  |*i_0_0_108                       |            0.697077|             9.242089|           0.026481|         9.965647
204  |*i_0_0_158                       |            1.015538|             0.325982|           0.025066|         1.366586
205  |*i_0_0_159                       |            1.015538|             0.325982|           0.025066|         1.366586
206  |*i_0_0_160                       |            1.015538|             0.325982|           0.025066|         1.366586
207  |*i_0_0_161                       |            1.015538|             0.325982|           0.025066|         1.366586
208  |*i_0_0_162                       |            1.015538|             0.325982|           0.025066|         1.366586
209  |*i_0_0_163                       |            1.015538|             0.325982|           0.025066|         1.366586
210  |*i_0_0_164                       |            1.015538|             0.325982|           0.025066|         1.366586
211  |*i_0_0_165                       |            1.015538|             0.325982|           0.025066|         1.366586
212  |*i_0_0_166                       |            1.015538|             0.325982|           0.025066|         1.366586
213  |*i_0_0_167                       |            1.015538|             0.325982|           0.025066|         1.366586
214  |*i_0_0_109                       |            1.015538|             0.325982|           0.025066|         1.366586
215  |*i_0_0_169                       |            1.015538|             0.325982|           0.025066|         1.366586
216  |*i_0_0_170                       |            1.015538|             0.325982|           0.025066|         1.366586
217  |*i_0_0_171                       |            1.015538|             0.325982|           0.025066|         1.366586
218  |*i_0_0_172                       |            1.015538|             0.325982|           0.025066|         1.366586
219  |*i_0_0_173                       |            1.015538|             0.325982|           0.025066|         1.366586
220  |*i_0_0_110                       |            0.003449|             0.006786|           0.026832|         0.037067
221  |*i_0_0_111                       |            0.023346|             0.103459|           0.014353|         0.141158
222  |*i_0_0_117                       |            0.045072|             0.489884|           0.018105|         0.553061
223  |*i_0_0_118                       |            0.264764|            17.698145|           0.014353|        17.977262
224  |*i_0_0_119                       |            0.480183|            11.221721|           0.027858|        11.729762
225  |*i_0_0_120                       |            0.036099|             0.102896|           0.027858|         0.166854
226  |*i_0_0_121                       |            0.418590|             0.655308|           0.034026|         1.107925
227  |*i_0_0_153                       |            0.063901|             0.102629|           0.018105|         0.184634
228  |*i_0_0_154                       |            0.165125|             0.209747|           0.032601|         0.407474
229  |*i_0_0_155                       |            0.241866|             0.354011|           0.018105|         0.613982
230  |*i_0_0_156                       |            0.537076|             0.725542|           0.027858|         1.290476
231  |*i_0_0_157                       |            0.518738|             0.713351|           0.022619|         1.254709
232  |*i_0_0_168                       |            0.415199|             1.379958|           0.036164|         1.831320
233  |*i_0_0_174                       |            0.000000|             0.000000|           0.018105|         0.018105
234  |*i_0_0_175                       |            0.017388|             0.027159|           0.018105|         0.062652
235  |*i_0_0_176                       |            0.065635|             0.215780|           0.026832|         0.308247
236  |*i_0_0_177                       |            0.242214|             0.333490|           0.018105|         0.593809
237  |*i_0_0_191                       |            0.300930|             1.242261|           0.014353|         1.557544
238  |*i_0_0_192                       |            0.476884|             4.191052|           0.022619|         4.690556
239  |*i_0_0_193                       |            0.338039|             1.035463|           0.027858|         1.401360
240  |*i_0_0_194                       |            0.377834|             1.182245|           0.027858|         1.587937
241  |*i_0_0_195                       |            0.313470|             0.983156|           0.027858|         1.324484
242  |*i_0_0_196                       |            0.293256|             0.948462|           0.027858|         1.269577
243  |*i_0_0_197                       |            0.281395|             0.917529|           0.027858|         1.226782
244  |*i_0_0_198                       |            0.278580|             0.910169|           0.027858|         1.216608
245  |*i_0_0_199                       |            0.277739|             0.910506|           0.027858|         1.216104
246  |*i_0_0_200                       |            0.382209|             1.252318|           0.027858|         1.662386
247  |*i_0_0_201                       |            0.382140|             1.254107|           0.027858|         1.664106
248  |*i_0_0_202                       |            0.382212|             1.253354|           0.027858|         1.663424
249  |*i_0_0_203                       |            0.382217|             1.254091|           0.027858|         1.664166
250  |*i_0_0_204                       |            0.382208|             1.253672|           0.027858|         1.663738
251  |*i_0_0_178                       |            0.382196|             1.252928|           0.027858|         1.662982
252  |*i_0_0_206                       |            0.382196|             1.253020|           0.027858|         1.663075
253  |*i_0_0_179                       |            0.257564|             1.255943|           0.014353|         1.527860
254  |*i_0_0_180                       |            0.446130|             4.929515|           0.032612|         5.408257
255  |*i_0_0_181                       |            0.000000|             0.000004|           0.014353|         0.014357
256  |*i_0_0_182                       |            0.000001|             0.000010|           0.017393|         0.017404
257  |*i_0_0_183                       |            0.000000|             0.000005|           0.014353|         0.014358
258  |*i_0_0_184                       |            0.000001|             0.000018|           0.017393|         0.017413
259  |*i_0_0_185                       |            0.000000|             0.000010|           0.014353|         0.014363
260  |*i_0_0_186                       |            0.000002|             0.000036|           0.017393|         0.017432
261  |*i_0_0_187                       |            0.000000|             0.000020|           0.014353|         0.014373
262  |*i_0_0_188                       |            0.000005|             0.000073|           0.017393|         0.017471
263  |*i_0_0_189                       |            0.000008|             0.000040|           0.014353|         0.014401
264  |*i_0_0_190                       |            0.000009|             0.000146|           0.017393|         0.017549
265  |*i_0_0_205                       |            0.000015|             0.000081|           0.014353|         0.014449
266  |*i_0_0_207                       |            0.000018|             0.000292|           0.017393|         0.017704
267  |*i_0_0_221                       |            0.000030|             0.000162|           0.014353|         0.014546
268  |*i_0_0_222                       |            0.000037|             0.000584|           0.017393|         0.018015
269  |*i_0_0_223                       |            0.000061|             0.000324|           0.014353|         0.014738
270  |*i_0_0_224                       |            0.000074|             0.001169|           0.017393|         0.018636
271  |*i_0_0_225                       |            0.000255|             0.001359|           0.014353|         0.015967
272  |*i_0_0_226                       |            0.000309|             0.004901|           0.017393|         0.022604
273  |*i_0_0_227                       |            0.001068|             0.005690|           0.014353|         0.021112
274  |*i_0_0_228                       |            0.000619|             0.009790|           0.017393|         0.027802
275  |*i_0_0_229                       |            0.002129|             0.011341|           0.014353|         0.027824
276  |*i_0_0_230                       |            0.002618|             0.040908|           0.017393|         0.060919
277  |*i_0_0_231                       |            0.008835|             0.047056|           0.014353|         0.070245
278  |*i_0_0_232                       |            0.011316|             0.169739|           0.017393|         0.198448
279  |*i_0_0_233                       |            0.035967|             0.191552|           0.014353|         0.241872
280  |*i_0_0_234                       |            0.044728|             0.690955|           0.017393|         0.753077
281  |*i_0_0_235                       |            0.016120|             0.046184|           0.014353|         0.076658
282  |*i_0_0_236                       |            0.022113|             0.351386|           0.021200|         0.394698
283  |*i_0_0_237                       |            0.092637|             0.515825|           0.017393|         0.625855
284  |*i_0_0_208                       |            0.487888|            12.006700|           0.014353|        12.508941
285  |*i_0_0_209                       |            0.199062|             0.875066|           0.014353|         1.088480
286  |*i_0_0_210                       |            0.237733|             1.304719|           0.014353|         1.556806
287  |*i_0_0_211                       |            0.237551|             1.069587|           0.014353|         1.321491
288  |*i_0_0_212                       |            0.237556|             1.071360|           0.014353|         1.323269
289  |*i_0_0_213                       |            0.300556|             2.214210|           0.014353|         2.529119
290  |*i_0_0_214                       |            0.237693|             0.411671|           0.014353|         0.663717
291  |*i_0_0_215                       |            0.237693|             0.411671|           0.014353|         0.663717
292  |*i_0_0_216                       |            0.237693|             0.411671|           0.014353|         0.663717
293  |*i_0_0_217                       |            0.237693|             0.411671|           0.014353|         0.663717
294  |*i_0_0_218                       |            0.237693|             0.411671|           0.014353|         0.663717
295  |*i_0_0_219                       |            0.023444|             0.062519|           0.014353|         0.100317
296  |*i_0_0_253                       |            0.243113|             1.563468|           0.014353|         1.820935
297  |*i_0_0_254                       |            0.186981|             1.026180|           0.014353|         1.227514
298  |*i_0_0_255                       |            0.186981|             1.026180|           0.014353|         1.227514
299  |*i_0_0_256                       |            0.186981|             1.026180|           0.014353|         1.227514
300  |*i_0_0_257                       |            0.186981|             1.026180|           0.014353|         1.227514
301  |*i_0_0_258                       |            0.186981|             1.026180|           0.014353|         1.227514
302  |*i_0_0_259                       |            0.186981|             1.026180|           0.014353|         1.227514
303  |*i_0_0_260                       |            0.257544|             1.413446|           0.014353|         1.685344
304  |*i_0_0_220                       |            0.257495|             1.815920|           0.014353|         2.087768
305  |*i_0_0_238                       |            0.257560|             1.288085|           0.014353|         1.559998
306  |*i_0_0_239                       |            0.257560|             1.288085|           0.014353|         1.559998
307  |*i_0_0_240                       |            0.257560|             1.288085|           0.014353|         1.559998
308  |*i_0_0_241                       |            0.257560|             1.288085|           0.014353|         1.559998
309  |*i_0_0_242                       |            0.257560|             1.288085|           0.014353|         1.559998
310  |*i_0_0_243                       |            0.257477|             1.958057|           0.014353|         2.229887
311  |*i_0_0_244                       |            0.257552|             1.350136|           0.014353|         1.622041
312  |*i_0_0_245                       |            0.257348|             1.159333|           0.014353|         1.431035
313  |*i_0_0_246                       |            0.257469|             2.021203|           0.014353|         2.293025
314  |*i_0_0_247                       |            0.257562|             1.271079|           0.014353|         1.542994
315  |*i_0_0_248                       |            0.257558|             1.300328|           0.014353|         1.572240
316  |*i_0_0_249                       |            0.257558|             1.307066|           0.014353|         1.578976
317  |*i_0_0_250                       |            0.257077|             1.057791|           0.014353|         1.329222
318  |*i_0_0_275                       |            0.156921|             0.271083|           0.014353|         0.442356
319  |*i_0_0_276                       |            0.257478|             0.448470|           0.014353|         0.720301
320  |*i_0_0_251                       |            0.201036|             0.919802|           0.014353|         1.135191
321  |*i_0_0_252                       |            0.769790|             1.343903|           0.036441|         2.150134
322  |*i_0_0_261                       |            0.293283|             1.076084|           0.021200|         1.390566
323  |*i_0_0_262                       |            0.945249|             0.818397|           0.036441|         1.800087
324  |*i_0_0_263                       |            0.445658|             1.098770|           0.022619|         1.567047
325  |*i_0_0_264                       |            0.530436|             5.170779|           0.027858|         5.729073
326  |*i_0_0_265                       |            0.266948|             1.177010|           0.014353|         1.458311
327  |*i_0_0_266                       |            0.576510|             4.880755|           0.027858|         5.485124
328  |*i_0_0_267                       |            0.286101|             1.261457|           0.014353|         1.561911
329  |*i_0_0_268                       |            0.621801|             5.230935|           0.027858|         5.880595
330  |*i_0_0_269                       |            0.302179|             1.332346|           0.014353|         1.648878
331  |*i_0_0_270                       |            0.659434|             5.524894|           0.027858|         6.212186
332  |*i_0_0_271                       |            0.244029|             1.307406|           0.014353|         1.565788
333  |*i_0_0_272                       |            0.548137|            10.393762|           0.034026|        10.975925
334  |*i_0_0_273                       |            0.237556|             1.071360|           0.014353|         1.323269
335  |*i_0_0_274                       |            0.156433|             4.473536|           0.014353|         4.644321
336  |*i_0_0_277                       |            0.186946|             1.304573|           0.014353|         1.505872
337  |                                 |                    |                     |                   |                 
338  |*TOTAL                           |          216.132614|           527.347046|          10.975692|       754.455383
-----+---------------------------------+--------------------+---------------------+-------------------+-----------------
