Report for group default
------------------------------------------------------------------------------------------------------------------------------------------------------------
Startpoint: Q_reg[0]/Q
    (Clocked by sysclk R)
Endpoint: A_reg[14]/D
    (Clocked by sysclk R)
Path Group: default
Data required time: 1460.5
    (Clock shift: 1500.0, minus Uncertainty: 0.0, plus Latency 0.0, minus Setup time: 39.5)
Data arrival time: 1202.7
Slack: 257.8
Logic depth: 35
------------------------------------------------------------------------------------------------------------------------------------------------------------
                                                     Arrival               Arc      Net               Net    Total   fan-                                   
Path                     Module/Cell           Edge     Time    Delay    Delay    Delay     Slew     Load     Load    out     Location Power Domain      (V)
                                                        (ps)     (ps)     (ps)     (ps)     (ps)     (ff)     (ff)    (#)      (um,um)                      
------------------------------------------------------------------------------------------------------------------------------------------------------------
clk                      {create_clock}           r      0.0      0.0      0.0                        0.0      0.0      3    90,   46                       
clk_gate_A_reg/CK->GCK   CLKGATETST_X1           rr      0.0      0.0      0.0      0.0      0.0      0.0      0.0     38    45,   45  /PD_TOP        (1.10)
Q_reg[0]/CK->Q           DFF_X1*                 rr    156.4    156.4    156.4      0.0      0.0      2.6     53.7      8    45,   45  /PD_TOP        (1.10)
i_0_0_272/A2->ZN         OAI22_X4*               rf    207.9     51.5     51.4      0.1     15.3      5.2     66.9     14    45,   45  /PD_TOP        (1.10)
i_0_0_271/A->ZN          INV_X8                  fr    222.4     14.5     14.3      0.2     15.3      0.6      8.4      2    45,   45  /PD_TOP        (1.10)
i_0_0_62/A->ZN           OAI21_X4                rf    239.4     17.0     17.0      0.0      6.3      0.3      4.2      1    45,   45  /PD_TOP        (1.10)
i_0_0_61/A->ZN           AOI21_X4                fr    283.6     44.2     44.2      0.0      9.4      0.6      8.3      2    45,   45  /PD_TOP        (1.10)
i_0_0_60/B->Z            XOR2_X2                 rr    346.5     62.9     62.9      0.0     26.3      0.6      7.3      2    45,   45  /PD_TOP        (1.10)
i_0_0_59/A2->ZN          NOR2_X4                 rf    361.9     15.4     15.4      0.0     33.5      0.6      7.1      2    45,   45  /PD_TOP        (1.10)
i_0_0_58/A->ZN           AOI21_X4                fr    403.4     41.5     41.5      0.0      6.2      0.6      7.3      2    45,   45  /PD_TOP        (1.10)
i_0_0_56/A1->ZN          NOR2_X4                 rf    415.7     12.3     12.3      0.0     25.1      0.6      7.1      2    45,   45  /PD_TOP        (1.10)
i_0_0_55/A->ZN           AOI21_X4                fr    457.3     41.6     41.6      0.0      6.2      0.6      7.4      2    45,   45  /PD_TOP        (1.10)
i_0_0_54/A2->ZN          NOR2_X4                 rf    471.7     14.4     14.4      0.0     25.2      0.6      7.1      2    45,   45  /PD_TOP        (1.10)
i_0_0_53/A->ZN           AOI21_X4                fr    513.2     41.5     41.5      0.0      6.2      0.6      7.3      2    45,   45  /PD_TOP        (1.10)
i_0_0_51/A1->ZN          NOR2_X4                 rf    525.5     12.3     12.3      0.0     25.1      0.6      7.1      2    45,   45  /PD_TOP        (1.10)
i_0_0_50/A->ZN           AOI21_X4                fr    567.0     41.5     41.5      0.0      6.2      0.6      7.3      2    45,   45  /PD_TOP        (1.10)
i_0_0_48/A1->ZN          NOR2_X4                 rf    579.3     12.3     12.3      0.0     25.1      0.6      7.1      2    45,   45  /PD_TOP        (1.10)
i_0_0_47/A->ZN           AOI21_X4                fr    620.8     41.5     41.5      0.0      6.2      0.6      7.3      2    45,   45  /PD_TOP        (1.10)
i_0_0_45/A1->ZN          NOR2_X4                 rf    633.1     12.3     12.3      0.0     25.1      0.6      7.1      2    45,   45  /PD_TOP        (1.10)
i_0_0_44/A->ZN           AOI21_X4                fr    674.6     41.5     41.5      0.0      6.2      0.6      7.3      2    45,   45  /PD_TOP        (1.10)
i_0_0_42/A1->ZN          NOR2_X4                 rf    686.9     12.3     12.3      0.0     25.1      0.6      7.1      2    45,   45  /PD_TOP        (1.10)
i_0_0_41/A->ZN           AOI21_X4                fr    728.4     41.5     41.5      0.0      6.2      0.6      7.3      2    45,   45  /PD_TOP        (1.10)
i_0_0_39/A1->ZN          NOR2_X4                 rf    740.7     12.3     12.3      0.0     25.1      0.6      7.1      2    45,   45  /PD_TOP        (1.10)
i_0_0_38/A->ZN           AOI21_X4                fr    782.2     41.5     41.5      0.0      6.2      0.6      7.3      2    45,   45  /PD_TOP        (1.10)
i_0_0_36/A1->ZN          NOR2_X4                 rf    794.5     12.3     12.3      0.0     25.1      0.6      7.1      2    45,   45  /PD_TOP        (1.10)
i_0_0_35/A->ZN           AOI21_X4                fr    836.0     41.5     41.5      0.0      6.2      0.6      7.3      2    45,   45  /PD_TOP        (1.10)
i_0_0_33/A1->ZN          NOR2_X4                 rf    848.3     12.3     12.3      0.0     25.1      0.6      7.1      2    45,   45  /PD_TOP        (1.10)
i_0_0_32/A->ZN           AOI21_X4                fr    889.8     41.5     41.5      0.0      6.2      0.6      7.3      2    45,   45  /PD_TOP        (1.10)
i_0_0_30/A1->ZN          NOR2_X4                 rf    902.1     12.3     12.3      0.0     25.1      0.6      7.1      2    45,   45  /PD_TOP        (1.10)
i_0_0_29/A->ZN           AOI21_X4                fr    943.6     41.5     41.5      0.0      6.2      0.6      7.3      2    45,   45  /PD_TOP        (1.10)
i_0_0_27/A1->ZN          NOR2_X4                 rf    955.9     12.3     12.3      0.0     25.1      0.6      7.1      2    45,   45  /PD_TOP        (1.10)
i_0_0_26/A->ZN           AOI21_X4                fr    997.4     41.5     41.5      0.0      6.2      0.6      7.3      2    45,   45  /PD_TOP        (1.10)
i_0_0_25/A1->ZN          NOR2_X4                 rf   1009.7     12.3     12.3      0.0     25.1      0.6      7.1      2    45,   45  /PD_TOP        (1.10)
i_0_0_24/A->ZN           AOI21_X4*               fr   1078.6     68.9     68.9      0.0      6.2      0.6     29.9      2    45,   45  /PD_TOP        (1.10)
i_0_0_23/A->ZN           INV_X8                  rf   1088.2      9.6      9.6      0.0     15.3      1.0     13.0      3    45,   45  /PD_TOP        (1.10)
i_0_0_19/A1->ZN          AOI22_X4*               fr   1148.3     60.1     60.1      0.0      4.4      0.7     28.5      2    45,   45  /PD_TOP        (1.10)
i_0_0_18/A->ZN           INV_X8                  rf   1154.8      6.5      6.5      0.0     15.3      0.3      2.9      1    45,   45  /PD_TOP        (1.10)
i_0_0_17/C2->ZN          AOI221_X2               fr   1202.7     47.9     47.9      0.0      3.3      0.4      1.5      1    45,   45  /PD_TOP        (1.10)
A_reg[14]/D              DFF_X1                   r   1202.7      0.0               0.0     38.2                             45,   45  /PD_TOP        (1.10)
------------------------------------------------------------------------------------------------------------------------------------------------------------
Report for group I2R
------------------------------------------------------------------------------------------------------------------------------------------------------------
Startpoint: start
    (Clocked by rtDefaultClock R)
Endpoint: Q_reg[16]/D
    (Clocked by sysclk R)
Path Group: I2R
Data required time: 1469.6
    (Clock shift: 1500.0, minus Uncertainty: 0.0, plus Latency 0.0, minus Setup time: 30.4)
Data arrival time: 914.6
Slack: 555.0
Logic depth: 5
------------------------------------------------------------------------------------------------------------------------------------------------------------
                                                     Arrival               Arc      Net               Net    Total   fan-                                   
Path                     Module/Cell           Edge     Time    Delay    Delay    Delay     Slew     Load     Load    out     Location Power Domain      (V)
                                                        (ps)     (ps)     (ps)     (ps)     (ps)     (ff)     (ff)    (#)      (um,um)                      
------------------------------------------------------------------------------------------------------------------------------------------------------------
start                    {set_input_delay}        f    700.0    700.0    700.0                        3.1     12.9      3    45,    0                       
i_0_0_119/B1->ZN         AOI21_X4*               fr    813.6    113.6    113.3      0.3    100.0      3.4     66.4     10    45,   45  /PD_TOP        (1.10)
i_0_0_118/A->ZN          INV_X32                 rf    827.4     13.8     13.7      0.1     15.3     10.6    104.7     31    45,   45  /PD_TOP        (1.10)
i_0_0_152/A->ZN          AOI21_X4                fr    865.8     38.4     38.0      0.4      6.6      0.3      4.5      1    45,   45  /PD_TOP        (1.10)
i_0_0_151/B2->ZN         AOI22_X4                rf    901.7     35.9     35.9      0.0     21.8      0.3     25.8      1    45,   45  /PD_TOP        (1.10)
i_0_0_150/A->ZN          INV_X4                  fr    914.6     12.9     12.9      0.0     21.8      0.3      1.4      1    45,   45  /PD_TOP        (1.10)
Q_reg[16]/D              DFF_X1                   r    914.6      0.0               0.0      4.8                             45,   45  /PD_TOP        (1.10)
------------------------------------------------------------------------------------------------------------------------------------------------------------
Report for group I2O
Report for group R2O
------------------------------------------------------------------------------------------------------------------------------------------------------------
Startpoint: Q_reg[9]/Q
    (Clocked by sysclk R)
Endpoint: overflow_flag
    (Clocked by vsysclk R)
Path Group: R2O
Data required time: 1350.0
    (Clock shift: 1500.0, minus Uncertainty: 0.0, plus Latency 0.0, minus Out delay: 150.0)
Data arrival time: 936.4
Slack: 413.6
Logic depth: 33
------------------------------------------------------------------------------------------------------------------------------------------------------------
                                                     Arrival               Arc      Net               Net    Total   fan-                                   
Path                     Module/Cell           Edge     Time    Delay    Delay    Delay     Slew     Load     Load    out     Location Power Domain      (V)
                                                        (ps)     (ps)     (ps)     (ps)     (ps)     (ff)     (ff)    (#)      (um,um)                      
------------------------------------------------------------------------------------------------------------------------------------------------------------
clk                      {create_clock}           r      0.0      0.0      0.0                        0.0      0.0      3    90,   46                       
clk_gate_A_reg/CK->GCK   CLKGATETST_X1           rr      0.0      0.0      0.0      0.0      0.0      0.0      0.0     38    45,   45  /PD_TOP        (1.10)
Q_reg[9]/CK->Q           DFF_X1                  rr    140.2    140.2    140.2      0.0      0.0      0.3     25.7      1    45,   45  /PD_TOP        (1.10)
i_0_0_253/A->ZN          INV_X8                  rf    150.6     10.4     10.4      0.0     61.6      0.9     13.1      3    45,   45  /PD_TOP        (1.10)
i_0_0_236/A1->ZN         NOR2_X4*                fr    205.7     55.1     55.1      0.0      4.5      0.8     34.1      3    45,   45  /PD_TOP        (1.10)
i_0_0_234/A2->ZN         NAND2_X4*               rf    235.8     30.1     30.1      0.0     15.3      0.6     30.2      2    45,   45  /PD_TOP        (1.10)
i_0_0_233/A->ZN          INV_X8                  fr    250.1     14.3     14.3      0.0     15.3      0.6      8.4      2    45,   45  /PD_TOP        (1.10)
i_0_0_232/A2->ZN         NAND2_X4*               rf    277.3     27.2     27.2      0.0      6.3      0.6     30.2      2    45,   45  /PD_TOP        (1.10)
i_0_0_231/A->ZN          INV_X8                  fr    291.6     14.3     14.3      0.0     15.3      0.6      8.4      2    45,   45  /PD_TOP        (1.10)
i_0_0_230/A2->ZN         NAND2_X4*               rf    318.8     27.2     27.2      0.0      6.3      0.6     30.2      2    45,   45  /PD_TOP        (1.10)
i_0_0_229/A->ZN          INV_X8                  fr    333.1     14.3     14.3      0.0     15.3      0.6      8.4      2    45,   45  /PD_TOP        (1.10)
i_0_0_228/A2->ZN         NAND2_X4*               rf    360.3     27.2     27.2      0.0      6.3      0.6     30.2      2    45,   45  /PD_TOP        (1.10)
i_0_0_227/A->ZN          INV_X8                  fr    374.6     14.3     14.3      0.0     15.3      0.6      8.4      2    45,   45  /PD_TOP        (1.10)
i_0_0_226/A2->ZN         NAND2_X4*               rf    401.8     27.2     27.2      0.0      6.3      0.6     30.2      2    45,   45  /PD_TOP        (1.10)
i_0_0_225/A->ZN          INV_X8                  fr    416.1     14.3     14.3      0.0     15.3      0.6      8.4      2    45,   45  /PD_TOP        (1.10)
i_0_0_224/A2->ZN         NAND2_X4*               rf    443.3     27.2     27.2      0.0      6.3      0.6     30.2      2    45,   45  /PD_TOP        (1.10)
i_0_0_223/A->ZN          INV_X8                  fr    457.6     14.3     14.3      0.0     15.3      0.6      8.4      2    45,   45  /PD_TOP        (1.10)
i_0_0_222/A2->ZN         NAND2_X4*               rf    484.8     27.2     27.2      0.0      6.3      0.6     30.2      2    45,   45  /PD_TOP        (1.10)
i_0_0_221/A->ZN          INV_X8                  fr    499.1     14.3     14.3      0.0     15.3      0.6      8.4      2    45,   45  /PD_TOP        (1.10)
i_0_0_207/A2->ZN         NAND2_X4*               rf    526.3     27.2     27.2      0.0      6.3      0.6     30.2      2    45,   45  /PD_TOP        (1.10)
i_0_0_205/A->ZN          INV_X8                  fr    540.6     14.3     14.3      0.0     15.3      0.6      8.4      2    45,   45  /PD_TOP        (1.10)
i_0_0_190/A2->ZN         NAND2_X4*               rf    567.8     27.2     27.2      0.0      6.3      0.6     30.2      2    45,   45  /PD_TOP        (1.10)
i_0_0_189/A->ZN          INV_X8                  fr    582.1     14.3     14.3      0.0     15.3      0.6      8.4      2    45,   45  /PD_TOP        (1.10)
i_0_0_188/A2->ZN         NAND2_X4*               rf    609.3     27.2     27.2      0.0      6.3      0.6     30.2      2    45,   45  /PD_TOP        (1.10)
i_0_0_187/A->ZN          INV_X8                  fr    623.6     14.3     14.3      0.0     15.3      0.6      8.4      2    45,   45  /PD_TOP        (1.10)
i_0_0_186/A2->ZN         NAND2_X4*               rf    650.8     27.2     27.2      0.0      6.3      0.6     30.2      2    45,   45  /PD_TOP        (1.10)
i_0_0_185/A->ZN          INV_X8                  fr    665.1     14.3     14.3      0.0     15.3      0.6      8.4      2    45,   45  /PD_TOP        (1.10)
i_0_0_184/A2->ZN         NAND2_X4*               rf    692.3     27.2     27.2      0.0      6.3      0.6     30.2      2    45,   45  /PD_TOP        (1.10)
i_0_0_183/A->ZN          INV_X8                  fr    706.6     14.3     14.3      0.0     15.3      0.6      8.4      2    45,   45  /PD_TOP        (1.10)
i_0_0_182/A2->ZN         NAND2_X4*               rf    736.6     30.0     30.0      0.0      6.3      0.9     34.9      3    45,   45  /PD_TOP        (1.10)
i_0_0_181/A->ZN          INV_X8                  fr    753.0     16.4     16.4      0.0     15.3      1.0     13.2      3    45,   45  /PD_TOP        (1.10)
i_0_0_174/A2->ZN         NAND3_X4                rf    772.4     19.4     19.4      0.0      7.5      0.3      3.7      1    45,   45  /PD_TOP        (1.10)
i_0_0_168/B->Z           XOR2_X2                 ff    834.8     62.4     62.4      0.0     10.5      0.6      8.4      2    45,   45  /PD_TOP        (1.10)
i_0_0_156/A->ZN          AOI21_X4                fr    876.4     41.6     41.6      0.0     14.8      0.3      4.4      1    45,   45  /PD_TOP        (1.10)
i_0_0_121/A2->ZN         OAI22_X4                rf    899.9     23.5     23.5      0.0     21.7      0.3      4.5      1    45,   45  /PD_TOP        (1.10)
i_0_0_120/B2->ZN         AOI21_X4                fr    936.1     36.2     36.2      0.0     11.0      2.6      7.6      1    45,   45  /PD_TOP        (1.10)
overflow_flag                                     r    936.4      0.3               0.3     25.5                             47,    0                       
------------------------------------------------------------------------------------------------------------------------------------------------------------
