Report Physical info: 
------------------------+-------------+-----------+------------
                        |             |Area (squm)|Leakage (uW)
------------------------+-------------+-----------+------------
Design Name             |Main_Euler   |           |            
  Total Instances       |         2448|       4383|      89.881
    Macros              |            0|          0|       0.000
    Pads                |            0|          0|       0.000
    Phys                |            0|          0|       0.000
    Blackboxes          |            0|          0|       0.000
    Cells               |         2448|       4383|      89.881
      Buffers           |            0|          0|       0.000
      Inverters         |          275|        146|       3.947
      Clock-Gates       |           11|         44|       0.651
      Combinational     |         1750|       2330|      52.690
      Latches           |            0|          0|       0.000
      FlipFlops         |          412|       1863|      32.594
       Single-Bit FF    |          412|       1863|      32.594
       Multi-Bit FF     |            0|          0|       0.000
       Clock-Gated      |          239|           |            
       Bits             |          412|       1863|      32.594
         Load-Enabled   |            0|           |            
         Clock-Gated    |          239|           |            
  Tristate Pin Count    |            0|           |            
Physical Info           |Placed       |           |            
  Chip Size (mm x mm)   |0.145 x 0.145|      21162|            
  Fixed Cell Area       |             |          0|            
    Phys Only           |            0|          0|            
  Placeable Area        |             |       7285|            
  Movable Cell Area     |             |       4383|            
  Utilization (%)       |           60|           |            
  Chip Utilization (%)  |           60|           |            
  Total Wire Length (mm)|       13.496|           |            
  Longest Wire (mm)     |        0.136|           |            
  Average Wire (mm)     |        0.057|           |            
------------------------+-------------+-----------+------------
