warning: No library characterized for (process = 1.00 voltage = 0.85 temperature = 25.00) can be found in the database for power domain '/PD_TOP'  [NL-174]
Report Power (instances with prefix '*' are included in total) : 
-----+--------------+--------------------+---------------------+-------------------+-----------------
     | Instance     | Internal Power(uw) | Switching Power(uw) | Leakage Power(uw) | Total Power(uw) 
-----+--------------+--------------------+---------------------+-------------------+-----------------
1    |*pipeline2    |          735.733704|          1034.282959|          33.621788|      1803.638428
2    |*pipeline1    |          735.724915|          1032.643188|          33.621788|      1801.989868
3    |*join_pipe    |          306.038696|           490.933990|          20.767357|       817.740051
4    |*count_cloumns|           12.330633|            29.881830|           1.094477|        43.306938
5    |*if_end_of_op |            5.093866|             4.526261|           0.263050|         9.883178
6    |*DONE_reg     |            1.386567|             3.596511|           0.079112|         5.062191
7    |*error_reg    |            1.663242|             1.998656|           0.079112|         3.741010
8    |*finish_reg   |            1.637938|             8.085453|           0.079112|         9.802504
9    |*i_0_0_0      |            0.294700|             0.166684|           0.027858|         0.489242
10   |*i_0_0_1      |            0.425479|             0.326352|           0.035928|         0.787759
11   |*i_0_0_2      |            0.318894|             0.184173|           0.027858|         0.530925
12   |*i_0_0_3      |            0.307256|             0.453018|           0.018105|         0.778378
13   |*i_0_0_4      |            0.005769|             0.019410|           0.017393|         0.042573
14   |*i_0_0_5      |            0.368254|             1.222442|           0.026832|         1.617527
15   |*i_0_0_7      |            0.141560|             0.081290|           0.021200|         0.244049
16   |*i_0_0_8      |            0.271193|             0.403815|           0.022619|         0.697627
17   |*i_0_0_9      |            0.200211|             0.619395|           0.017393|         0.836999
18   |*i_0_0_10     |            0.243303|             0.000000|           0.014353|         0.257656
19   |*i_0_0_6      |            1.392684|            55.674805|           0.017393|        57.084881
20   |*i_0_0_11     |            9.637429|             1.316520|           0.014353|        10.968302
21   |*i_0_0_12     |            0.181304|             0.522689|           0.014353|         0.718346
22   |              |                    |                     |                   |                 
23   |*TOTAL        |         1813.397217|          2666.939941|          89.881416|      4570.218262
-----+--------------+--------------------+---------------------+-------------------+-----------------
