warning: No library characterized for (process = 1.00 voltage = 0.85 temperature = 25.00) can be found in the database for power domain '/PD_TOP'  [NL-174]
Report Power (instances with prefix '*' are included in total) : 
-----+----------+--------------------+---------------------+-------------------+-----------------
     | Instance | Internal Power(uw) | Switching Power(uw) | Leakage Power(uw) | Total Power(uw) 
-----+----------+--------------------+---------------------+-------------------+-----------------
1    |*i_0_0_0  |            1.719710|             2.585380|           0.036164|         4.341253
2    |*i_0_0_1  |            1.744296|             1.023315|           0.036441|         2.804052
3    |*i_0_0_2  |            0.991098|             1.190989|           0.022619|         2.204707
4    |*i_0_0_3  |            1.426132|             2.183105|           0.036441|         3.645678
5    |*i_0_0_4  |            1.559918|             2.181217|           0.036441|         3.777576
6    |*i_0_0_5  |            1.529414|             2.181746|           0.036164|         3.747324
7    |*i_0_0_6  |            1.508517|             2.179630|           0.036164|         3.724310
8    |*i_0_0_7  |            1.503430|             2.187261|           0.036164|         3.726855
9    |*i_0_0_8  |            1.504101|             2.185941|           0.036164|         3.726206
10   |*i_0_0_9  |            1.505896|             2.187340|           0.036164|         3.729400
11   |*i_0_0_10 |            1.502702|             2.185985|           0.036164|         3.724850
12   |*i_0_0_11 |            1.506674|             2.187194|           0.036164|         3.730032
13   |*i_0_0_12 |            1.502259|             2.185828|           0.036164|         3.724252
14   |*i_0_0_13 |            1.495662|             2.186002|           0.036164|         3.717828
15   |*i_0_0_14 |            1.502114|             2.184633|           0.036164|         3.722911
16   |*i_0_0_15 |            1.495777|             2.192171|           0.036164|         3.724112
17   |*i_0_0_16 |            1.502100|             2.190801|           0.036164|         3.729064
18   |*i_0_0_17 |            1.552291|             2.192172|           0.036441|         3.780903
19   |*i_0_0_18 |            0.666560|             1.181880|           0.021200|         1.869639
20   |*i_0_0_19 |            0.666081|             1.002181|           0.017393|         1.685656
21   |*i_0_0_20 |            1.274691|             1.107470|           0.025066|         2.407227
22   |*i_0_0_21 |            0.674203|             1.050243|           0.021200|         1.745646
23   |*i_0_0_22 |            1.228983|             1.055390|           0.022695|         2.307068
24   |*i_0_0_23 |            0.667250|             1.102052|           0.017393|         1.786695
25   |*i_0_0_24 |            1.274691|             1.107470|           0.025066|         2.407227
26   |*i_0_0_25 |            0.674174|             1.050201|           0.021200|         1.745574
27   |*i_0_0_26 |            1.228983|             1.055390|           0.022695|         2.307068
28   |*i_0_0_27 |            0.667199|             1.101973|           0.017393|         1.786566
29   |*i_0_0_28 |            1.274691|             1.107470|           0.025066|         2.407227
30   |*i_0_0_29 |            0.674080|             1.050068|           0.021200|         1.745347
31   |*i_0_0_30 |            1.232190|             1.107470|           0.022695|         2.362354
32   |*i_0_0_31 |            0.666436|             1.049915|           0.017393|         1.733745
33   |*i_0_0_32 |            1.274691|             1.107470|           0.025066|         2.407227
34   |*i_0_0_33 |            0.673783|             1.049644|           0.021200|         1.744626
35   |*i_0_0_34 |            1.232190|             1.107470|           0.022695|         2.362354
36   |*i_0_0_35 |            0.665922|             1.049157|           0.017393|         1.732472
37   |*i_0_0_40 |            1.274691|             1.107470|           0.025066|         2.407227
38   |*i_0_0_41 |            0.672828|             1.048278|           0.021200|         1.742306
39   |*i_0_0_42 |            1.232190|             1.107470|           0.022695|         2.362354
40   |*i_0_0_43 |            0.664250|             1.046675|           0.017393|         1.728318
41   |*i_0_0_44 |            1.274691|             1.107470|           0.025066|         2.407227
42   |*i_0_0_45 |            0.673942|             1.043696|           0.021200|         1.738838
43   |*i_0_0_46 |            1.230729|             1.108015|           0.022695|         2.361439
44   |*i_0_0_47 |            0.657138|             1.067006|           0.017393|         1.741538
45   |*i_0_0_48 |            1.266604|             1.007581|           0.025066|         2.299251
46   |*i_0_0_49 |            2.504994|             2.137367|           0.017393|         4.659756
47   |*i_0_0_50 |            3.349746|             1.206246|           0.022619|         4.578612
48   |*i_0_0_51 |            3.655761|             2.073245|           0.014353|         5.743359
49   |*i_0_0_52 |            2.522330|             7.382139|           0.017393|         9.921861
50   |*i_0_0_53 |            3.172586|             1.115472|           0.018105|         4.306163
51   |*i_0_0_54 |            3.771172|             2.137367|           0.014353|         5.922892
52   |*i_0_0_55 |            2.580573|             7.615240|           0.017393|        10.213206
53   |*i_0_0_56 |            3.373811|             2.406652|           0.022619|         5.803082
54   |*i_0_0_36 |            2.516240|             2.168397|           0.017393|         4.702031
55   |*i_0_0_37 |            3.022966|             1.074318|           0.022619|         4.119904
56   |*i_0_0_38 |            0.465408|             1.255854|           0.014353|         1.735615
57   |*i_0_0_39 |            2.211980|             0.779114|           0.018105|         3.009199
58   |*i_0_0_57 |            3.532942|             2.499923|           0.014353|         6.047218
59   |*i_0_0_58 |            3.418796|            11.466566|           0.027858|        14.913220
60   |*i_0_0_59 |            3.475996|             2.491493|           0.022619|         5.990108
61   |*i_0_0_60 |            3.351438|             2.624611|           0.027858|         6.003908
62   |*i_0_0_61 |            3.476086|             2.491567|           0.022619|         5.990273
63   |*i_0_0_62 |            3.351625|             2.624751|           0.027858|         6.004234
64   |*i_0_0_63 |            3.476369|             2.491803|           0.022619|         5.990792
65   |*i_0_0_64 |            3.352216|             2.625192|           0.027858|         6.005267
66   |*i_0_0_65 |            3.477262|             2.492545|           0.022619|         5.992426
67   |*i_0_0_66 |            3.354074|             2.626574|           0.027858|         6.008505
68   |*i_0_0_67 |            3.480045|             2.494855|           0.022619|         5.997519
69   |*i_0_0_68 |            3.359828|             2.630824|           0.027858|         6.018509
70   |*i_0_0_69 |            3.513570|             2.501801|           0.022619|         6.037991
71   |*i_0_0_70 |            3.257391|             2.606568|           0.027858|         5.891817
72   |*i_0_0_71 |            2.545142|             2.438881|           0.017393|         5.001417
73   |*i_0_0_72 |            3.794686|             2.427510|           0.014353|         6.236548
74   |*i_0_0_73 |            2.624024|             7.652449|           0.017393|        10.293866
75   |*i_0_0_74 |            3.666561|             0.951967|           0.017393|         4.635922
76   |*i_0_0_75 |            2.672577|             1.877906|           0.017393|         4.567877
77   |*i_0_0_76 |            9.447135|             2.522615|           0.014353|        11.984103
78   |*i_0_0_77 |            3.501291|             1.614395|           0.018105|         5.133790
79   |*i_0_0_78 |            1.793707|             2.279002|           0.017393|         4.090102
80   |*i_0_0_79 |            2.535259|             1.202996|           0.017393|         3.755649
81   |*i_0_0_80 |            0.800723|             2.020038|           0.017393|         2.838155
82   |*i_0_0_81 |            1.946970|             1.875177|           0.017393|         3.839541
83   |*i_0_0_82 |            1.047336|             1.219088|           0.014353|         2.280778
84   |*i_0_0_83 |            1.043735|             1.266286|           0.014353|         2.324375
85   |*i_0_0_84 |            2.378993|             1.382884|           0.027858|         3.789735
86   |*i_0_0_85 |            0.396607|             2.737488|           0.014353|         3.148448
87   |*i_0_0_86 |            0.768405|             6.293705|           0.018105|         7.080215
88   |*i_0_0_87 |            2.666643|             2.057529|           0.017393|         4.741566
89   |*i_0_0_88 |            1.047336|             1.219088|           0.014353|         2.280778
90   |*i_0_0_89 |            0.650528|             1.940115|           0.017393|         2.608036
91   |*i_0_0_90 |            0.942655|             2.686486|           0.014353|         3.643494
92   |*i_0_0_91 |            2.681278|             1.532731|           0.017393|         4.231403
93   |*i_0_0_92 |            3.848514|             2.500390|           0.022695|         6.371600
94   |*i_0_0_93 |            7.386004|             1.952845|           0.014353|         9.353202
95   |*i_0_0_94 |            3.334051|             7.774171|           0.036441|        11.144663
96   |*i_0_0_95 |            1.967984|             1.508422|           0.021200|         3.497606
97   |*i_0_0_96 |            2.903733|             2.539119|           0.014353|         5.457204
98   |*i_0_0_97 |            2.018535|             5.830437|           0.017393|         7.866364
99   |*i_0_0_98 |            7.299753|             2.581403|           0.014353|         9.895508
100  |*i_0_0_99 |            3.059798|             7.774171|           0.036441|        10.870411
101  |*i_0_0_100|            0.947347|             2.605487|           0.014353|         3.567187
102  |*i_0_0_101|            0.659817|             1.532731|           0.017393|         2.209941
103  |*i_0_0_102|            1.069112|             2.500390|           0.022695|         3.592197
104  |*i_0_0_103|            0.772298|             1.952845|           0.014353|         2.739496
105  |*i_0_0_104|            1.646188|             7.774171|           0.036441|         9.456800
106  |*i_0_0_105|            0.520637|             1.508422|           0.021200|         2.050259
107  |*i_0_0_106|            0.363454|             2.539119|           0.014353|         2.916927
108  |*i_0_0_107|            0.516756|             5.830437|           0.017393|         6.364586
109  |*i_0_0_108|            0.743685|             2.581403|           0.014353|         3.339441
110  |*i_0_0_109|            1.527081|             7.774171|           0.036441|         9.337693
111  |*i_0_0_110|            0.947347|             2.605487|           0.014353|         3.567187
112  |*i_0_0_111|            0.659817|             1.532731|           0.017393|         2.209941
113  |*i_0_0_112|            1.069112|             2.500390|           0.022695|         3.592197
114  |*i_0_0_113|            0.772298|             1.952845|           0.014353|         2.739496
115  |*i_0_0_114|            1.646188|             7.774171|           0.036441|         9.456800
116  |*i_0_0_115|            0.520637|             1.508422|           0.021200|         2.050259
117  |*i_0_0_116|            0.363454|             2.539119|           0.014353|         2.916927
118  |*i_0_0_117|            0.516756|             5.830437|           0.017393|         6.364586
119  |*i_0_0_118|            0.743685|             2.581403|           0.014353|         3.339441
120  |*i_0_0_119|            1.527081|             7.774171|           0.036441|         9.337693
121  |*i_0_0_120|            0.947347|             2.605487|           0.014353|         3.567187
122  |*i_0_0_121|            0.659817|             1.532731|           0.017393|         2.209941
123  |*i_0_0_122|            1.069112|             2.500390|           0.022695|         3.592197
124  |*i_0_0_123|            0.772298|             1.952845|           0.014353|         2.739496
125  |*i_0_0_124|            1.646188|             7.774171|           0.036441|         9.456800
126  |*i_0_0_125|            0.520637|             1.508422|           0.021200|         2.050259
127  |*i_0_0_126|            0.363454|             2.539119|           0.014353|         2.916927
128  |*i_0_0_127|            0.516756|             5.830437|           0.017393|         6.364586
129  |*i_0_0_128|            0.743685|             2.581403|           0.014353|         3.339441
130  |*i_0_0_129|            1.527081|             7.774171|           0.036441|         9.337693
131  |*i_0_0_130|            0.947347|             2.605487|           0.014353|         3.567187
132  |*i_0_0_131|            0.659817|             1.532731|           0.017393|         2.209941
133  |*i_0_0_132|            1.069112|             2.500390|           0.022695|         3.592197
134  |*i_0_0_133|            0.772298|             1.952845|           0.014353|         2.739496
135  |*i_0_0_134|            1.646188|             7.774171|           0.036441|         9.456800
136  |*i_0_0_135|            0.520637|             1.508422|           0.021200|         2.050259
137  |*i_0_0_136|            0.363454|             2.539119|           0.014353|         2.916927
138  |*i_0_0_137|            0.516756|             5.830437|           0.017393|         6.364586
139  |*i_0_0_138|            0.743685|             2.581403|           0.014353|         3.339441
140  |*i_0_0_139|            1.527081|             7.774171|           0.036441|         9.337693
141  |*i_0_0_140|            8.745209|             7.602495|           0.014353|        16.362057
142  |*i_0_0_141|            0.947347|             2.605487|           0.014353|         3.567187
143  |*i_0_0_142|            0.659817|             1.532731|           0.017393|         2.209941
144  |*i_0_0_143|            1.069112|             2.500390|           0.022695|         3.592197
145  |*i_0_0_144|            0.772298|             1.952845|           0.014353|         2.739496
146  |*i_0_0_145|            1.646188|             7.774171|           0.036441|         9.456800
147  |*i_0_0_146|            0.365324|             1.969727|           0.014353|         2.349404
148  |*i_0_0_147|            0.593957|             5.830437|           0.017393|         6.441787
149  |*i_0_0_148|            0.356578|             2.132915|           0.014353|         2.503846
150  |*i_0_0_149|            0.543154|             9.795403|           0.021200|        10.359757
151  |*i_0_0_150|            0.743685|             2.581403|           0.014353|         3.339441
152  |*i_0_0_151|            1.646188|             7.774171|           0.036441|         9.456800
153  |*i_0_0_152|            0.671083|             9.013267|           0.017393|         9.701743
154  |*i_0_0_153|            0.372792|             3.867559|           0.014353|         4.254704
155  |*i_0_0_154|            0.567056|             5.830437|           0.021200|         6.418692
156  |*i_0_0_155|            0.645625|             2.866552|           0.017393|         3.529571
157  |          |                    |                     |                   |                 
158  |*TOTAL    |          269.922150|           446.383636|           3.459095|       719.764893
-----+----------+--------------------+---------------------+-------------------+-----------------
