Report Physical info: 
------------------------+-------------+-----------+------------
                        |             |Area (squm)|Leakage (uW)
------------------------+-------------+-----------+------------
Design Name             |multiplier   |           |            
  Total Instances       |          335|        518|      10.848
    Macros              |            0|          0|       0.000
    Pads                |            0|          0|       0.000
    Phys                |            0|          0|       0.000
    Blackboxes          |            0|          0|       0.000
    Cells               |          335|        518|      10.848
      Buffers           |            0|          0|       0.000
      Inverters         |           68|         36|       0.976
      Clock-Gates       |            2|          8|       0.118
      Combinational     |          210|        226|       5.403
      Latches           |            0|          0|       0.000
      FlipFlops         |           55|        249|       4.351
       Single-Bit FF    |           55|        249|       4.351
       Multi-Bit FF     |            0|          0|       0.000
       Clock-Gated      |           54|           |            
       Bits             |           55|        249|       4.351
         Load-Enabled   |            0|           |            
         Clock-Gated    |           54|           |            
  Tristate Pin Count    |            0|           |            
Physical Info           |Placed       |           |            
  Chip Size (mm x mm)   |0.099 x 0.099|       9880|            
  Fixed Cell Area       |             |          0|            
    Phys Only           |            0|          0|            
  Placeable Area        |             |       1542|            
  Movable Cell Area     |             |        518|            
  Utilization (%)       |           33|           |            
  Chip Utilization (%)  |           33|           |            
  Total Wire Length (mm)|        2.677|           |            
  Longest Wire (mm)     |        0.052|           |            
  Average Wire (mm)     |        0.051|           |            
------------------------+-------------+-----------+------------
