warning: No library characterized for (process = 1.00 voltage = 0.85 temperature = 25.00) can be found in the database for power domain '/PD_TOP'  [NL-174]
Report Power (instances with prefix '*' are included in total) : 
-----+---------------------------------+--------------------+---------------------+-------------------+-----------------
     | Instance                        | Internal Power(uw) | Switching Power(uw) | Leakage Power(uw) | Total Power(uw) 
-----+---------------------------------+--------------------+---------------------+-------------------+-----------------
1    |*finish_reg                      |            0.211854|             0.504227|           0.079112|         0.795193
2    |*A_reg[14]                       |            2.307444|             2.123786|           0.079112|         4.510343
3    |*A_reg[13]                       |            2.309968|             2.347098|           0.079112|         4.736178
4    |*A_reg[12]                       |            2.313984|             5.312880|           0.079112|         7.705976
5    |*A_reg[11]                       |            2.310930|             2.432323|           0.079112|         4.822365
6    |*A_reg[10]                       |            2.313838|             4.861475|           0.079112|         7.254425
7    |*A_reg[9]                        |            2.314022|             5.602270|           0.079112|         7.995405
8    |*A_reg[8]                        |            2.313988|             5.349249|           0.079112|         7.742351
9    |*A_reg[7]                        |            2.314024|             5.621059|           0.079112|         8.014196
10   |*A_reg[6]                        |            2.313902|             4.926949|           0.079112|         7.319963
11   |*A_reg[5]                        |            2.314020|             5.590618|           0.079112|         7.983751
12   |*A_reg[4]                        |            2.313856|             4.879963|           0.079112|         7.272932
13   |*A_reg[3]                        |            2.314020|             5.590618|           0.079112|         7.983751
14   |*A_reg[2]                        |            2.314020|             5.590618|           0.079112|         7.983751
15   |*A_reg[1]                        |            2.314020|             5.590618|           0.079112|         7.983751
16   |*A_reg[0]                        |            2.313856|             4.879963|           0.079112|         7.272932
17   |*clk_gate_multiplicand_buffer_reg|            1.681538|             0.000000|           0.059138|         1.740676
18   |*multiplicand_buffer_reg[15]     |            2.122626|             1.312487|           0.079112|         3.514224
19   |*multiplicand_buffer_reg[14]     |            2.121615|             1.223074|           0.079112|         3.423802
20   |*multiplicand_buffer_reg[13]     |            2.119159|             1.103107|           0.079112|         3.301378
21   |*multiplicand_buffer_reg[12]     |            2.119159|             1.103107|           0.079112|         3.301378
22   |*multiplicand_buffer_reg[11]     |            2.121615|             1.223074|           0.079112|         3.423802
23   |*multiplicand_buffer_reg[10]     |            2.121338|             1.198557|           0.079112|         3.399007
24   |*multiplicand_buffer_reg[9]      |            2.119159|             1.103107|           0.079112|         3.301378
25   |*multiplicand_buffer_reg[8]      |            2.119159|             1.103107|           0.079112|         3.301378
26   |*multiplicand_buffer_reg[7]      |            2.119159|             1.103107|           0.079112|         3.301378
27   |*multiplicand_buffer_reg[6]      |            2.118727|             1.091550|           0.079112|         3.289389
28   |*multiplicand_buffer_reg[5]      |            2.121615|             1.223074|           0.079112|         3.423802
29   |*multiplicand_buffer_reg[4]      |            2.130347|             1.995665|           0.079112|         4.205124
30   |*multiplicand_buffer_reg[3]      |            2.135926|             4.563951|           0.079112|         6.778989
31   |*multiplicand_buffer_reg[2]      |            2.135262|             3.892211|           0.079112|         6.106586
32   |*multiplicand_buffer_reg[1]      |            2.127992|             1.787340|           0.079112|         3.994445
33   |*multiplicand_buffer_reg[0]      |            2.126665|             1.669907|           0.079112|         3.875684
34   |*Q_reg[16]                       |            2.313856|             4.879963|           0.079112|         7.272932
35   |*Q_reg[15]                       |            1.679890|             3.542917|           0.079112|         5.301919
36   |*Q_reg[14]                       |            1.679890|             3.542917|           0.079112|         5.301919
37   |*Q_reg[13]                       |            1.679890|             3.542917|           0.079112|         5.301919
38   |*Q_reg[12]                       |            1.679890|             3.542917|           0.079112|         5.301919
39   |*Q_reg[11]                       |            1.679890|             3.542917|           0.079112|         5.301919
40   |*Q_reg[10]                       |            1.679890|             3.542917|           0.079112|         5.301919
41   |*Q_reg[9]                        |            1.679414|             3.061280|           0.079112|         4.819806
42   |*Q_reg[8]                        |            1.675025|             1.523296|           0.079112|         3.277432
43   |*Q_reg[7]                        |            1.675274|             1.545349|           0.079112|         3.299735
44   |*Q_reg[6]                        |            1.653891|             0.523720|           0.079112|         2.256723
45   |*Q_reg[5]                        |            1.653891|             0.523720|           0.079112|         2.256723
46   |*Q_reg[4]                        |            1.653891|             0.523720|           0.079112|         2.256723
47   |*Q_reg[3]                        |            1.653891|             0.523720|           0.079112|         2.256723
48   |*Q_reg[2]                        |            1.653891|             0.523720|           0.079112|         2.256723
49   |*Q_reg[1]                        |            1.679979|             3.831198|           0.079112|         5.590290
50   |*Q_reg[0]                        |            1.410522|             6.568078|           0.079112|         8.057713
51   |*counter_reg[3]                  |            1.807037|             3.648802|           0.079112|         5.534952
52   |*counter_reg[2]                  |            1.354630|             0.862019|           0.079112|         2.295760
53   |*counter_reg[1]                  |            1.757941|             4.616584|           0.079112|         6.453638
54   |*counter_reg[0]                  |            1.735575|             4.647898|           0.079112|         6.462585
55   |*working_reg                     |            2.269665|             0.403480|           0.079112|         2.752258
56   |*start_buffer_reg                |            1.790009|             3.462394|           0.079112|         5.331514
57   |*start_buffer_reg_enable_mux_0   |            0.482292|             0.140418|           0.035928|         0.658639
58   |*clk_gate_Q_reg                  |            1.592266|             0.000000|           0.059138|         1.651404
59   |*i_0_0_0                         |            0.329351|             0.262725|           0.017393|         0.609470
60   |*i_0_0_1                         |            0.391344|             0.154688|           0.034566|         0.580598
61   |*i_0_0_2                         |            0.391799|             0.154912|           0.034566|         0.581276
62   |*i_0_0_3                         |            0.389762|             0.158343|           0.034566|         0.582671
63   |*i_0_0_4                         |            0.424818|             0.154305|           0.034566|         0.613688
64   |*i_0_0_5                         |            0.521914|             0.505219|           0.027858|         1.054991
65   |*i_0_0_6                         |            0.372250|             0.162546|           0.034566|         0.569362
66   |*i_0_0_7                         |            0.367274|             0.163745|           0.027858|         0.558877
67   |*i_0_0_8                         |            0.411472|             0.504763|           0.022619|         0.938855
68   |*i_0_0_9                         |            0.501961|             1.607062|           0.027858|         2.136882
69   |*i_0_0_10                        |            0.377303|             0.164457|           0.034566|         0.576326
70   |*i_0_0_11                        |            0.577897|             0.200742|           0.041741|         0.820380
71   |*i_0_0_12                        |            0.289343|             0.499843|           0.014353|         0.803539
72   |*i_0_0_13                        |            0.529019|             5.285495|           0.022619|         5.837133
73   |*i_0_0_14                        |            0.343494|             0.162560|           0.027858|         0.533912
74   |*i_0_0_15                        |            0.386983|             0.534201|           0.022619|         0.943803
75   |*i_0_0_16                        |            0.408811|             0.155715|           0.034566|         0.599092
76   |*i_0_0_17                        |            0.509437|             0.511607|           0.027858|         1.048903
77   |*i_0_0_18                        |            0.342041|             0.162378|           0.027858|         0.532277
78   |*i_0_0_19                        |            0.388308|             0.530453|           0.022619|         0.941380
79   |*i_0_0_20                        |            0.370563|             0.165026|           0.027858|         0.563447
80   |*i_0_0_21                        |            0.416979|             0.512617|           0.022619|         0.952215
81   |*i_0_0_22                        |            0.502008|             1.597550|           0.027858|         2.127417
82   |*i_0_0_23                        |            0.381201|             0.165300|           0.034566|         0.581067
83   |*i_0_0_24                        |            0.628338|             0.160549|           0.027858|         0.816745
84   |*i_0_0_25                        |            1.457607|             0.505288|           0.022619|         1.985515
85   |*i_0_0_26                        |            0.374411|             1.546733|           0.017393|         1.938538
86   |*i_0_0_27                        |            0.622262|             0.147771|           0.027858|         0.797891
87   |*i_0_0_28                        |            1.333734|             0.445377|           0.022619|         1.801731
88   |*i_0_0_29                        |            2.161640|             1.451004|           0.034026|         3.646669
89   |*i_0_0_30                        |            0.234362|             0.462436|           0.022695|         0.719493
90   |*i_0_0_31                        |            0.382537|             1.417144|           0.017393|         1.817074
91   |*i_0_0_32                        |            0.227077|             0.649851|           0.017393|         0.894321
92   |*i_0_0_33                        |            1.009560|             0.795239|           0.036164|         1.840963
93   |*i_0_0_34                        |            1.706389|             1.843222|           0.014353|         3.563964
94   |*i_0_0_35                        |            1.721951|             4.263761|           0.027858|         6.013570
95   |*i_0_0_36                        |            0.743647|             0.573737|           0.021200|         1.338583
96   |*i_0_0_37                        |            1.724166|             1.029337|           0.027858|         2.781361
97   |*i_0_0_38                        |            0.383366|             1.440804|           0.034566|         1.858735
98   |*i_0_0_39                        |            0.666642|             0.631609|           0.021200|         1.319451
99   |*i_0_0_40                        |            1.483472|             0.725829|           0.017393|         2.226695
100  |*i_0_0_41                        |            2.303006|             1.773940|           0.032612|         4.109558
101  |*i_0_0_42                        |            1.406109|             2.220623|           0.017393|         3.644125
102  |*i_0_0_43                        |            0.103361|             0.189246|           0.014353|         0.306960
103  |*i_0_0_44                        |            0.559581|             1.967767|           0.017393|         2.544740
104  |*i_0_0_45                        |            1.437839|             1.406208|           0.017393|         2.861440
105  |*i_0_0_46                        |            1.483151|             1.068716|           0.022695|         2.574562
106  |*i_0_0_47                        |            2.391767|             0.927855|           0.032612|         3.352235
107  |*i_0_0_48                        |            1.922045|             2.214750|           0.022619|         4.159414
108  |*i_0_0_49                        |            0.340290|             0.284591|           0.017393|         0.642275
109  |*i_0_0_50                        |            1.810875|             0.809564|           0.021200|         2.641639
110  |*i_0_0_51                        |            0.357387|             1.328573|           0.034566|         1.720526
111  |*i_0_0_52                        |            2.300419|             1.704993|           0.014353|         4.019765
112  |*i_0_0_53                        |            1.613524|             3.414087|           0.027858|         5.055469
113  |*i_0_0_54                        |            0.906022|             0.697534|           0.021200|         1.624755
114  |*i_0_0_55                        |            1.562973|             0.931304|           0.027858|         2.522135
115  |*i_0_0_56                        |            0.360006|             1.356176|           0.034566|         1.750747
116  |*i_0_0_57                        |            0.694112|             0.673481|           0.021200|         1.388793
117  |*i_0_0_58                        |            1.446948|             0.724600|           0.017393|         2.188941
118  |*i_0_0_59                        |            1.322607|             1.512827|           0.027858|         2.863293
119  |*i_0_0_60                        |            0.740903|             0.573470|           0.021200|         1.335572
120  |*i_0_0_61                        |            2.205822|             1.035681|           0.025066|         3.266569
121  |*i_0_0_62                        |            0.095333|             0.174546|           0.014353|         0.284232
122  |*i_0_0_63                        |            0.519114|             1.713072|           0.017393|         2.249580
123  |*i_0_0_64                        |            1.405235|             1.446068|           0.017393|         2.868696
124  |*i_0_0_65                        |            0.906639|             0.566325|           0.022695|         1.495659
125  |*i_0_0_66                        |            0.894554|             0.549956|           0.027858|         1.472369
126  |*i_0_0_67                        |            0.504237|             0.360775|           0.021200|         0.886212
127  |*i_0_0_68                        |            1.179267|             1.379186|           0.036164|         2.594616
128  |*i_0_0_69                        |            1.191971|             0.688605|           0.027858|         1.908434
129  |*i_0_0_70                        |            0.312181|             0.216665|           0.021200|         0.550046
130  |*i_0_0_71                        |            2.330604|             1.347377|           0.036164|         3.714144
131  |*i_0_0_72                        |            0.643471|             0.427400|           0.027858|         1.098729
132  |*i_0_0_73                        |            0.274084|             0.191258|           0.021200|         0.486541
133  |*i_0_0_74                        |            2.416838|             1.370402|           0.036164|         3.823403
134  |*i_0_0_75                        |            0.601572|             0.894930|           0.048314|         1.544816
135  |*i_0_0_76                        |            0.180336|             0.153248|           0.021200|         0.354784
136  |*i_0_0_77                        |            0.293670|             0.536308|           0.025066|         0.855044
137  |*i_0_0_78                        |            0.691912|             0.452045|           0.034026|         1.177982
138  |*i_0_0_79                        |            1.166131|             1.404007|           0.036164|         2.606302
139  |*i_0_0_80                        |            0.408769|             0.747764|           0.025066|         1.181599
140  |*i_0_0_81                        |            1.087475|             0.505251|           0.036164|         1.628890
141  |*i_0_0_82                        |            1.170220|             1.418774|           0.036164|         2.625159
142  |*i_0_0_83                        |            0.355136|             0.845474|           0.034566|         1.235175
143  |*i_0_0_84                        |            0.783906|             2.504659|           0.036441|         3.325006
144  |*i_0_0_85                        |            0.354237|             0.875761|           0.034566|         1.264563
145  |*i_0_0_86                        |            1.078511|             2.309981|           0.036164|         3.424655
146  |*i_0_0_87                        |            0.445859|             0.823763|           0.025066|         1.294688
147  |*i_0_0_88                        |            1.008986|             0.485185|           0.036164|         1.530334
148  |*i_0_0_89                        |            0.733612|             1.312069|           0.036441|         2.082122
149  |*i_0_0_90                        |            0.369656|             0.905216|           0.034566|         1.309438
150  |*i_0_0_91                        |            0.316839|             0.928645|           0.027858|         1.273342
151  |*i_0_0_92                        |            0.379626|             0.508052|           0.022619|         0.910297
152  |*i_0_0_93                        |            0.326262|             1.519613|           0.014353|         1.860228
153  |*i_0_0_94                        |            0.577053|             4.430068|           0.027858|         5.034979
154  |*i_0_0_95                        |            0.421226|             1.419866|           0.021200|         1.862291
155  |*i_0_0_96                        |            0.363040|             1.156928|           0.021200|         1.541167
156  |*i_0_0_97                        |            0.410752|             1.292366|           0.021200|         1.724318
157  |*i_0_0_98                        |            0.342637|             1.076239|           0.021200|         1.440076
158  |*i_0_0_99                        |            0.332262|             1.258650|           0.014353|         1.605265
159  |*i_0_0_100                       |            0.579942|             4.423344|           0.027858|         5.031144
160  |*i_0_0_101                       |            0.346243|             1.424971|           0.014353|         1.785568
161  |*i_0_0_102                       |            0.607208|             4.644474|           0.027858|         5.279540
162  |*i_0_0_103                       |            0.674517|             5.086930|           0.027858|         5.789306
163  |*i_0_0_104                       |            0.381415|             1.569724|           0.014353|         1.965493
164  |*i_0_0_105                       |            0.673590|             5.116274|           0.027858|         5.817722
165  |*i_0_0_106                       |            0.393786|             0.289761|           0.021200|         0.704747
166  |*i_0_0_107                       |            0.689540|             0.245547|           0.025066|         0.960154
167  |*i_0_0_108                       |            0.483748|             0.143542|           0.041741|         0.669031
168  |*i_0_0_109                       |            0.154655|             0.084027|           0.026832|         0.265513
169  |*i_0_0_110                       |            0.349167|             0.489047|           0.027858|         0.866073
170  |*i_0_0_111                       |            0.187416|             0.084195|           0.041741|         0.313352
171  |*i_0_0_112                       |            0.466967|             0.137668|           0.022695|         0.627330
172  |*i_0_0_113                       |            0.141379|             0.088766|           0.021200|         0.251345
173  |*i_0_0_114                       |            0.218402|             0.139008|           0.014353|         0.371763
174  |*i_0_0_115                       |            0.402696|             2.507399|           0.032612|         2.942708
175  |*i_0_0_136                       |            0.218402|             0.139008|           0.014353|         0.371763
176  |*i_0_0_137                       |            0.402696|             2.507399|           0.032612|         2.942708
177  |*i_0_0_138                       |            0.218402|             0.139008|           0.014353|         0.371763
178  |*i_0_0_139                       |            0.402696|             2.507399|           0.032612|         2.942708
179  |*i_0_0_140                       |            0.218402|             0.139008|           0.014353|         0.371763
180  |*i_0_0_141                       |            0.402696|             2.507399|           0.032612|         2.942708
181  |*i_0_0_142                       |            0.218402|             0.139008|           0.014353|         0.371763
182  |*i_0_0_143                       |            0.402696|             2.507399|           0.032612|         2.942708
183  |*i_0_0_144                       |            0.218402|             0.139008|           0.014353|         0.371763
184  |*i_0_0_145                       |            0.402672|             2.507399|           0.032612|         2.942684
185  |*i_0_0_146                       |            0.218402|             0.139008|           0.014353|         0.371763
186  |*i_0_0_147                       |            0.402661|             2.507400|           0.032612|         2.942672
187  |*i_0_0_116                       |            0.289340|             0.142540|           0.022619|         0.454499
188  |*i_0_0_117                       |            0.233733|             0.308429|           0.017393|         0.559556
189  |*i_0_0_118                       |            0.289432|             0.142540|           0.022619|         0.454591
190  |*i_0_0_119                       |            0.233733|             0.308429|           0.017393|         0.559556
191  |*i_0_0_120                       |            0.289432|             0.142540|           0.022619|         0.454591
192  |*i_0_0_121                       |            0.233733|             0.308429|           0.017393|         0.559556
193  |*i_0_0_154                       |            0.289432|             0.142540|           0.022619|         0.454591
194  |*i_0_0_155                       |            0.233733|             0.308429|           0.017393|         0.559556
195  |*i_0_0_156                       |            0.289432|             0.142540|           0.022619|         0.454591
196  |*i_0_0_157                       |            0.233733|             0.308429|           0.017393|         0.559556
197  |*i_0_0_158                       |            0.289432|             0.142540|           0.022619|         0.454591
198  |*i_0_0_159                       |            0.233733|             0.308429|           0.017393|         0.559556
199  |*i_0_0_160                       |            0.289432|             0.142540|           0.022619|         0.454591
200  |*i_0_0_161                       |            0.233733|             0.308429|           0.017393|         0.559556
201  |*i_0_0_162                       |            0.413663|             0.207555|           0.022619|         0.643838
202  |*i_0_0_163                       |            0.233733|             0.308429|           0.017393|         0.559556
203  |*i_0_0_164                       |            0.361879|             0.230328|           0.014353|         0.606561
204  |*i_0_0_165                       |            0.724753|             4.154615|           0.032612|         4.911980
205  |*i_0_0_166                       |            0.373138|             0.587500|           0.027858|         0.988497
206  |*i_0_0_122                       |            0.223876|             0.595065|           0.022695|         0.841635
207  |*i_0_0_123                       |            0.121259|             0.364670|           0.017393|         0.503323
208  |*i_0_0_124                       |            0.697077|             9.242089|           0.026481|         9.965647
209  |*i_0_0_172                       |            1.015538|             0.325982|           0.025066|         1.366586
210  |*i_0_0_173                       |            1.015538|             0.325982|           0.025066|         1.366586
211  |*i_0_0_174                       |            1.015538|             0.325982|           0.025066|         1.366586
212  |*i_0_0_175                       |            1.015538|             0.325982|           0.025066|         1.366586
213  |*i_0_0_176                       |            1.015538|             0.325982|           0.025066|         1.366586
214  |*i_0_0_177                       |            1.015538|             0.325982|           0.025066|         1.366586
215  |*i_0_0_178                       |            1.015538|             0.325982|           0.025066|         1.366586
216  |*i_0_0_179                       |            1.015538|             0.325982|           0.025066|         1.366586
217  |*i_0_0_180                       |            1.015538|             0.325982|           0.025066|         1.366586
218  |*i_0_0_181                       |            1.015538|             0.325982|           0.025066|         1.366586
219  |*i_0_0_182                       |            1.015538|             0.325982|           0.025066|         1.366586
220  |*i_0_0_183                       |            1.015538|             0.325982|           0.025066|         1.366586
221  |*i_0_0_184                       |            1.015538|             0.325982|           0.025066|         1.366586
222  |*i_0_0_185                       |            1.015538|             0.325982|           0.025066|         1.366586
223  |*i_0_0_186                       |            1.015538|             0.325982|           0.025066|         1.366586
224  |*i_0_0_187                       |            1.015538|             0.325982|           0.025066|         1.366586
225  |*i_0_0_125                       |            0.001543|             0.003031|           0.026832|         0.031405
226  |*i_0_0_126                       |            0.010595|             0.046952|           0.014353|         0.071900
227  |*i_0_0_127                       |            0.020455|             0.222322|           0.018105|         0.260882
228  |*i_0_0_128                       |            0.264776|            14.638341|           0.014353|        14.917470
229  |*i_0_0_129                       |            0.441488|            15.246065|           0.027858|        15.715411
230  |*i_0_0_130                       |            0.031769|             0.117856|           0.021200|         0.170824
231  |*i_0_0_131                       |            0.015038|             0.014098|           0.048314|         0.077450
232  |*i_0_0_132                       |            0.173403|             0.088212|           0.018127|         0.279742
233  |*i_0_0_133                       |            0.169707|             0.089946|           0.018127|         0.277780
234  |*i_0_0_134                       |            0.172024|             0.088453|           0.018127|         0.278604
235  |*i_0_0_135                       |            0.227022|             0.086387|           0.026733|         0.340143
236  |*i_0_0_148                       |            0.299986|             1.285401|           0.014353|         1.599740
237  |*i_0_0_149                       |            0.476884|             4.191052|           0.022619|         4.690556
238  |*i_0_0_150                       |            0.338426|             1.069257|           0.027858|         1.435541
239  |*i_0_0_151                       |            0.378370|             1.222257|           0.027858|         1.628485
240  |*i_0_0_152                       |            0.313883|             1.015682|           0.027858|         1.357424
241  |*i_0_0_153                       |            0.293714|             0.981715|           0.027858|         1.303287
242  |*i_0_0_205                       |            0.281850|             0.949784|           0.027858|         1.259492
243  |*i_0_0_206                       |            0.279025|             0.941556|           0.027858|         1.248439
244  |*i_0_0_207                       |            0.278155|             0.939775|           0.027858|         1.245788
245  |*i_0_0_208                       |            0.382826|             1.295717|           0.027858|         1.706401
246  |*i_0_0_209                       |            0.382705|             1.294953|           0.027858|         1.705516
247  |*i_0_0_210                       |            0.382820|             1.295684|           0.027858|         1.706362
248  |*i_0_0_211                       |            0.382811|             1.295494|           0.027858|         1.706164
249  |*i_0_0_212                       |            0.382837|             1.297533|           0.027858|         1.708228
250  |*i_0_0_213                       |            0.382724|             1.296883|           0.027858|         1.707465
251  |*i_0_0_214                       |            0.382815|             1.296139|           0.027858|         1.706813
252  |*i_0_0_215                       |            0.542006|             1.296232|           0.027858|         1.866096
253  |*i_0_0_167                       |            0.256930|             1.002687|           0.014353|         1.273970
254  |*i_0_0_168                       |            0.317027|             4.546150|           0.017393|         4.880570
255  |*i_0_0_218                       |            0.000000|             0.000003|           0.014353|         0.014356
256  |*i_0_0_169                       |            0.000001|             0.000009|           0.017393|         0.017403
257  |*i_0_0_170                       |            0.000000|             0.000005|           0.014353|         0.014358
258  |*i_0_0_171                       |            0.000001|             0.000018|           0.017393|         0.017413
259  |*i_0_0_188                       |            0.000000|             0.000010|           0.014353|         0.014363
260  |*i_0_0_189                       |            0.000002|             0.000036|           0.017393|         0.017432
261  |*i_0_0_190                       |            0.000000|             0.000020|           0.014353|         0.014373
262  |*i_0_0_191                       |            0.000005|             0.000073|           0.017393|         0.017471
263  |*i_0_0_192                       |            0.000008|             0.000040|           0.014353|         0.014401
264  |*i_0_0_193                       |            0.000009|             0.000146|           0.017393|         0.017549
265  |*i_0_0_228                       |            0.000015|             0.000081|           0.014353|         0.014449
266  |*i_0_0_229                       |            0.000018|             0.000292|           0.017393|         0.017704
267  |*i_0_0_230                       |            0.000030|             0.000162|           0.014353|         0.014546
268  |*i_0_0_231                       |            0.000037|             0.000584|           0.017393|         0.018015
269  |*i_0_0_232                       |            0.000061|             0.000324|           0.014353|         0.014738
270  |*i_0_0_233                       |            0.000074|             0.001169|           0.017393|         0.018636
271  |*i_0_0_234                       |            0.000255|             0.001359|           0.014353|         0.015967
272  |*i_0_0_235                       |            0.000309|             0.004901|           0.017393|         0.022604
273  |*i_0_0_236                       |            0.001068|             0.005690|           0.014353|         0.021112
274  |*i_0_0_237                       |            0.000619|             0.009790|           0.017393|         0.027802
275  |*i_0_0_194                       |            0.002129|             0.011341|           0.014353|         0.027824
276  |*i_0_0_195                       |            0.002618|             0.040908|           0.017393|         0.060919
277  |*i_0_0_196                       |            0.008835|             0.047056|           0.014353|         0.070245
278  |*i_0_0_197                       |            0.011316|             0.169739|           0.017393|         0.198448
279  |*i_0_0_198                       |            0.035967|             0.191552|           0.014353|         0.241872
280  |*i_0_0_199                       |            0.044728|             0.690955|           0.017393|         0.753077
281  |*i_0_0_200                       |            0.016120|             0.046184|           0.014353|         0.076658
282  |*i_0_0_201                       |            0.022113|             0.351386|           0.021200|         0.394698
283  |*i_0_0_202                       |            0.092637|             0.515825|           0.017393|         0.625855
284  |*i_0_0_203                       |            0.487888|            12.006700|           0.014353|        12.508941
285  |*i_0_0_204                       |            0.199062|             0.875066|           0.014353|         1.088480
286  |*i_0_0_216                       |            0.023458|             0.067458|           0.014353|         0.105269
287  |*i_0_0_217                       |            0.243113|             1.563468|           0.014353|         1.820935
288  |*i_0_0_219                       |            0.186981|             1.026180|           0.014353|         1.227514
289  |*i_0_0_220                       |            0.186981|             1.026180|           0.014353|         1.227514
290  |*i_0_0_221                       |            0.186981|             1.026180|           0.014353|         1.227514
291  |*i_0_0_259                       |            0.186981|             1.026180|           0.014353|         1.227514
292  |*i_0_0_260                       |            0.186981|             1.026180|           0.014353|         1.227514
293  |*i_0_0_261                       |            0.186981|             1.026180|           0.014353|         1.227514
294  |*i_0_0_262                       |            0.257544|             1.413446|           0.014353|         1.685344
295  |*i_0_0_222                       |            0.257495|             1.815920|           0.014353|         2.087768
296  |*i_0_0_223                       |            0.257560|             1.288085|           0.014353|         1.559998
297  |*i_0_0_224                       |            0.257560|             1.288085|           0.014353|         1.559998
298  |*i_0_0_225                       |            0.257560|             1.288085|           0.014353|         1.559998
299  |*i_0_0_226                       |            0.257501|             1.767927|           0.014353|         2.039780
300  |*i_0_0_227                       |            0.257560|             1.288085|           0.014353|         1.559998
301  |*i_0_0_238                       |            0.257332|             2.770750|           0.014353|         3.042435
302  |*i_0_0_239                       |            0.257562|             1.270687|           0.014353|         1.542602
303  |*i_0_0_240                       |            0.257493|             1.833264|           0.014353|         2.105110
304  |*i_0_0_241                       |            0.257495|             1.214206|           0.014353|         1.486055
305  |*i_0_0_242                       |            0.257508|             1.703892|           0.014353|         1.975754
306  |*i_0_0_243                       |            0.257458|             2.108394|           0.014353|         2.380206
307  |*i_0_0_244                       |            0.192350|             0.622020|           0.014353|         0.828724
308  |*i_0_0_245                       |            0.195598|             0.340689|           0.014353|         0.550641
309  |*i_0_0_246                       |            0.201036|             0.919802|           0.014353|         1.135191
310  |*i_0_0_247                       |            0.220516|             0.794577|           0.021200|         1.036293
311  |*i_0_0_248                       |            0.851359|             0.849768|           0.036441|         1.737568
312  |*i_0_0_249                       |            0.438648|             1.513049|           0.021200|         1.972896
313  |*i_0_0_250                       |            0.403915|             1.281948|           0.021200|         1.707063
314  |*i_0_0_251                       |            0.438151|             1.360989|           0.021200|         1.820340
315  |*i_0_0_252                       |            0.402688|             1.277645|           0.021200|         1.701533
316  |*i_0_0_253                       |            0.439921|             1.366543|           0.021200|         1.827664
317  |*i_0_0_254                       |            0.402931|             1.276933|           0.021200|         1.701064
318  |*i_0_0_255                       |            0.446885|             1.386980|           0.021200|         1.855065
319  |*i_0_0_256                       |            0.391935|             1.292149|           0.021200|         1.705284
320  |*i_0_0_257                       |            0.229815|             3.469442|           0.014353|         3.713610
321  |*i_0_0_258                       |            1.862297|             7.256139|           0.034026|         9.152463
322  |*i_0_0_263                       |            0.381713|             1.462578|           0.014353|         1.858644
323  |*i_0_0_264                       |            1.203536|             3.038676|           0.014353|         4.256565
324  |*i_0_0_265                       |            1.428246|             1.304573|           0.014353|         2.747173
325  |*i_0_0_266                       |            0.286207|             0.809311|           0.027858|         1.123376
326  |*i_0_0_267                       |            0.324883|             0.440416|           0.022619|         0.787919
327  |*i_0_0_268                       |            0.596498|             2.581230|           0.022619|         3.200347
328  |*i_0_0_269                       |            2.317413|             2.044218|           0.014353|         4.375984
329  |*i_0_0_270                       |            2.228264|             5.822219|           0.027858|         8.078341
330  |*i_0_0_271                       |            1.854019|             1.772738|           0.021200|         3.647957
331  |*i_0_0_272                       |            3.189039|             1.630419|           0.014353|         4.833811
332  |*i_0_0_273                       |            0.237732|             1.315648|           0.014353|         1.567733
333  |*i_0_0_274                       |            0.458969|             0.549276|           0.034566|         1.042810
334  |*i_0_0_275                       |            0.888396|             0.518323|           0.021200|         1.427918
335  |*i_0_0_276                       |            2.054817|             0.946932|           0.025066|         3.026815
336  |                                 |                    |                     |                   |                 
337  |*TOTAL                           |          265.100006|           479.172333|          10.848105|       755.120422
-----+---------------------------------+--------------------+---------------------+-------------------+-----------------
