Report for group default
------------------------------------------------------------------------------------------------------------------------------------------------------------
Startpoint: Q_reg[0]/Q
    (Clocked by sysclk R)
Endpoint: A_reg[13]/D
    (Clocked by sysclk R)
Path Group: default
Data required time: 1460.7
    (Clock shift: 1500.0, minus Uncertainty: 0.0, plus Latency 0.0, minus Setup time: 39.3)
Data arrival time: 1008.0
Slack: 452.7
Logic depth: 26
------------------------------------------------------------------------------------------------------------------------------------------------------------
                                                     Arrival               Arc      Net               Net    Total   fan-                                   
Path                     Module/Cell           Edge     Time    Delay    Delay    Delay     Slew     Load     Load    out     Location Power Domain      (V)
                                                        (ps)     (ps)     (ps)     (ps)     (ps)     (ff)     (ff)    (#)      (um,um)                      
------------------------------------------------------------------------------------------------------------------------------------------------------------
clk                      {create_clock}           r      0.0      0.0      0.0                        0.0      0.0      3    49,    0                       
clk_gate_Q_reg/CK->GCK   CLKGATETST_X1           rr      0.0      0.0      0.0      0.0      0.0      0.0      0.0     37    50,   50  /PD_TOP        (1.10)
Q_reg[0]/CK->Q           DFF_X1                  rf     93.5     93.5     93.5      0.0      0.0      0.9     11.6      3    50,   50  /PD_TOP        (1.10)
i_0_0_101/A2->ZN         NOR2_X4*                fr    161.7     68.2     68.2      0.0     15.7      1.5     41.4      5    50,   50  /PD_TOP        (1.10)
i_0_0_93/B->ZN           AOI211_X4*              rf    228.8     67.1     67.1      0.0     15.3      5.6     61.4     15    50,   50  /PD_TOP        (1.10)
i_0_0_45/B1->ZN          AOI221_X2               fr    324.5     95.7     95.5      0.2     15.3      0.7      8.4      2    50,   50  /PD_TOP        (1.10)
i_0_0_44/B->ZN           XNOR2_X2                rr    379.7     55.2     55.2      0.0     62.9      0.5      8.6      2    50,   50  /PD_TOP        (1.10)
i_0_0_42/A2->ZN          NAND2_X4                rf    400.9     21.2     21.2      0.0     33.4      0.6      8.8      2    50,   50  /PD_TOP        (1.10)
i_0_0_133/A->ZN          OAI21_X4                fr    422.3     21.4     21.4      0.0      8.7      0.6      6.7      2    50,   50  /PD_TOP        (1.10)
i_0_0_129/A2->ZN         OR2_X4                  rr    455.1     32.8     32.8      0.0     21.2      0.9     13.4      3    50,   50  /PD_TOP        (1.10)
i_0_0_126/A2->ZN         NAND3_X4*               rf    495.3     40.2     40.2      0.0     11.6      0.6     29.8      2    50,   50  /PD_TOP        (1.10)
i_0_0_124/A1->ZN         NAND2_X4                fr    518.2     22.9     22.9      0.0     15.3      0.9     13.2      3    50,   50  /PD_TOP        (1.10)
i_0_0_123/B2->ZN         OAI21_X4                rf    541.1     22.9     22.9      0.0     14.2      1.0     13.4      3    50,   50  /PD_TOP        (1.10)
i_0_0_122/B2->ZN         AOI21_X4                fr    584.6     43.5     43.5      0.0     13.2      0.9     12.6      3    50,   50  /PD_TOP        (1.10)
i_0_0_121/A2->ZN         NAND2_X4                rf    602.1     17.5     17.5      0.0     31.3      0.3      4.2      1    50,   50  /PD_TOP        (1.10)
i_0_0_120/A2->ZN         NAND2_X4                fr    617.7     15.6     15.6      0.0      6.9      0.3      4.2      1    50,   50  /PD_TOP        (1.10)
i_0_0_119/A->ZN          OAI21_X4                rf    640.7     23.0     23.0      0.0      9.5      1.0     13.0      3    50,   50  /PD_TOP        (1.10)
i_0_0_147/B1->ZN         AOI21_X4                fr    673.1     32.4     32.4      0.0     13.0      0.6      7.9      2    50,   50  /PD_TOP        (1.10)
i_0_0_159/B1->ZN         AOI22_X4                rf    703.2     30.1     30.1      0.0     25.9      1.0     12.9      3    50,   50  /PD_TOP        (1.10)
i_0_0_198/A2->ZN         NAND2_X4                fr    723.5     20.3     20.3      0.0     16.1      0.3      4.2      1    50,   50  /PD_TOP        (1.10)
i_0_0_197/A2->ZN         NAND2_X4                rf    741.9     18.4     18.4      0.0      9.5      0.9     13.0      3    50,   50  /PD_TOP        (1.10)
i_0_0_206/B1->ZN         AOI21_X4                fr    778.4     36.5     36.5      0.0     10.4      1.0     11.9      3    50,   50  /PD_TOP        (1.10)
i_0_0_213/A2->ZN         AOI22_X4                rf    800.0     21.6     21.6      0.0     30.6      0.6      7.5      2    50,   50  /PD_TOP        (1.10)
i_0_0_255/A1->ZN         NAND2_X4                fr    816.3     16.3     16.3      0.0     13.7      0.3      4.2      1    50,   50  /PD_TOP        (1.10)
i_0_0_245/A->ZN          OAI21_X4                rf    839.3     23.0     23.0      0.0      9.5      1.0     13.0      3    50,   50  /PD_TOP        (1.10)
i_0_0_21/B1->ZN          AOI21_X4                fr    876.2     36.9     36.9      0.0     13.0      1.0     11.4      3    50,   50  /PD_TOP        (1.10)
i_0_0_18/S->Z            MUX2_X2                 rf    961.1     84.9     84.9      0.0     30.0      0.6      8.7      2    50,   50  /PD_TOP        (1.10)
i_0_0_17/B2->ZN          OAI21_X4                fr    994.3     33.2     33.2      0.0     13.5      0.3      4.2      1    50,   50  /PD_TOP        (1.10)
i_0_0_16/A->ZN           AOI21_X2                rf   1008.0     13.7     13.7      0.0     18.3      0.3      1.5      1    50,   50  /PD_TOP        (1.10)
A_reg[13]/D              DFF_X1                   f   1008.0      0.0               0.0      6.3                             50,   50  /PD_TOP        (1.10)
------------------------------------------------------------------------------------------------------------------------------------------------------------
Report for group I2R
------------------------------------------------------------------------------------------------------------------------------------------------------------
Startpoint: start
    (Clocked by rtDefaultClock R)
Endpoint: clk_gate_Q_reg/E
    (Clocked by sysclk R)
Path Group: I2R
Data required time: 1437.2
    (Clock shift: 1500.0, minus Uncertainty: 0.0, plus Latency 0.0, minus Setup time: 62.8)
Data arrival time: 891.8
Slack: 545.4
Logic depth: 5
------------------------------------------------------------------------------------------------------------------------------------------------------------
                                                     Arrival               Arc      Net               Net    Total   fan-                                   
Path                     Module/Cell           Edge     Time    Delay    Delay    Delay     Slew     Load     Load    out     Location Power Domain      (V)
                                                        (ps)     (ps)     (ps)     (ps)     (ps)     (ff)     (ff)    (#)      (um,um)                      
------------------------------------------------------------------------------------------------------------------------------------------------------------
start                    {set_input_delay}        f    700.0    700.0    700.0                        3.1     32.3      2   100,   50                       
i_0_0_84/A->ZN           INV_X8                  fr    729.7     29.7     29.4      0.3    100.0      0.3      4.4      1    50,   50  /PD_TOP        (1.10)
i_0_0_83/A2->ZN          NOR2_X4*                rf    747.7     18.0     18.0      0.0      5.3      0.5     30.1      2    50,   50  /PD_TOP        (1.10)
i_0_0_82/A2->ZN          NOR2_X4*                fr    841.5     93.8     93.8      0.0     15.3     10.7    157.3     32    50,   50  /PD_TOP        (1.10)
i_0_0_207/A->ZN          INV_X8                  rf    854.8     13.3     12.9      0.4     15.3      2.4     26.8      8    50,   50  /PD_TOP        (1.10)
i_0_0_224/A1->ZN         OR2_X4                  ff    891.8     37.0     36.9      0.1      6.0      0.3      1.2      1    50,   50  /PD_TOP        (1.10)
clk_gate_Q_reg/E         CLKGATETST_X2            f    891.8      0.0               0.0      7.4                             50,   50  /PD_TOP        (1.10)
------------------------------------------------------------------------------------------------------------------------------------------------------------
Report for group I2O
Report for group R2O
------------------------------------------------------------------------------------------------------------------------------------------------------------
Startpoint: Q_reg[8]/Q
    (Clocked by sysclk R)
Endpoint: overflow_flag
    (Clocked by vsysclk R)
Path Group: R2O
Data required time: 1350.0
    (Clock shift: 1500.0, minus Uncertainty: 0.0, plus Latency 0.0, minus Out delay: 150.0)
Data arrival time: 675.0
Slack: 675.0
Logic depth: 15
------------------------------------------------------------------------------------------------------------------------------------------------------------
                                                     Arrival               Arc      Net               Net    Total   fan-                                   
Path                     Module/Cell           Edge     Time    Delay    Delay    Delay     Slew     Load     Load    out     Location Power Domain      (V)
                                                        (ps)     (ps)     (ps)     (ps)     (ps)     (ff)     (ff)    (#)      (um,um)                      
------------------------------------------------------------------------------------------------------------------------------------------------------------
clk                      {create_clock}           r      0.0      0.0      0.0                        0.0      0.0      3    49,    0                       
clk_gate_Q_reg/CK->GCK   CLKGATETST_X1           rr      0.0      0.0      0.0      0.0      0.0      0.0      0.0     37    50,   50  /PD_TOP        (1.10)
Q_reg[8]/CK->Q           DFF_X1                  rr    119.2    119.2    119.2      0.0      0.0      1.3     16.9      4    50,   50  /PD_TOP        (1.10)
i_0_0_75/A2->ZN          NAND3_X4*               rf    169.1     49.9     49.9      0.0     41.4      0.6     29.7      2    50,   50  /PD_TOP        (1.10)
i_0_0_74/A->ZN           INV_X8                  fr    184.6     15.5     15.5      0.0     15.3      0.8     11.3      3    50,   50  /PD_TOP        (1.10)
i_0_0_72/A3->ZN          AND3_X4                 rr    226.2     41.6     41.6      0.0      7.0      0.6      7.0      2    50,   50  /PD_TOP        (1.10)
i_0_0_71/A2->ZN          AND2_X4                 rr    263.3     37.1     37.1      0.0     10.9      1.1     15.3      4    50,   50  /PD_TOP        (1.10)
i_0_0_70/A3->ZN          AND3_X4                 rr    314.1     50.8     50.8      0.0     13.6      1.2     17.5      4    50,   50  /PD_TOP        (1.10)
i_0_0_283/A3->ZN         NAND3_X4*               rf    358.6     44.5     44.5      0.0     16.4      0.8     34.1      3    50,   50  /PD_TOP        (1.10)
i_0_0_281/A2->ZN         NOR2_X4                 fr    400.6     42.0     42.0      0.0     15.3      0.9     13.2      3    50,   50  /PD_TOP        (1.10)
i_0_0_280/A3->ZN         NAND3_X4*               rf    444.2     43.6     43.6      0.0     25.7      0.6     29.7      2    50,   50  /PD_TOP        (1.10)
i_0_0_279/A->ZN          INV_X8                  fr    457.9     13.7     13.7      0.0     15.3      0.5      7.0      2    50,   50  /PD_TOP        (1.10)
i_0_0_278/A2->ZN         AND2_X4                 rr    492.0     34.1     34.1      0.0      6.0      0.9     12.9      3    50,   50  /PD_TOP        (1.10)
i_0_0_277/A3->ZN         NAND3_X4*               rf    532.8     40.8     40.8      0.0     12.3      0.6     29.7      2    50,   50  /PD_TOP        (1.10)
i_0_0_276/A->ZN          INV_X8                  fr    549.1     16.3     16.3      0.0     15.3      1.0     13.0      3    50,   50  /PD_TOP        (1.10)
i_0_0_248/C2->ZN         OAI211_X4               rf    570.8     21.7     21.7      0.0      7.5      0.4      4.2      1    50,   50  /PD_TOP        (1.10)
i_0_0_247/A4->ZN         NOR4_X2                 fr    648.6     77.8     77.8      0.0     14.4      0.4      2.9      1    50,   50  /PD_TOP        (1.10)
i_0_0_246/B->ZN          AOI211_X2               rf    674.7     26.1     26.1      0.0     40.2      2.9      7.9      1    50,   50  /PD_TOP        (1.10)
overflow_flag                                     f    675.0      0.3               0.3     12.6                            100,   49                       
------------------------------------------------------------------------------------------------------------------------------------------------------------
