Report Physical info: 
------------------------+-------------+-----------+------------
                        |             |Area (squm)|Leakage (uW)
------------------------+-------------+-----------+------------
Design Name             |adder        |           |            
  Total Instances       |          162|        152|       3.527
    Macros              |            0|          0|       0.000
    Pads                |            0|          0|       0.000
    Phys                |            0|          0|       0.000
    Blackboxes          |            0|          0|       0.000
    Cells               |          162|        152|       3.527
      Buffers           |            0|          0|       0.000
      Inverters         |           47|         25|       0.675
      Clock-Gates       |            0|          0|       0.000
      Combinational     |          115|        127|       2.852
      Latches           |            0|          0|       0.000
      FlipFlops         |            0|          0|       0.000
       Single-Bit FF    |            0|          0|       0.000
       Multi-Bit FF     |            0|          0|       0.000
       Clock-Gated      |            0|           |            
       Bits             |            0|          0|       0.000
         Load-Enabled   |            0|           |            
         Clock-Gated    |            0|           |            
  Tristate Pin Count    |            0|           |            
Physical Info           |Placed       |           |            
  Chip Size (mm x mm)   |0.076 x 0.076|       5808|            
  Fixed Cell Area       |             |          0|            
    Phys Only           |            0|          0|            
  Placeable Area        |             |        249|            
  Movable Cell Area     |             |        152|            
  Utilization (%)       |           61|           |            
  Chip Utilization (%)  |           61|           |            
  Total Wire Length (mm)|        2.024|           |            
  Longest Wire (mm)     |        0.040|           |            
  Average Wire (mm)     |        0.039|           |            
------------------------+-------------+-----------+------------
