warning: No library characterized for (process = 1.00 voltage = 0.85 temperature = 25.00) can be found in the database for power domain '/PD_TOP'  [NL-174]
Report Power (instances with prefix '*' are included in total) : 
-----+----------+--------------------+---------------------+-------------------+-----------------
     | Instance | Internal Power(uw) | Switching Power(uw) | Leakage Power(uw) | Total Power(uw) 
-----+----------+--------------------+---------------------+-------------------+-----------------
1    |*i_0_0_0  |            1.228244|             2.152030|           0.034026|         3.414300
2    |*i_0_0_1  |            1.368287|             2.182554|           0.036164|         3.587005
3    |*i_0_0_2  |            1.263117|             0.928731|           0.033938|         2.225786
4    |*i_0_0_3  |            1.218128|             1.072792|           0.034026|         2.324946
5    |*i_0_0_4  |            1.431588|             2.188335|           0.036164|         3.656087
6    |*i_0_0_5  |            1.036856|             1.117153|           0.027858|         2.181868
7    |*i_0_0_6  |            1.494700|             2.187255|           0.036441|         3.718396
8    |*i_0_0_7  |            1.467296|             2.187234|           0.036441|         3.690972
9    |*i_0_0_8  |            0.669635|             1.181880|           0.017393|         1.868908
10   |*i_0_0_9  |            1.586304|             2.190000|           0.036164|         3.812468
11   |*i_0_0_10 |            1.048311|             1.116603|           0.022619|         2.187535
12   |*i_0_0_11 |            1.427076|             2.188536|           0.036164|         3.651776
13   |*i_0_0_12 |            1.511950|             2.190472|           0.036441|         3.738863
14   |*i_0_0_13 |            1.549621|             2.190798|           0.036441|         3.776860
15   |*i_0_0_14 |            1.494047|             2.193899|           0.036164|         3.724111
16   |*i_0_0_15 |            1.586774|             2.192955|           0.036164|         3.815893
17   |*i_0_0_16 |            1.052626|             1.116603|           0.022619|         2.191849
18   |*i_0_0_17 |            1.484137|             2.192188|           0.036441|         3.712765
19   |*i_0_0_18 |            1.559198|             2.191862|           0.036441|         3.787501
20   |*i_0_0_19 |            0.698433|             0.951967|           0.017393|         1.667794
21   |*i_0_0_20 |            1.569086|             3.271961|           0.036441|         4.877488
22   |*i_0_0_21 |            1.562751|             8.796437|           0.036441|        10.395629
23   |*i_0_0_22 |            1.722419|             2.245572|           0.036441|         4.004431
24   |*i_0_0_23 |            1.564650|             3.900518|           0.036441|         5.501609
25   |*i_0_0_24 |            1.629885|             2.386768|           0.036441|         4.053094
26   |*i_0_0_25 |            0.702687|             0.958850|           0.017393|         1.678930
27   |*i_0_0_26 |            1.578291|             1.957150|           0.036441|         3.571883
28   |*i_0_0_27 |            1.573929|             2.585707|           0.036441|         4.196077
29   |*i_0_0_28 |            1.280873|             1.181880|           0.025066|         2.487818
30   |*i_0_0_29 |            0.466720|             1.005281|           0.014353|         1.486355
31   |*i_0_0_30 |            0.688079|             1.200462|           0.021200|         1.909740
32   |*i_0_0_31 |            0.677368|             1.053253|           0.017393|         1.748015
33   |*i_0_0_32 |            0.895912|             1.080962|           0.022619|         1.999494
34   |*i_0_0_33 |            1.276688|             1.181880|           0.025066|         2.483633
35   |*i_0_0_34 |            0.464846|             1.103497|           0.014353|         1.582696
36   |*i_0_0_35 |            1.267877|             1.055390|           0.025066|         2.348333
37   |*i_0_0_36 |            0.466615|             1.054389|           0.014353|         1.535357
38   |*i_0_0_37 |            0.351272|             0.914316|           0.014353|         1.279942
39   |*i_0_0_38 |            0.564210|             1.010340|           0.014353|         1.588903
40   |*i_0_0_39 |            0.488578|             1.192956|           0.014353|         1.695886
41   |*i_0_0_40 |            0.672574|             1.007085|           0.021200|         1.700859
42   |*i_0_0_41 |            0.351710|             1.020214|           0.014353|         1.386277
43   |*i_0_0_42 |            0.485491|             1.055441|           0.014353|         1.555285
44   |*i_0_0_43 |            0.593322|             6.791268|           0.017393|         7.401984
45   |*i_0_0_44 |            1.095545|             6.355993|           0.022695|         7.474234
46   |*i_0_0_45 |            1.578291|             1.957150|           0.036441|         3.571883
47   |*i_0_0_46 |            0.594021|             5.830437|           0.017393|         6.441852
48   |*i_0_0_47 |            0.751416|             2.418843|           0.014353|         3.184612
49   |*i_0_0_48 |            1.646188|             7.774171|           0.036441|         9.456800
50   |*i_0_0_49 |            1.095545|             6.355993|           0.022695|         7.474234
51   |*i_0_0_50 |            1.578291|             1.957150|           0.036441|         3.571883
52   |*i_0_0_51 |            1.043735|             1.266286|           0.014353|         2.324375
53   |*i_0_0_52 |            0.597079|             6.791267|           0.017393|         7.405741
54   |*i_0_0_53 |            0.630024|             2.010262|           0.021200|         2.661485
55   |*i_0_0_54 |            0.751416|             2.418843|           0.014353|         3.184612
56   |*i_0_0_55 |            1.646188|             7.774171|           0.036441|         9.456800
57   |*i_0_0_56 |            0.743685|             2.581403|           0.014353|         3.339441
58   |*i_0_0_57 |            1.527927|             7.774171|           0.036441|         9.338539
59   |*i_0_0_58 |            0.947347|             2.605487|           0.014353|         3.567187
60   |*i_0_0_59 |            0.634378|             5.157093|           0.014353|         5.805823
61   |*i_0_0_60 |            1.646188|             7.774171|           0.036441|         9.456800
62   |*i_0_0_61 |            0.638112|             2.975080|           0.017393|         3.630586
63   |*i_0_0_62 |            0.676761|             7.674317|           0.017393|         8.368472
64   |*i_0_0_63 |            0.355750|             5.828093|           0.014353|         6.198196
65   |*i_0_0_64 |            0.663830|             7.743468|           0.017393|         8.424692
66   |*i_0_0_65 |            0.673320|             7.699708|           0.021200|         8.394227
67   |*i_0_0_66 |            0.355750|             5.828093|           0.014353|         6.198196
68   |*i_0_0_67 |            0.357392|             0.524035|           0.014353|         0.895780
69   |*i_0_0_68 |            0.382267|             1.019393|           0.014353|         1.416013
70   |*i_0_0_69 |            2.559823|             2.176185|           0.017393|         4.753401
71   |*i_0_0_70 |            2.674802|             2.172097|           0.021200|         4.868099
72   |*i_0_0_71 |            2.553348|             2.079554|           0.021200|         4.654101
73   |*i_0_0_72 |            3.338139|             2.574562|           0.027858|         5.940559
74   |*i_0_0_73 |            0.354567|             0.945524|           0.014353|         1.314443
75   |*i_0_0_74 |            3.719879|             1.259829|           0.014353|         4.994061
76   |*i_0_0_75 |            3.520912|             7.208710|           0.018105|        10.747727
77   |*i_0_0_77 |            7.352735|             2.195269|           0.014353|         9.562357
78   |*i_0_0_82 |            2.825758|             7.774168|           0.036441|        10.636367
79   |*i_0_0_86 |            0.990459|             1.190989|           0.022619|         2.204068
80   |*i_0_0_76 |            3.798905|             2.164801|           0.014353|         5.978059
81   |*i_0_0_78 |            2.587564|             7.670807|           0.017393|        10.275764
82   |*i_0_0_79 |            3.017665|             1.030388|           0.018105|         4.066158
83   |*i_0_0_80 |            3.588620|             1.278676|           0.022619|         4.889915
84   |*i_0_0_81 |            2.910309|             0.841169|           0.022039|         3.773518
85   |*i_0_0_83 |            0.665040|             1.317772|           0.017393|         2.000206
86   |*i_0_0_84 |            2.517339|             2.164017|           0.017393|         4.698750
87   |*i_0_0_85 |            2.500542|             0.855564|           0.018105|         3.374210
88   |*i_0_0_87 |            2.138968|             2.010592|           0.017393|         4.166954
89   |*i_0_0_88 |            2.795774|             1.221063|           0.017393|         4.034231
90   |*i_0_0_89 |            4.059288|             4.676222|           0.022039|         8.757549
91   |*i_0_0_90 |            3.437550|             4.916987|           0.027858|         8.382396
92   |*i_0_0_91 |            0.520701|             1.592249|           0.017393|         2.130343
93   |*i_0_0_92 |            3.755973|             8.962828|           0.022619|        12.741420
94   |*i_0_0_93 |            0.671433|             0.958850|           0.017393|         1.647676
95   |*i_0_0_94 |            0.527344|             1.225395|           0.014353|         1.767093
96   |*i_0_0_95 |            0.627656|             7.288046|           0.021200|         7.936902
97   |*i_0_0_96 |            3.036877|             2.351860|           0.027858|         5.416596
98   |*i_0_0_97 |            0.532152|             1.972823|           0.017393|         2.522368
99   |*i_0_0_98 |            2.669045|             1.881022|           0.022619|         4.572686
100  |*i_0_0_99 |            0.459689|             1.196051|           0.014353|         1.670093
101  |*i_0_0_100|            0.630521|             7.288046|           0.017393|         7.935960
102  |*i_0_0_101|            0.755015|             2.343162|           0.014353|         3.112530
103  |*i_0_0_102|            1.465796|             7.774170|           0.036441|         9.276408
104  |*i_0_0_103|            1.048972|             1.197646|           0.014353|         2.260972
105  |*i_0_0_104|            0.647855|             2.485979|           0.017393|         3.151227
106  |*i_0_0_105|            3.502132|             3.626863|           0.027858|         7.156854
107  |*i_0_0_106|            3.420365|             2.526774|           0.022619|         5.969759
108  |*i_0_0_107|            3.402877|             8.939166|           0.027858|        12.369900
109  |*i_0_0_108|            2.565763|             8.957470|           0.017393|        11.540627
110  |*i_0_0_109|            3.429737|             1.192914|           0.022619|         4.645270
111  |*i_0_0_110|            3.219435|             2.568747|           0.027858|         5.816040
112  |*i_0_0_111|            0.890287|             2.441736|           0.018105|         3.350127
113  |*i_0_0_112|            0.376535|             2.010674|           0.014353|         2.401563
114  |*i_0_0_113|            0.522604|             6.008368|           0.017393|         6.548365
115  |*i_0_0_114|            0.355470|             0.644462|           0.017393|         1.017326
116  |*i_0_0_115|            0.367766|             0.949715|           0.014353|         1.331833
117  |*i_0_0_116|            0.683137|             5.830437|           0.017393|         6.530968
118  |*i_0_0_117|            1.052369|             1.154410|           0.022619|         2.229398
119  |*i_0_0_118|            0.448661|             0.559374|           0.018105|         1.026140
120  |*i_0_0_119|            0.706228|             1.899225|           0.022619|         2.628073
121  |*i_0_0_120|            0.546841|             1.196051|           0.014353|         1.757245
122  |*i_0_0_121|            0.885735|             7.297050|           0.022619|         8.205404
123  |*i_0_0_122|            0.945441|             2.638391|           0.014353|         3.598186
124  |*i_0_0_123|            0.871543|             3.914123|           0.014353|         4.800018
125  |*i_0_0_124|            0.975077|             1.125166|           0.027858|         2.128102
126  |*i_0_0_125|            0.670699|             0.979666|           0.017393|         1.667759
127  |*i_0_0_126|            0.823197|             4.842717|           0.014353|         5.680266
128  |*i_0_0_127|            0.869622|             3.947278|           0.014353|         4.831253
129  |*i_0_0_128|            0.770991|             7.446588|           0.018105|         8.235684
130  |*i_0_0_129|            1.032153|             1.418099|           0.014353|         2.464605
131  |*i_0_0_130|            0.593452|             1.798146|           0.017393|         2.408991
132  |*i_0_0_131|            0.678888|             2.542870|           0.017393|         3.239151
133  |*i_0_0_132|            0.650218|             1.989288|           0.017393|         2.656900
134  |*i_0_0_133|            1.054832|             1.875177|           0.022695|         2.952704
135  |*i_0_0_134|            2.439032|             6.779950|           0.021200|         9.240182
136  |*i_0_0_135|            2.911992|             2.993201|           0.014353|         5.919546
137  |*i_0_0_136|            2.583369|             5.830437|           0.017393|         8.431198
138  |*i_0_0_137|            7.299753|             2.581403|           0.014353|         9.895508
139  |*i_0_0_138|            3.334051|             7.774171|           0.036441|        11.144663
140  |*i_0_0_139|            0.514722|             6.791267|           0.017393|         7.323382
141  |*i_0_0_140|            0.472644|             1.219088|           0.014353|         1.706086
142  |*i_0_0_141|            1.043735|             1.266286|           0.014353|         2.324375
143  |*i_0_0_142|            0.670235|             0.951967|           0.017393|         1.639596
144  |*i_0_0_143|            1.504096|            10.264214|           0.036441|        11.804751
145  |*i_0_0_144|            0.638341|            12.267632|           0.014353|        12.920326
146  |*i_0_0_145|            1.040903|             1.018368|           0.022695|         2.081966
147  |*i_0_0_146|            0.354567|             0.945524|           0.014353|         1.314443
148  |*i_0_0_147|            0.668938|             1.532731|           0.017393|         2.219063
149  |*i_0_0_148|            0.354659|             0.980316|           0.014353|         1.349329
150  |*i_0_0_149|            0.367775|             0.945524|           0.014353|         1.327651
151  |*i_0_0_150|            0.472870|             1.303543|           0.014353|         1.790766
152  |*i_0_0_151|            0.356599|             1.966399|           0.014353|         2.337351
153  |*i_0_0_152|            0.354567|             0.945524|           0.014353|         1.314443
154  |*i_0_0_153|            0.534244|             6.779950|           0.021200|         7.335393
155  |*i_0_0_154|            0.595991|             2.953565|           0.021200|         3.570755
156  |*i_0_0_155|            0.632174|             2.955983|           0.017393|         3.605551
157  |*i_0_0_156|            1.095124|             6.103191|           0.022695|         7.221010
158  |*i_0_0_157|            0.465383|             1.246500|           0.014353|         1.726237
159  |*i_0_0_158|            0.671833|             9.013267|           0.017393|         9.702493
160  |*i_0_0_159|            0.585286|             7.733278|           0.017393|         8.335958
161  |*i_0_0_160|            0.356601|             1.951131|           0.014353|         2.322084
162  |*i_0_0_161|            0.555207|             6.834837|           0.021200|         7.411243
163  |          |                    |                     |                   |                 
164  |*TOTAL    |          222.126328|           517.513916|           3.526750|       743.166931
-----+----------+--------------------+---------------------+-------------------+-----------------
