Report for group default
Report for group I2R
Report for group I2O
------------------------------------------------------------------------------------------------------------------------------------------------------------
Startpoint: is_subtract
    (Clocked by rtDefaultClock R)
Endpoint: overflow_flag
    (Clocked by vsysclk R)
Path Group: I2O
Data required time: 1350.0
    (Clock shift: 1500.0, minus Uncertainty: 0.0, plus Latency 0.0, minus Out delay: 150.0)
Data arrival time: 1321.2
Slack: 28.8
Logic depth: 17
------------------------------------------------------------------------------------------------------------------------------------------------------------
                                                     Arrival               Arc      Net               Net    Total   fan-                                   
Path                     Module/Cell           Edge     Time    Delay    Delay    Delay     Slew     Load     Load    out     Location Power Domain      (V)
                                                        (ps)     (ps)     (ps)     (ps)     (ps)     (ff)     (ff)    (#)      (um,um)                      
------------------------------------------------------------------------------------------------------------------------------------------------------------
is_subtract              {set_input_delay}        f    700.0    700.0    700.0                        2.1     51.4      8    38,    0                       
i_0_0_138/A->ZN          XNOR2_X2                fr    828.5    128.5    128.3      0.2    100.0      0.3     25.7      1    38,   38  /PD_TOP        (1.10)
i_0_0_137/A->ZN          INV_X8                  rf    835.8      7.3      7.3      0.0     72.9      0.5      8.5      2    38,   38  /PD_TOP        (1.10)
i_0_0_134/A1->ZN         NOR2_X4*                fr    888.2     52.4     52.4      0.0      3.9      0.6     29.9      2    38,   38  /PD_TOP        (1.10)
i_0_0_110/A->ZN          AOI21_X4                rf    904.6     16.4     16.4      0.0     15.3      0.6      8.9      2    38,   38  /PD_TOP        (1.10)
i_0_0_109/B1->ZN         OAI21_X4                fr    931.1     26.5     26.5      0.0      9.5      0.3      4.1      1    38,   38  /PD_TOP        (1.10)
i_0_0_108/A1->ZN         NAND2_X4*               rf    961.4     30.3     30.3      0.0     18.1      0.6     30.0      2    38,   38  /PD_TOP        (1.10)
i_0_0_107/B1->ZN         AOI21_X4*               fr   1021.3     59.9     59.9      0.0     15.3      0.6     30.0      2    38,   38  /PD_TOP        (1.10)
i_0_0_106/B1->ZN         OAI21_X4                rf   1039.6     18.3     18.3      0.0     15.3      0.6      8.5      2    38,   38  /PD_TOP        (1.10)
i_0_0_105/B2->ZN         AOI21_X4                fr   1081.6     42.0     42.0      0.0     11.1      0.9     12.1      3    38,   38  /PD_TOP        (1.10)
i_0_0_98/B1->ZN          OAI21_X4                rf   1103.4     21.8     21.8      0.0     30.8      0.6      8.4      2    38,   38  /PD_TOP        (1.10)
i_0_0_96/B1->ZN          AOI21_X4                fr   1136.2     32.8     32.8      0.0     11.1      0.6      8.9      2    38,   38  /PD_TOP        (1.10)
i_0_0_92/B1->ZN          OAI21_X4*               rf   1171.0     34.8     34.8      0.0     27.0      0.6     30.1      2    38,   38  /PD_TOP        (1.10)
i_0_0_90/B1->ZN          AOI21_X4                fr   1215.0     44.0     44.0      0.0     15.3      1.3     16.3      4    38,   38  /PD_TOP        (1.10)
i_0_0_89/C1->ZN          OAI211_X4               rf   1253.1     38.1     38.1      0.0     35.7      1.3     16.9      4    38,   38  /PD_TOP        (1.10)
i_0_0_75/A1->ZN          NAND3_X4                fr   1289.1     36.0     36.0      0.0     22.6      0.3     25.7      1    38,   38  /PD_TOP        (1.10)
i_0_0_74/A->ZN           INV_X8                  rf   1296.2      7.1      7.1      0.0     24.3      0.3      4.5      1    38,   38  /PD_TOP        (1.10)
i_0_0_71/A1->ZN          NOR2_X4                 fr   1321.0     24.8     24.8      0.0      3.5      2.2      7.2      1    38,   38  /PD_TOP        (1.10)
overflow_flag                                     r   1321.2      0.2               0.2     18.8                              0,   38                       
------------------------------------------------------------------------------------------------------------------------------------------------------------
Report for group R2O
