warning: No library characterized for (process = 1.00 voltage = 0.85 temperature = 25.00) can be found in the database for power domain '/PD_TOP'  [NL-174]
Report Power (instances with prefix '*' are included in total) : 
-----+--------------+--------------------+---------------------+-------------------+-----------------
     | Instance     | Internal Power(uw) | Switching Power(uw) | Leakage Power(uw) | Total Power(uw) 
-----+--------------+--------------------+---------------------+-------------------+-----------------
1    |*counter_reg  |            2.403749|             9.246918|           0.086213|        11.736879
2    |*select_reg[1]|            2.363801|             2.739535|           0.079112|         5.182448
3    |*select_reg[0]|            2.363741|             2.679233|           0.079112|         5.122087
4    |*temp2_reg[31]|            2.357134|             2.666985|           0.079112|         5.103231
5    |*temp2_reg[30]|            2.357075|             2.606850|           0.079112|         5.043038
6    |*temp2_reg[29]|            2.357073|             2.605129|           0.079112|         5.041315
7    |*temp2_reg[28]|            2.357075|             2.606850|           0.079112|         5.043038
8    |*temp2_reg[27]|            2.357131|             2.663758|           0.079112|         5.100001
9    |*temp2_reg[26]|            2.357133|             2.665369|           0.079112|         5.101614
10   |*temp2_reg[25]|            2.357067|             2.599215|           0.079112|         5.035395
11   |*temp2_reg[24]|            2.357126|             2.659240|           0.079112|         5.095479
12   |*temp2_reg[23]|            2.357128|             2.660961|           0.079112|         5.097202
13   |*temp2_reg[22]|            2.357069|             2.600826|           0.079112|         5.037007
14   |*temp2_reg[21]|            2.357067|             2.599105|           0.079112|         5.035285
15   |*temp2_reg[20]|            2.357069|             2.600826|           0.079112|         5.037007
16   |*temp2_reg[19]|            2.357125|             2.657734|           0.079112|         5.093972
17   |*temp2_reg[18]|            2.357127|             2.659345|           0.079112|         5.095584
18   |*temp2_reg[17]|            2.357061|             2.593191|           0.079112|         5.029365
19   |*temp2_reg[16]|            2.357121|             2.653216|           0.079112|         5.089449
20   |*temp2_reg[15]|            2.357122|             2.654937|           0.079112|         5.091171
21   |*temp2_reg[14]|            2.357063|             2.594803|           0.079112|         5.030978
22   |*temp2_reg[13]|            2.357061|             2.593081|           0.079112|         5.029255
23   |*temp2_reg[12]|            2.357063|             2.594803|           0.079112|         5.030978
24   |*temp2_reg[11]|            2.357119|             2.651710|           0.079112|         5.087942
25   |*temp2_reg[10]|            2.357121|             2.653321|           0.079112|         5.089554
26   |*temp2_reg[9] |            2.357055|             2.587167|           0.079112|         5.023335
27   |*temp2_reg[8] |            2.357115|             2.647192|           0.079112|         5.083418
28   |*temp2_reg[7] |            2.357116|             2.648913|           0.079112|         5.085142
29   |*temp2_reg[6] |            2.357057|             2.588778|           0.079112|         5.024948
30   |*temp2_reg[5] |            2.357055|             2.587057|           0.079112|         5.023225
31   |*temp2_reg[4] |            2.357057|             2.588778|           0.079112|         5.024948
32   |*temp2_reg[3] |            2.357114|             2.645686|           0.079112|         5.081912
33   |*temp2_reg[2] |            2.357115|             2.647297|           0.079112|         5.083525
34   |*temp2_reg[1] |            2.357049|             2.581143|           0.079112|         5.017304
35   |*temp2_reg[0] |            2.357109|             2.641167|           0.079112|         5.077388
36   |*temp1_reg[31]|            2.357158|             2.691081|           0.079112|         5.127351
37   |*temp1_reg[30]|            2.357099|             2.630946|           0.079112|         5.067157
38   |*temp1_reg[29]|            2.357097|             2.629225|           0.079112|         5.065434
39   |*temp1_reg[28]|            2.357099|             2.630946|           0.079112|         5.067157
40   |*temp1_reg[27]|            2.357155|             2.687854|           0.079112|         5.124121
41   |*temp1_reg[26]|            2.357157|             2.689466|           0.079112|         5.125734
42   |*temp1_reg[25]|            2.357091|             2.623311|           0.079112|         5.059515
43   |*temp1_reg[24]|            2.357151|             2.683336|           0.079112|         5.119598
44   |*temp1_reg[23]|            2.357152|             2.685057|           0.079112|         5.121322
45   |*temp1_reg[22]|            2.357093|             2.624922|           0.079112|         5.061128
46   |*temp1_reg[21]|            2.357091|             2.623201|           0.079112|         5.059404
47   |*temp1_reg[20]|            2.357093|             2.624922|           0.079112|         5.061128
48   |*temp1_reg[19]|            2.357149|             2.681830|           0.079112|         5.118092
49   |*temp1_reg[18]|            2.357151|             2.683441|           0.079112|         5.119705
50   |*temp1_reg[17]|            2.357085|             2.617287|           0.079112|         5.053484
51   |*temp1_reg[16]|            2.357145|             2.677311|           0.079112|         5.113568
52   |*temp1_reg[15]|            2.357146|             2.679033|           0.079112|         5.115292
53   |*temp1_reg[14]|            2.357087|             2.618898|           0.079112|         5.055098
54   |*temp1_reg[13]|            2.357085|             2.617177|           0.079112|         5.053374
55   |*temp1_reg[12]|            2.357087|             2.618898|           0.079112|         5.055098
56   |*temp1_reg[11]|            2.357143|             2.675805|           0.079112|         5.112061
57   |*temp1_reg[10]|            2.357145|             2.677418|           0.079112|         5.113675
58   |*temp1_reg[9] |            2.357079|             2.611263|           0.079112|         5.047454
59   |*temp1_reg[8] |            2.357138|             2.671288|           0.079112|         5.107539
60   |*temp1_reg[7] |            2.357140|             2.673009|           0.079112|         5.109262
61   |*temp1_reg[6] |            2.357081|             2.612874|           0.079112|         5.049067
62   |*temp1_reg[5] |            2.357079|             2.611153|           0.079112|         5.047345
63   |*temp1_reg[4] |            2.357081|             2.612874|           0.079112|         5.049067
64   |*temp1_reg[3] |            2.357137|             2.669782|           0.079112|         5.106031
65   |*temp1_reg[2] |            2.357138|             2.671393|           0.079112|         5.107645
66   |*temp1_reg[1] |            2.357073|             2.605239|           0.079112|         5.041424
67   |*temp1_reg[0] |            2.357133|             2.665264|           0.079112|         5.101509
68   |*write_reg    |            2.273089|             2.593445|           0.079112|         4.945647
69   |*wait2_reg    |            1.951075|             5.676908|           0.079112|         7.707096
70   |*wait1_reg    |            1.950090|             3.385765|           0.079112|         5.414968
71   |*i_0_0_84     |            0.256819|             0.000000|           0.014353|         0.271173
72   |*i_0_0_0      |            0.498934|             0.210479|           0.017393|         0.726806
73   |*i_0_0_1      |            0.139042|             0.207333|           0.018105|         0.364479
74   |*i_0_0_2      |            0.536559|             0.226351|           0.017393|         0.780304
75   |*i_0_0_3      |            0.134537|             0.207333|           0.018105|         0.359975
76   |*i_0_0_12     |            0.787560|             0.301200|           0.017393|         1.106153
77   |*i_0_0_13     |            0.797589|             0.221311|           0.018105|         1.037005
78   |*i_0_0_14     |            1.553405|             0.722856|           0.017393|         2.293654
79   |*i_0_0_15     |            0.787560|             0.301200|           0.017393|         1.106153
80   |*i_0_0_16     |            0.797589|             0.221311|           0.018105|         1.037005
81   |*i_0_0_17     |            1.548618|             0.722856|           0.017393|         2.288867
82   |*i_0_0_18     |            0.787560|             0.301200|           0.017393|         1.106153
83   |*i_0_0_19     |            0.797589|             0.221311|           0.018105|         1.037005
84   |*i_0_0_20     |            1.554003|             0.722856|           0.017393|         2.294253
85   |*i_0_0_21     |            0.787560|             0.301200|           0.017393|         1.106153
86   |*i_0_0_22     |            0.797589|             0.221311|           0.018105|         1.037005
87   |*i_0_0_23     |            1.554003|             0.722856|           0.017393|         2.294253
88   |*i_0_0_24     |            0.787560|             0.301200|           0.017393|         1.106153
89   |*i_0_0_25     |            0.797589|             0.221311|           0.018105|         1.037005
90   |*i_0_0_26     |            1.549216|             0.722856|           0.017393|         2.289465
91   |*i_0_0_27     |            0.787560|             0.301200|           0.017393|         1.106153
92   |*i_0_0_28     |            0.797589|             0.221311|           0.018105|         1.037005
93   |*i_0_0_29     |            1.549216|             0.722856|           0.017393|         2.289465
94   |*i_0_0_30     |            0.787560|             0.301200|           0.017393|         1.106153
95   |*i_0_0_31     |            0.797589|             0.221311|           0.018105|         1.037005
96   |*i_0_0_32     |            1.549216|             0.722856|           0.017393|         2.289465
97   |*i_0_0_33     |            0.787560|             0.301200|           0.017393|         1.106153
98   |*i_0_0_34     |            0.797589|             0.221311|           0.018105|         1.037005
99   |*i_0_0_35     |            1.554003|             0.722856|           0.017393|         2.294253
100  |*i_0_0_36     |            0.787560|             0.301200|           0.017393|         1.106153
101  |*i_0_0_37     |            0.797589|             0.221311|           0.018105|         1.037005
102  |*i_0_0_38     |            1.554003|             0.722856|           0.017393|         2.294253
103  |*i_0_0_39     |            0.787560|             0.301200|           0.017393|         1.106153
104  |*i_0_0_40     |            0.797589|             0.221311|           0.018105|         1.037005
105  |*i_0_0_41     |            1.549216|             0.722856|           0.017393|         2.289465
106  |*i_0_0_42     |            0.787560|             0.301200|           0.017393|         1.106153
107  |*i_0_0_43     |            0.797589|             0.221311|           0.018105|         1.037005
108  |*i_0_0_44     |            1.554602|             0.722856|           0.017393|         2.294851
109  |*i_0_0_45     |            0.787560|             0.301200|           0.017393|         1.106153
110  |*i_0_0_46     |            0.797589|             0.221311|           0.018105|         1.037005
111  |*i_0_0_47     |            1.554602|             0.722856|           0.017393|         2.294851
112  |*i_0_0_48     |            0.787560|             0.301200|           0.017393|         1.106153
113  |*i_0_0_49     |            0.797589|             0.221311|           0.018105|         1.037005
114  |*i_0_0_50     |            1.549814|             0.722856|           0.017393|         2.290064
115  |*i_0_0_51     |            0.787560|             0.301200|           0.017393|         1.106153
116  |*i_0_0_52     |            0.797589|             0.221311|           0.018105|         1.037005
117  |*i_0_0_53     |            1.549814|             0.722856|           0.017393|         2.290064
118  |*i_0_0_54     |            0.787560|             0.301200|           0.017393|         1.106153
119  |*i_0_0_55     |            0.797589|             0.221311|           0.018105|         1.037005
120  |*i_0_0_56     |            1.549814|             0.722856|           0.017393|         2.290064
121  |*i_0_0_57     |            0.787560|             0.301200|           0.017393|         1.106153
122  |*i_0_0_58     |            0.797589|             0.221311|           0.018105|         1.037005
123  |*i_0_0_59     |            1.554602|             0.722856|           0.017393|         2.294851
124  |*i_0_0_60     |            0.787560|             0.301200|           0.017393|         1.106153
125  |*i_0_0_61     |            0.797589|             0.221311|           0.018105|         1.037005
126  |*i_0_0_62     |            1.554602|             0.722856|           0.017393|         2.294851
127  |*i_0_0_63     |            0.787560|             0.301200|           0.017393|         1.106153
128  |*i_0_0_64     |            0.797589|             0.221311|           0.018105|         1.037005
129  |*i_0_0_65     |            1.549814|             0.722856|           0.017393|         2.290064
130  |*i_0_0_66     |            0.787560|             0.301200|           0.017393|         1.106153
131  |*i_0_0_67     |            0.797589|             0.221311|           0.018105|         1.037005
132  |*i_0_0_68     |            1.555200|             0.722856|           0.017393|         2.295450
133  |*i_0_0_69     |            0.787560|             0.301200|           0.017393|         1.106153
134  |*i_0_0_70     |            0.797589|             0.221311|           0.018105|         1.037005
135  |*i_0_0_71     |            1.554602|             0.722856|           0.017393|         2.294851
136  |*i_0_0_72     |            0.787560|             0.301200|           0.017393|         1.106153
137  |*i_0_0_73     |            0.797589|             0.221311|           0.018105|         1.037005
138  |*i_0_0_74     |            1.550413|             0.722856|           0.017393|         2.290662
139  |*i_0_0_75     |            0.787560|             0.301200|           0.017393|         1.106153
140  |*i_0_0_76     |            0.797589|             0.221311|           0.018105|         1.037005
141  |*i_0_0_77     |            1.549814|             0.722856|           0.017393|         2.290064
142  |*i_0_0_78     |            0.787560|             0.301200|           0.017393|         1.106153
143  |*i_0_0_79     |            0.797589|             0.221311|           0.018105|         1.037005
144  |*i_0_0_80     |            1.550413|             0.722856|           0.017393|         2.290662
145  |*i_0_0_81     |            0.787560|             0.301200|           0.017393|         1.106153
146  |*i_0_0_82     |            0.797589|             0.221311|           0.018105|         1.037005
147  |*i_0_0_83     |            1.555200|             0.722856|           0.017393|         2.295450
148  |*i_0_0_85     |            0.787560|             0.301200|           0.017393|         1.106153
149  |*i_0_0_86     |            0.797589|             0.221311|           0.018105|         1.037005
150  |*i_0_0_87     |            1.555200|             0.722856|           0.017393|         2.295450
151  |*i_0_0_88     |            0.787560|             0.301200|           0.017393|         1.106153
152  |*i_0_0_89     |            0.797589|             0.221311|           0.018105|         1.037005
153  |*i_0_0_90     |            1.549814|             0.722856|           0.017393|         2.290064
154  |*i_0_0_91     |            0.787560|             0.301200|           0.017393|         1.106153
155  |*i_0_0_92     |            0.797589|             0.221311|           0.018105|         1.037005
156  |*i_0_0_93     |            1.555200|             0.722856|           0.017393|         2.295450
157  |*i_0_0_94     |            0.787560|             0.301200|           0.017393|         1.106153
158  |*i_0_0_95     |            0.797589|             0.221311|           0.018105|         1.037005
159  |*i_0_0_96     |            1.555200|             0.722856|           0.017393|         2.295450
160  |*i_0_0_97     |            0.787560|             0.301200|           0.017393|         1.106153
161  |*i_0_0_98     |            0.797589|             0.221311|           0.018105|         1.037005
162  |*i_0_0_99     |            1.550413|             0.722856|           0.017393|         2.290662
163  |*i_0_0_100    |            0.787560|             0.301200|           0.017393|         1.106153
164  |*i_0_0_101    |            0.797589|             0.221311|           0.018105|         1.037005
165  |*i_0_0_102    |            1.550413|             0.722856|           0.017393|         2.290662
166  |*i_0_0_103    |            0.787560|             0.301200|           0.017393|         1.106153
167  |*i_0_0_104    |            0.797589|             0.221311|           0.018105|         1.037005
168  |*i_0_0_105    |            1.550413|             0.722856|           0.017393|         2.290662
169  |*i_0_0_106    |            0.787560|             0.301200|           0.017393|         1.106153
170  |*i_0_0_107    |            0.797589|             0.221311|           0.018105|         1.037005
171  |*i_0_0_108    |            9.074833|            21.980532|           0.014353|        31.069717
172  |*i_0_0_109    |            1.789984|             3.831006|           0.022619|         5.643609
173  |*i_0_0_110    |            1.555798|             0.722856|           0.017393|         2.296048
174  |*i_0_0_111    |            1.384820|            13.207598|           0.022039|        14.614457
175  |*i_0_0_112    |            0.981064|             0.308434|           0.022619|         1.312117
176  |*i_0_0_113    |            1.532747|             0.724992|           0.017393|         2.275132
177  |*i_0_0_114    |            1.032934|             1.407863|           0.014353|         2.455151
178  |*i_0_0_115    |            0.981064|             0.308434|           0.022619|         1.312117
179  |*i_0_0_116    |            1.528016|             0.724992|           0.017393|         2.270402
180  |*i_0_0_117    |            1.032934|             1.407863|           0.014353|         2.455151
181  |*i_0_0_118    |            0.981064|             0.308434|           0.022619|         1.312117
182  |*i_0_0_119    |            1.533338|             0.724992|           0.017393|         2.275724
183  |*i_0_0_120    |            1.032934|             1.407863|           0.014353|         2.455151
184  |*i_0_0_121    |            0.981064|             0.308434|           0.022619|         1.312117
185  |*i_0_0_122    |            1.532747|             0.724992|           0.017393|         2.275132
186  |*i_0_0_123    |            1.032934|             1.407863|           0.014353|         2.455151
187  |*i_0_0_124    |            0.981064|             0.308434|           0.022619|         1.312117
188  |*i_0_0_125    |            1.528608|             0.724992|           0.017393|         2.270993
189  |*i_0_0_126    |            1.032934|             1.407863|           0.014353|         2.455151
190  |*i_0_0_127    |            0.981064|             0.308434|           0.022619|         1.312117
191  |*i_0_0_128    |            1.528016|             0.724992|           0.017393|         2.270402
192  |*i_0_0_129    |            1.032934|             1.407863|           0.014353|         2.455151
193  |*i_0_0_130    |            0.981064|             0.308434|           0.022619|         1.312117
194  |*i_0_0_131    |            1.528608|             0.724992|           0.017393|         2.270993
195  |*i_0_0_132    |            1.032934|             1.407863|           0.014353|         2.455151
196  |*i_0_0_133    |            0.981064|             0.308434|           0.022619|         1.312117
197  |*i_0_0_134    |            1.533338|             0.724992|           0.017393|         2.275724
198  |*i_0_0_135    |            1.032934|             1.407863|           0.014353|         2.455151
199  |*i_0_0_136    |            0.981064|             0.308434|           0.022619|         1.312117
200  |*i_0_0_137    |            1.533338|             0.724992|           0.017393|         2.275724
201  |*i_0_0_138    |            1.032934|             1.407863|           0.014353|         2.455151
202  |*i_0_0_139    |            0.981064|             0.308434|           0.022619|         1.312117
203  |*i_0_0_140    |            1.528016|             0.724992|           0.017393|         2.270402
204  |*i_0_0_141    |            1.032934|             1.407863|           0.014353|         2.455151
205  |*i_0_0_142    |            0.981064|             0.308434|           0.022619|         1.312117
206  |*i_0_0_143    |            1.533930|             0.724992|           0.017393|         2.276315
207  |*i_0_0_144    |            1.032934|             1.407863|           0.014353|         2.455151
208  |*i_0_0_145    |            0.981064|             0.308434|           0.022619|         1.312117
209  |*i_0_0_146    |            1.533338|             0.724992|           0.017393|         2.275724
210  |*i_0_0_147    |            1.032934|             1.407863|           0.014353|         2.455151
211  |*i_0_0_148    |            0.981064|             0.308434|           0.022619|         1.312117
212  |*i_0_0_149    |            1.529199|             0.724992|           0.017393|         2.271584
213  |*i_0_0_150    |            1.032934|             1.407863|           0.014353|         2.455151
214  |*i_0_0_151    |            0.981064|             0.308434|           0.022619|         1.312117
215  |*i_0_0_152    |            1.528608|             0.724992|           0.017393|         2.270993
216  |*i_0_0_153    |            1.032934|             1.407863|           0.014353|         2.455151
217  |*i_0_0_154    |            0.981064|             0.308434|           0.022619|         1.312117
218  |*i_0_0_155    |            1.529199|             0.724992|           0.017393|         2.271584
219  |*i_0_0_156    |            1.032934|             1.407863|           0.014353|         2.455151
220  |*i_0_0_157    |            0.981064|             0.308434|           0.022619|         1.312117
221  |*i_0_0_158    |            1.533930|             0.724992|           0.017393|         2.276315
222  |*i_0_0_159    |            1.032934|             1.407863|           0.014353|         2.455151
223  |*i_0_0_160    |            0.981064|             0.308434|           0.022619|         1.312117
224  |*i_0_0_161    |            1.533930|             0.724992|           0.017393|         2.276315
225  |*i_0_0_162    |            1.032934|             1.407863|           0.014353|         2.455151
226  |*i_0_0_163    |            0.981064|             0.308434|           0.022619|         1.312117
227  |*i_0_0_164    |            1.528608|             0.724992|           0.017393|         2.270993
228  |*i_0_0_165    |            1.032934|             1.407863|           0.014353|         2.455151
229  |*i_0_0_166    |            0.981064|             0.308434|           0.022619|         1.312117
230  |*i_0_0_167    |            1.533930|             0.724992|           0.017393|         2.276315
231  |*i_0_0_168    |            1.032934|             1.407863|           0.014353|         2.455151
232  |*i_0_0_169    |            0.981064|             0.308434|           0.022619|         1.312117
233  |*i_0_0_170    |            1.533930|             0.724992|           0.017393|         2.276315
234  |*i_0_0_171    |            1.032934|             1.407863|           0.014353|         2.455151
235  |*i_0_0_172    |            0.981064|             0.308434|           0.022619|         1.312117
236  |*i_0_0_173    |            1.529199|             0.724992|           0.017393|         2.271584
237  |*i_0_0_174    |            1.032934|             1.407863|           0.014353|         2.455151
238  |*i_0_0_175    |            0.981064|             0.308434|           0.022619|         1.312117
239  |*i_0_0_176    |            1.529199|             0.724992|           0.017393|         2.271584
240  |*i_0_0_177    |            1.032934|             1.407863|           0.014353|         2.455151
241  |*i_0_0_178    |            0.981064|             0.308434|           0.022619|         1.312117
242  |*i_0_0_179    |            1.529199|             0.724992|           0.017393|         2.271584
243  |*i_0_0_180    |            1.032934|             1.407863|           0.014353|         2.455151
244  |*i_0_0_181    |            0.981064|             0.308434|           0.022619|         1.312117
245  |*i_0_0_182    |            1.534521|             0.724992|           0.017393|         2.276906
246  |*i_0_0_183    |            1.032934|             1.407863|           0.014353|         2.455151
247  |*i_0_0_184    |            0.981064|             0.308434|           0.022619|         1.312117
248  |*i_0_0_185    |            1.533930|             0.724992|           0.017393|         2.276315
249  |*i_0_0_186    |            1.032934|             1.407863|           0.014353|         2.455151
250  |*i_0_0_187    |            0.981064|             0.308434|           0.022619|         1.312117
251  |*i_0_0_188    |            1.529199|             0.724992|           0.017393|         2.271584
252  |*i_0_0_189    |            1.032934|             1.407863|           0.014353|         2.455151
253  |*i_0_0_190    |            0.981064|             0.308434|           0.022619|         1.312117
254  |*i_0_0_191    |            1.534521|             0.724992|           0.017393|         2.276906
255  |*i_0_0_192    |            1.032934|             1.407863|           0.014353|         2.455151
256  |*i_0_0_193    |            0.981064|             0.308434|           0.022619|         1.312117
257  |*i_0_0_194    |            1.534521|             0.724992|           0.017393|         2.276906
258  |*i_0_0_195    |            1.032934|             1.407863|           0.014353|         2.455151
259  |*i_0_0_196    |            0.981064|             0.308434|           0.022619|         1.312117
260  |*i_0_0_197    |            1.529791|             0.724992|           0.017393|         2.272176
261  |*i_0_0_198    |            1.032934|             1.407863|           0.014353|         2.455151
262  |*i_0_0_199    |            0.981064|             0.308434|           0.022619|         1.312117
263  |*i_0_0_200    |            1.529791|             0.724992|           0.017393|         2.272176
264  |*i_0_0_201    |            1.032934|             1.407863|           0.014353|         2.455151
265  |*i_0_0_202    |            0.981064|             0.308434|           0.022619|         1.312117
266  |*i_0_0_203    |            1.529791|             0.724992|           0.017393|         2.272176
267  |*i_0_0_204    |            1.032934|             1.407863|           0.014353|         2.455151
268  |*i_0_0_205    |            0.981064|             0.308434|           0.022619|         1.312117
269  |*i_0_0_206    |            1.534521|             0.724992|           0.017393|         2.276906
270  |*i_0_0_207    |            1.151245|            27.277571|           0.018105|        28.446918
271  |*i_0_0_208    |            0.344515|             0.780933|           0.017393|         1.142842
272  |*i_0_0_209    |            0.216023|             0.622781|           0.014353|         0.853157
273  |*i_0_0_210    |            1.032934|             1.407863|           0.014353|         2.455151
274  |*i_0_0_211    |            0.455784|             0.313793|           0.018105|         0.787681
275  |*i_0_0_212    |            0.533088|             0.765529|           0.018105|         1.316722
276  |*i_0_0_213    |            0.453789|             0.315194|           0.018105|         0.787088
277  |*i_0_0_214    |            0.135006|             0.462727|           0.018105|         0.615838
278  |*i_0_0_215    |            0.139706|             0.450511|           0.018105|         0.608322
279  |*i_0_0_216    |            0.521357|             0.752746|           0.018105|         1.292208
280  |*i_0_0_217    |            0.243821|             0.734967|           0.018105|         0.996892
281  |*i_0_0_218    |            0.245485|             0.683949|           0.018105|         0.947539
282  |*i_0_0_219    |           36.791458|            13.471768|           0.014353|        50.277580
283  |*i_0_0_220    |            0.263934|             2.828604|           0.014353|         3.106890
284  |*i_0_0_4      |            1.160797|             0.301178|           0.022619|         1.484594
285  |*i_0_0_5      |            0.452140|             0.650346|           0.017393|         1.119879
286  |*i_0_0_6      |            1.297945|             0.358137|           0.032601|         1.688684
287  |              |                    |                     |                   |                 
288  |*TOTAL        |          436.227844|           403.717102|           9.417577|       849.362549
-----+--------------+--------------------+---------------------+-------------------+-----------------
