warning: No library characterized for (process = 1.00 voltage = 0.85 temperature = 25.00) can be found in the database for power domain '/PD_TOP'  [NL-174]
Report Power (instances with prefix '*' are included in total) : 
-----+-----------------+--------------------+---------------------+-------------------+-----------------
     | Instance        | Internal Power(uw) | Switching Power(uw) | Leakage Power(uw) | Total Power(uw) 
-----+-----------------+--------------------+---------------------+-------------------+-----------------
1    |*dividend_reg    |           31.881466|            45.041401|           1.763040|        78.685905
2    |*data1_reg       |           46.930656|            23.852545|           1.763040|        72.546242
3    |*data2_reg       |           46.976513|            26.012377|           1.763040|        74.751930
4    |*tolerance_reg   |           47.322376|            36.163162|           1.763040|        85.248573
5    |*result_reg      |           31.543932|            21.411064|           1.763040|        54.718037
6    |*adder           |           83.981003|           171.614227|           4.420764|       260.015991
7    |*error_reg       |           31.423077|            33.359741|           1.763040|        66.545853
8    |*divider         |          310.535614|           481.251831|          17.570684|       809.358154
9    |*step_reg        |           35.292400|            54.723957|           1.763040|        91.779388
10   |*multiplier      |          264.378296|           493.963226|          14.393130|       772.734680
11   |*n_reg           |           47.057873|            28.054737|           1.763040|        76.875648
12   |*loop_counter_reg|           51.976566|           114.195396|           3.618138|       169.790115
13   |*controlFSM      |           25.863634|           108.792259|           2.455724|       137.111618
14   |*address1_reg    |          113.229584|           161.236679|           3.767294|       278.233551
15   |*address2_reg    |          116.875427|           167.147552|           3.788515|       287.811493
16   |*i_0_0_0         |            0.834404|             4.841506|           0.022695|         5.698605
17   |*i_0_0_1         |            0.198196|             0.481829|           0.014353|         0.694379
18   |*i_0_0_2         |            0.371981|             3.274394|           0.047399|         3.693774
19   |*i_0_0_3         |            0.198196|             0.481829|           0.014353|         0.694379
20   |*i_0_0_4         |            0.371981|             3.274394|           0.047399|         3.693774
21   |*i_0_0_5         |            0.198196|             0.481829|           0.014353|         0.694379
22   |*i_0_0_6         |            0.371867|             3.274394|           0.047399|         3.693660
23   |*i_0_0_7         |            0.198196|             0.481829|           0.014353|         0.694379
24   |*i_0_0_8         |            0.371867|             3.274394|           0.047399|         3.693660
25   |*i_0_0_9         |            0.198196|             0.481829|           0.014353|         0.694379
26   |*i_0_0_10        |            0.371981|             3.274394|           0.047399|         3.693774
27   |*i_0_0_11        |            0.198196|             0.481829|           0.014353|         0.694379
28   |*i_0_0_12        |            0.371981|             3.274394|           0.047399|         3.693774
29   |*i_0_0_13        |            0.198196|             0.481829|           0.014353|         0.694379
30   |*i_0_0_14        |            0.371981|             3.274394|           0.047399|         3.693774
31   |*i_0_0_15        |            0.198196|             0.481829|           0.014353|         0.694379
32   |*i_0_0_16        |            0.371867|             3.274394|           0.047399|         3.693660
33   |*i_0_0_17        |            0.198196|             0.481829|           0.014353|         0.694379
34   |*i_0_0_18        |            0.371867|             3.274394|           0.047399|         3.693660
35   |*i_0_0_19        |            0.198196|             0.481829|           0.014353|         0.694379
36   |*i_0_0_20        |            0.371867|             3.274394|           0.047399|         3.693660
37   |*i_0_0_21        |            0.198196|             0.481829|           0.014353|         0.694379
38   |*i_0_0_22        |            0.371867|             3.274394|           0.047399|         3.693660
39   |*i_0_0_23        |            0.198196|             0.481829|           0.014353|         0.694379
40   |*i_0_0_24        |            0.371867|             3.274394|           0.047399|         3.693660
41   |*i_0_0_25        |            0.198196|             0.481829|           0.014353|         0.694379
42   |*i_0_0_26        |            0.371867|             3.274394|           0.047399|         3.693660
43   |*i_0_0_27        |            0.198196|             0.481829|           0.014353|         0.694379
44   |*i_0_0_28        |            0.371867|             3.274394|           0.047399|         3.693660
45   |*i_0_0_29        |            0.198196|             0.481829|           0.014353|         0.694379
46   |*i_0_0_30        |            0.371867|             3.274394|           0.047399|         3.693660
47   |*i_0_0_31        |            0.198196|             0.481829|           0.014353|         0.694379
48   |*i_0_0_32        |            0.371867|             3.274394|           0.047399|         3.693660
49   |*i_0_0_33        |            0.000047|             0.001005|           0.021200|         0.022251
50   |*i_0_0_34        |            0.479501|             1.256042|           0.035928|         1.771471
51   |*i_0_0_35        |            0.484393|             1.545411|           0.035928|         2.065733
52   |*i_0_0_36        |            0.482014|             1.256042|           0.035928|         1.773985
53   |*i_0_0_37        |            0.485873|             1.545411|           0.035928|         2.067213
54   |*i_0_0_38        |            0.482044|             1.256042|           0.035928|         1.774014
55   |*i_0_0_39        |            0.486057|             1.545411|           0.035928|         2.067397
56   |*i_0_0_40        |            0.479860|             1.256042|           0.035928|         1.771830
57   |*i_0_0_41        |            0.485370|             1.545411|           0.035928|         2.066710
58   |*i_0_0_42        |            0.483029|             1.256042|           0.035928|         1.774999
59   |*i_0_0_43        |            0.485873|             1.545411|           0.035928|         2.067213
60   |*i_0_0_44        |            0.482044|             1.256042|           0.035928|         1.774014
61   |*i_0_0_45        |            0.485262|             1.545411|           0.035928|         2.066602
62   |*i_0_0_46        |            0.483029|             1.256042|           0.035928|         1.774999
63   |*i_0_0_47        |            0.483836|             1.545411|           0.035928|         2.065176
64   |*i_0_0_48        |            0.481431|             1.256042|           0.035928|         1.773401
65   |*i_0_0_49        |            0.485236|             1.545411|           0.035928|         2.066576
66   |*i_0_0_50        |            0.008579|             0.407218|           0.021200|         0.436997
67   |*i_0_0_51        |            0.075467|             0.162577|           0.014353|         0.252397
68   |*i_0_0_52        |            0.110619|             0.881163|           0.034026|         1.025808
69   |*i_0_0_53        |            0.075467|             0.162577|           0.014353|         0.252397
70   |*i_0_0_54        |            0.110679|             0.881163|           0.034026|         1.025868
71   |*i_0_0_55        |            0.023336|             0.053787|           0.014353|         0.091476
72   |*i_0_0_56        |            0.031784|             0.291525|           0.032612|         0.355921
73   |*i_0_0_57        |            0.023336|             0.053787|           0.014353|         0.091476
74   |*i_0_0_58        |            0.031710|             0.291525|           0.032612|         0.355847
75   |*i_0_0_59        |            0.075467|             0.162577|           0.014353|         0.252397
76   |*i_0_0_60        |            0.110621|             0.881163|           0.034026|         1.025810
77   |*i_0_0_61        |            0.075467|             0.162577|           0.014353|         0.252397
78   |*i_0_0_62        |            0.110682|             0.881163|           0.034026|         1.025870
79   |*i_0_0_63        |            0.075467|             0.162577|           0.014353|         0.252397
80   |*i_0_0_64        |            0.110682|             0.881163|           0.034026|         1.025870
81   |*i_0_0_65        |            0.047000|             0.108334|           0.014353|         0.169687
82   |*i_0_0_66        |            0.063578|             0.582229|           0.032612|         0.678419
83   |*i_0_0_67        |            0.023336|             0.053787|           0.014353|         0.091476
84   |*i_0_0_68        |            0.031701|             0.291525|           0.032612|         0.355838
85   |*i_0_0_69        |            0.047000|             0.108334|           0.014353|         0.169687
86   |*i_0_0_70        |            0.063697|             0.582229|           0.032612|         0.678538
87   |*i_0_0_71        |            0.047000|             0.108334|           0.014353|         0.169687
88   |*i_0_0_72        |            0.064002|             0.582229|           0.032612|         0.678843
89   |*i_0_0_73        |            0.047000|             0.108334|           0.014353|         0.169687
90   |*i_0_0_74        |            0.063578|             0.582229|           0.032612|         0.678419
91   |*i_0_0_75        |            0.047000|             0.108334|           0.014353|         0.169687
92   |*i_0_0_76        |            0.063559|             0.582229|           0.032612|         0.678400
93   |*i_0_0_77        |            0.047000|             0.108334|           0.014353|         0.169687
94   |*i_0_0_78        |            0.063697|             0.582229|           0.032612|         0.678538
95   |*i_0_0_79        |            0.047000|             0.108334|           0.014353|         0.169687
96   |*i_0_0_80        |            0.063697|             0.582229|           0.032612|         0.678538
97   |*i_0_0_81        |            0.047000|             0.108334|           0.014353|         0.169687
98   |*i_0_0_82        |            0.063582|             0.582229|           0.032612|         0.678424
99   |*i_0_0_83        |            0.005444|             0.122185|           0.017393|         0.145022
100  |*i_0_0_84        |            0.642019|             0.366845|           0.035928|         1.044793
101  |*i_0_0_85        |            0.644117|             0.366845|           0.035928|         1.046891
102  |*i_0_0_86        |            0.642579|             0.366845|           0.035928|         1.045353
103  |*i_0_0_87        |            0.644008|             0.366845|           0.035928|         1.046782
104  |*i_0_0_88        |            0.642420|             0.366845|           0.035928|         1.045194
105  |*i_0_0_89        |            0.388243|             0.216520|           0.035928|         0.640691
106  |*i_0_0_90        |            0.387455|             0.216520|           0.035928|         0.639903
107  |*i_0_0_91        |            0.517699|             0.289365|           0.035928|         0.842993
108  |*i_0_0_92        |            0.387310|             0.216520|           0.035928|         0.639759
109  |*i_0_0_93        |            0.518954|             0.289365|           0.035928|         0.844248
110  |*i_0_0_95        |            0.517699|             0.289365|           0.035928|         0.842993
111  |*i_0_0_96        |            0.517672|             0.289365|           0.035928|         0.842966
112  |*i_0_0_97        |            0.518984|             0.289365|           0.035928|         0.844278
113  |*i_0_0_98        |            0.518305|             0.289365|           0.035928|         0.843599
114  |*i_0_0_99        |            0.517416|             0.289365|           0.035928|         0.842710
115  |*i_0_0_94        |            0.268529|             0.475317|           0.014353|         0.758200
116  |*i_0_0_100       |            0.596295|             4.400622|           0.047399|         5.044316
117  |*i_0_0_103       |            0.268529|             0.475317|           0.014353|         0.758200
118  |*i_0_0_104       |            0.597513|             4.400530|           0.047399|         5.045442
119  |*i_0_0_105       |            0.268529|             0.475317|           0.014353|         0.758200
120  |*i_0_0_106       |            0.597396|             4.400548|           0.047399|         5.045344
121  |*i_0_0_107       |            0.267953|             0.474298|           0.014353|         0.756604
122  |*i_0_0_108       |            0.595307|             4.391183|           0.047399|         5.033889
123  |*i_0_0_109       |            0.268094|             0.474547|           0.014353|         0.756994
124  |*i_0_0_110       |            0.595419|             4.393491|           0.047399|         5.036309
125  |*i_0_0_111       |            0.267945|             0.474284|           0.014353|         0.756582
126  |*i_0_0_112       |            0.595976|             4.391055|           0.047399|         5.034430
127  |*i_0_0_113       |            0.267945|             0.474284|           0.014353|         0.756583
128  |*i_0_0_114       |            0.595971|             4.391056|           0.047399|         5.034426
129  |*i_0_0_115       |            0.268089|             0.474538|           0.014353|         0.756980
130  |*i_0_0_116       |            0.595514|             4.393410|           0.047399|         5.036323
131  |*i_0_0_117       |            0.268045|             0.474461|           0.014353|         0.756860
132  |*i_0_0_118       |            0.596184|             4.392697|           0.047399|         5.036280
133  |*i_0_0_119       |            0.268046|             0.474463|           0.014353|         0.756862
134  |*i_0_0_120       |            0.596176|             4.392708|           0.047399|         5.036283
135  |*i_0_0_121       |            0.268046|             0.474462|           0.014353|         0.756862
136  |*i_0_0_122       |            0.596177|             4.392707|           0.047399|         5.036283
137  |*i_0_0_123       |            0.268046|             0.474463|           0.014353|         0.756862
138  |*i_0_0_124       |            0.596175|             4.392709|           0.047399|         5.036283
139  |*i_0_0_125       |            0.268046|             0.474463|           0.014353|         0.756862
140  |*i_0_0_126       |            0.596175|             4.392709|           0.047399|         5.036283
141  |*i_0_0_127       |            0.268062|             0.474490|           0.014353|         0.756905
142  |*i_0_0_128       |            0.595967|             4.392962|           0.047399|         5.036327
143  |*i_0_0_129       |            0.268085|             0.474531|           0.014353|         0.756969
144  |*i_0_0_130       |            0.596024|             4.393342|           0.047399|         5.036765
145  |*i_0_0_131       |            0.268095|             0.474548|           0.014353|         0.756996
146  |*i_0_0_132       |            0.596033|             4.393503|           0.047399|         5.036935
147  |*i_0_0_101       |            0.016564|             0.359594|           0.021200|         0.397357
148  |*i_0_0_102       |            0.135690|             3.119086|           0.021200|         3.275975
149  |*i_0_0_135       |            0.824219|             0.464240|           0.022695|         1.311153
150  |*i_0_0_176       |            0.054312|             2.210054|           0.014353|         2.278719
151  |*i_0_0_133       |            0.005197|             0.016133|           0.014353|         0.035683
152  |*i_0_0_134       |            0.087732|             0.244237|           0.014353|         0.346322
153  |*i_0_0_136       |            0.089141|             0.274557|           0.014353|         0.378052
154  |*i_0_0_182       |            0.003786|             0.123845|           0.014353|         0.141983
155  |*i_0_0_137       |            1.390824|             4.322012|           0.017393|         5.730229
156  |*i_0_0_138       |            9.637429|             1.316520|           0.014353|        10.968302
157  |*i_0_0_139       |            1.735393|             0.746840|           0.027858|         2.510091
158  |*i_0_0_140       |            9.622176|             1.413200|           0.014353|        11.049729
159  |*i_0_0_141       |            0.242482|             0.293628|           0.014353|         0.550463
160  |*i_0_0_142       |            0.345432|             2.713371|           0.034026|         3.092829
161  |*i_0_0_143       |            0.083864|             1.560655|           0.014353|         1.658872
162  |*i_0_0_144       |            0.110643|             7.085583|           0.021200|         7.217424
163  |*i_0_0_145       |            3.063674|             0.726625|           0.025066|         3.815365
164  |*i_0_0_146       |            0.101415|             3.061055|           0.014353|         3.176824
165  |*i_0_0_147       |            0.129192|             1.980226|           0.021200|         2.130618
166  |*i_0_0_148       |            3.063674|             0.726625|           0.025066|         3.815365
167  |*i_0_0_149       |            3.063674|             0.726625|           0.025066|         3.815365
168  |*i_0_0_150       |            3.063674|             0.726625|           0.025066|         3.815365
169  |*i_0_0_151       |            3.063674|             0.726625|           0.025066|         3.815365
170  |*i_0_0_152       |            3.063674|             0.726625|           0.025066|         3.815365
171  |*i_0_0_153       |            3.063674|             0.726625|           0.025066|         3.815365
172  |*i_0_0_154       |            3.063674|             0.726625|           0.025066|         3.815365
173  |*i_0_0_155       |            3.063674|             0.726625|           0.025066|         3.815365
174  |*i_0_0_156       |            3.063674|             0.726625|           0.025066|         3.815365
175  |*i_0_0_157       |            3.063674|             0.726625|           0.025066|         3.815365
176  |*i_0_0_158       |            3.063674|             0.726625|           0.025066|         3.815365
177  |*i_0_0_159       |            3.063674|             0.726625|           0.025066|         3.815365
178  |*i_0_0_160       |            3.063674|             0.726625|           0.025066|         3.815365
179  |*i_0_0_161       |            3.063674|             0.726625|           0.025066|         3.815365
180  |*i_0_0_162       |            3.056967|             0.726261|           0.025066|         3.808294
181  |*i_0_0_163       |            3.056967|             0.726261|           0.025066|         3.808294
182  |*i_0_0_164       |            3.056967|             0.726261|           0.025066|         3.808294
183  |*i_0_0_165       |            3.056967|             0.726261|           0.025066|         3.808294
184  |*i_0_0_166       |            3.056967|             0.726261|           0.025066|         3.808294
185  |*i_0_0_167       |            3.056967|             0.726261|           0.025066|         3.808294
186  |*i_0_0_168       |            3.056967|             0.726261|           0.025066|         3.808294
187  |*i_0_0_169       |            3.056967|             0.726261|           0.025066|         3.808294
188  |*i_0_0_170       |            3.056967|             0.726261|           0.025066|         3.808294
189  |*i_0_0_171       |            3.056967|             0.726261|           0.025066|         3.808294
190  |*i_0_0_172       |            3.056967|             0.726261|           0.025066|         3.808294
191  |*i_0_0_173       |            3.056967|             0.726261|           0.025066|         3.808294
192  |*i_0_0_174       |            3.056967|             0.726261|           0.025066|         3.808294
193  |*i_0_0_175       |            3.056967|             0.726261|           0.025066|         3.808294
194  |*i_0_0_177       |            3.056967|             0.726261|           0.025066|         3.808294
195  |*i_0_0_178       |            0.041309|             0.059219|           0.027025|         0.127553
196  |*i_0_0_179       |            0.565897|             0.471696|           0.032601|         1.070195
197  |*i_0_0_180       |            0.563014|             0.449796|           0.032601|         1.045411
198  |*i_0_0_181       |            0.555354|             0.430982|           0.032601|         1.018937
199  |*i_0_0_183       |            0.551709|             0.409972|           0.032601|         0.994282
200  |                 |                    |                     |                   |                 
201  |*TOTAL           |         1445.489868|          2203.808838|          69.289024|      3718.587646
-----+-----------------+--------------------+---------------------+-------------------+-----------------
