Report End Points: 
-----+-------+------+-------+-----+-----+-----+-----+----------------+-----------------
     |Group  |Launch|Capture|Shift|Delay|Depth|Slack|Begin Point     |End Point        
-----+-------+------+-------+-----+-----+-----+-----+----------------+-----------------
1    |default|sysclk|sysclk |900.0| 27.4|    2|666.8|counter_reg[3]/Q|counter2_reg[3]/D
2    |default|sysclk|sysclk |900.0| 32.4|    2|669.0|counter_reg[2]/Q|counter2_reg[2]/D
3    |default|sysclk|sysclk |900.0| 29.8|    2|675.8|counter_reg[4]/Q|counter2_reg[4]/D
-----+-------+------+-------+-----+-----+-----+-----+----------------+-----------------
Report End Points: 
-----+-----+--------------+-------+-----+-----+-----+-----+-----------+-----------------
     |Group|Launch        |Capture|Shift|Delay|Depth|Slack|Begin Point|End Point        
-----+-----+--------------+-------+-----+-----+-----+-----+-----------+-----------------
1    |I2R  |rtDefaultClock|sysclk |900.0| 49.0|    1|118.6|reset      |counter2_reg[4]/D
2    |I2R  |rtDefaultClock|sysclk |900.0| 49.0|    1|118.6|reset      |counter2_reg[3]/D
3    |I2R  |rtDefaultClock|sysclk |900.0| 49.0|    1|118.6|reset      |counter2_reg[2]/D
-----+-----+--------------+-------+-----+-----+-----+-----+-----------+-----------------
Report End Points: 
-----+-----+------+-------+-----+-----+-----+-----+-----------+---------
     |Group|Launch|Capture|Shift|Delay|Depth|Slack|Begin Point|End Point
-----+-----+------+-------+-----+-----+-----+-----+-----------+---------
1    |I2O  |      |       |     |     |     |     |           |         
-----+-----+------+-------+-----+-----+-----+-----+-----------+---------
Report End Points: 
-----+-----+------+-------+------+-----+-----+------+-------------+---------
     |Group|Launch|Capture|Shift |Delay|Depth|Slack |Begin Point  |End Point
-----+-----+------+-------+------+-----+-----+------+-------------+---------
1    |R2O  |sysclk|vsysclk|1800.0|  0.6|    0|1149.9|store_reg/Q  |store    
2    |R2O  |sysclk|vsysclk|1800.0|  0.6|    0|1149.9|out_reg[31]/Q|out[31]  
3    |R2O  |sysclk|vsysclk|1800.0|  0.6|    0|1149.9|out_reg[30]/Q|out[30]  
-----+-----+------+-------+------+-----+-----+------+-------------+---------
