warning: No library characterized for (process = 1.00 voltage = 0.85 temperature = 25.00) can be found in the database for power domain '/PD_TOP'  [NL-174]
Report Power (instances with prefix '*' are included in total) : 
-----+----------------------+--------------------+---------------------+-------------------+-----------------
     | Instance             | Internal Power(uw) | Switching Power(uw) | Leakage Power(uw) | Total Power(uw) 
-----+----------------------+--------------------+---------------------+-------------------+-----------------
1    |*sub1                 |            0.000000|             0.000000|           0.000000|         0.000000
2    |*sub2                 |            0.000000|             0.000000|           0.000000|         0.000000
3    |*add1                 |            0.000000|             0.000000|           0.000000|         0.000000
4    |*out_reg[31]          |            2.366209|             2.142802|           0.079112|         4.588123
5    |*out_reg[30]          |            2.366228|             2.144534|           0.079112|         4.589874
6    |*out_reg[29]          |            2.366115|             2.134474|           0.079112|         4.579700
7    |*out_reg[28]          |            2.366134|             2.136205|           0.079112|         4.581451
8    |*out_reg[27]          |            2.366132|             2.135988|           0.079112|         4.581233
9    |*out_reg[26]          |            2.366151|             2.137719|           0.079112|         4.582983
10   |*out_reg[25]          |            2.366140|             2.136744|           0.079112|         4.581996
11   |*out_reg[24]          |            2.366159|             2.138474|           0.079112|         4.583746
12   |*out_reg[23]          |            2.366140|             2.136744|           0.079112|         4.581996
13   |*out_reg[22]          |            2.366159|             2.138474|           0.079112|         4.583746
14   |*out_reg[21]          |            2.366046|             2.128414|           0.079112|         4.573573
15   |*out_reg[20]          |            2.366065|             2.130146|           0.079112|         4.575324
16   |*out_reg[19]          |            2.366063|             2.129929|           0.079112|         4.575105
17   |*out_reg[18]          |            2.366082|             2.131660|           0.079112|         4.576856
18   |*out_reg[17]          |            2.366071|             2.130685|           0.079112|         4.575869
19   |*out_reg[16]          |            2.366091|             2.132416|           0.079112|         4.577619
20   |*out_reg[15]          |            2.366071|             2.130685|           0.079112|         4.575869
21   |*out_reg[14]          |            2.366091|             2.132416|           0.079112|         4.577619
22   |*out_reg[13]          |            2.365978|             2.122355|           0.079112|         4.567445
23   |*out_reg[12]          |            2.365997|             2.124086|           0.079112|         4.569195
24   |*out_reg[11]          |            2.365994|             2.123870|           0.079112|         4.568977
25   |*out_reg[10]          |            2.366014|             2.125601|           0.079112|         4.570727
26   |*out_reg[9]           |            2.366003|             2.124625|           0.079112|         4.569740
27   |*out_reg[8]           |            2.366023|             2.126357|           0.079112|         4.571492
28   |*out_reg[7]           |            2.366003|             2.124625|           0.079112|         4.569740
29   |*out_reg[6]           |            2.366023|             2.126357|           0.079112|         4.571492
30   |*out_reg[5]           |            2.365909|             2.116296|           0.079112|         4.561317
31   |*out_reg[4]           |            2.365928|             2.118027|           0.079112|         4.563068
32   |*out_reg[3]           |            2.365926|             2.117811|           0.079112|         4.562850
33   |*out_reg[2]           |            2.365946|             2.119542|           0.079112|         4.564600
34   |*out_reg[1]           |            2.365935|             2.118566|           0.079112|         4.563613
35   |*out_reg[0]           |            2.365954|             2.120297|           0.079112|         4.565363
36   |*store_reg            |            1.774671|             1.608400|           0.079112|         3.462184
37   |*next_reg             |            2.182083|             4.396780|           0.084396|         6.663259
38   |*clk_gate_reg_temp_reg|            1.758093|             0.000000|           0.059138|         1.817231
39   |*reg_temp_reg[6]      |            0.000000|             0.000000|           0.079112|         0.079112
40   |*reg_temp_reg[5]      |            0.000000|             0.000000|           0.079112|         0.079112
41   |*reg_temp_reg[4]      |            0.000000|             0.000000|           0.079112|         0.079112
42   |*reg_temp_reg[3]      |            0.000000|             0.000000|           0.079112|         0.079112
43   |*reg_temp_reg[2]      |            0.000000|             0.000000|           0.079112|         0.079112
44   |*reg_temp_reg[1]      |            0.000000|             0.000000|           0.079112|         0.079112
45   |*reg_temp_reg[0]      |            0.000000|             0.000000|           0.079112|         0.079112
46   |*counter_reg[4]       |            0.000000|             0.000000|           0.086213|         0.086213
47   |*counter_reg[3]       |            2.333344|             9.840356|           0.086213|        12.259913
48   |*counter_reg[2]       |            2.338460|             6.794293|           0.086213|         9.218967
49   |*counter_reg[1]       |            0.000000|             0.000000|           0.086213|         0.086213
50   |*counter_reg[0]       |            2.341130|             5.205028|           0.086213|         7.632371
51   |*counter2_reg[4]      |            1.734175|             0.000000|           0.079112|         1.813287
52   |*counter2_reg[3]      |            1.734175|             0.000000|           0.079112|         1.813287
53   |*counter2_reg[2]      |            1.734175|             0.000000|           0.079112|         1.813287
54   |*counter2_reg[1]      |            1.734175|             0.000000|           0.079112|         1.813287
55   |*counter2_reg[0]      |            1.734175|             0.000000|           0.079112|         1.813287
56   |*clk_gate_counter_reg |            1.381133|             0.000000|           0.059138|         1.440271
57   |*i_0_0_0              |            0.818166|             0.314400|           0.035928|         1.168494
58   |*i_0_0_1              |            0.818166|             0.314400|           0.035928|         1.168494
59   |*i_0_0_2              |            0.818105|             0.314400|           0.035928|         1.168434
60   |*i_0_0_3              |            0.818135|             0.314400|           0.035928|         1.168464
61   |*i_0_0_4              |            0.818135|             0.314400|           0.035928|         1.168464
62   |*i_0_0_5              |            0.818135|             0.314400|           0.035928|         1.168464
63   |*i_0_0_6              |            0.818135|             0.314400|           0.035928|         1.168464
64   |*i_0_0_7              |            0.818135|             0.314400|           0.035928|         1.168464
65   |*i_0_0_8              |            0.818135|             0.314400|           0.035928|         1.168464
66   |*i_0_0_9              |            0.818135|             0.314400|           0.035928|         1.168464
67   |*i_0_0_10             |            0.818105|             0.314400|           0.035928|         1.168434
68   |*i_0_0_11             |            0.818105|             0.314400|           0.035928|         1.168434
69   |*i_0_0_12             |            0.818105|             0.314400|           0.035928|         1.168434
70   |*i_0_0_13             |            0.818105|             0.314400|           0.035928|         1.168434
71   |*i_0_0_14             |            0.818105|             0.314400|           0.035928|         1.168434
72   |*i_0_0_15             |            0.818105|             0.314400|           0.035928|         1.168434
73   |*i_0_0_16             |            0.818105|             0.314400|           0.035928|         1.168434
74   |*i_0_0_17             |            0.818105|             0.314400|           0.035928|         1.168434
75   |*i_0_0_18             |            0.818075|             0.314400|           0.035928|         1.168403
76   |*i_0_0_19             |            0.818075|             0.314400|           0.035928|         1.168403
77   |*i_0_0_20             |            0.818075|             0.314400|           0.035928|         1.168403
78   |*i_0_0_21             |            0.818075|             0.314400|           0.035928|         1.168403
79   |*i_0_0_22             |            0.818075|             0.314400|           0.035928|         1.168403
80   |*i_0_0_23             |            0.818075|             0.314400|           0.035928|         1.168403
81   |*i_0_0_24             |            0.818075|             0.314400|           0.035928|         1.168403
82   |*i_0_0_25             |            0.818075|             0.314400|           0.035928|         1.168403
83   |*i_0_0_26             |            0.818044|             0.314400|           0.035928|         1.168373
84   |*i_0_0_27             |            0.818044|             0.314400|           0.035928|         1.168373
85   |*i_0_0_28             |            0.818044|             0.314400|           0.035928|         1.168373
86   |*i_0_0_29             |            0.818044|             0.314400|           0.035928|         1.168373
87   |*i_0_0_30             |            0.818044|             0.314400|           0.035928|         1.168373
88   |*i_0_0_31             |            0.818075|             0.314400|           0.035928|         1.168403
89   |*i_0_0_32             |            0.407027|             0.137550|           0.035928|         0.580505
90   |*i_0_0_33             |            0.000000|             0.000000|           0.025066|         0.025066
91   |*i_0_0_34             |            0.000000|             0.000000|           0.021200|         0.021200
92   |*i_0_0_35             |            0.000000|             0.000000|           0.025066|         0.025066
93   |*i_0_0_36             |            0.000000|             0.000000|           0.025066|         0.025066
94   |*i_0_0_37             |            0.000000|             0.000000|           0.021200|         0.021200
95   |*i_0_0_38             |            0.000000|             0.000000|           0.034566|         0.034566
96   |*i_0_0_39             |            0.000000|             0.000000|           0.034566|         0.034566
97   |*i_0_0_40             |            0.000000|             0.000000|           0.034566|         0.034566
98   |*i_0_0_41             |            0.000000|             0.000000|           0.026832|         0.026832
99   |*i_0_0_42             |            0.000000|             0.000000|           0.021200|         0.021200
100  |*i_0_0_43             |            0.000000|             0.000000|           0.034566|         0.034566
101  |*i_0_0_44             |            0.000000|             0.000000|           0.034566|         0.034566
102  |*i_0_0_45             |            0.000000|             0.000000|           0.034566|         0.034566
103  |*i_0_0_46             |            0.000000|             0.000000|           0.021200|         0.021200
104  |*i_0_0_47             |            0.201523|             2.705236|           0.017393|         2.924152
105  |*i_0_0_48             |            0.000000|             0.000000|           0.041741|         0.041741
106  |*i_0_0_49             |            0.000000|             0.000000|           0.041741|         0.041741
107  |*i_0_0_50             |            0.000000|             0.000000|           0.041741|         0.041741
108  |*i_0_0_51             |            0.000000|             0.000000|           0.027858|         0.027858
109  |*i_0_0_52             |            0.000000|             0.000000|           0.041741|         0.041741
110  |*i_0_0_53             |            0.000000|             0.000000|           0.041741|         0.041741
111  |*i_0_0_54             |            0.000000|             0.000000|           0.041741|         0.041741
112  |*i_0_0_55             |            0.000000|             0.000000|           0.022695|         0.022695
113  |*i_0_0_56             |            0.000000|             0.000000|           0.022695|         0.022695
114  |*i_0_0_57             |            0.000000|             0.000000|           0.027858|         0.027858
115  |*i_0_0_58             |            0.000000|             0.000000|           0.021200|         0.021200
116  |*i_0_0_59             |            0.000000|             0.000000|           0.021200|         0.021200
117  |*i_0_0_60             |            0.000000|             0.000000|           0.041741|         0.041741
118  |*i_0_0_61             |            0.067544|             0.195562|           0.017393|         0.280499
119  |*i_0_0_62             |            0.000000|             0.000000|           0.041741|         0.041741
120  |*i_0_0_63             |            0.000000|             0.000000|           0.032612|         0.032612
121  |*i_0_0_64             |            0.000000|             0.000000|           0.018105|         0.018105
122  |*i_0_0_65             |            0.266859|             0.286770|           0.024415|         0.578044
123  |*i_0_0_66             |            0.000000|             0.000000|           0.027858|         0.027858
124  |*i_0_0_67             |            0.000000|             0.000000|           0.022619|         0.022619
125  |*i_0_0_68             |            0.000000|             0.000000|           0.021200|         0.021200
126  |*i_0_0_69             |            0.134391|             0.267964|           0.017393|         0.419749
127  |*i_0_0_70             |            0.234458|             1.360003|           0.021200|         1.615660
128  |*i_0_0_71             |            0.000000|             0.000000|           0.034566|         0.034566
129  |*i_0_0_72             |            0.000000|             0.000000|           0.034566|         0.034566
130  |*i_0_0_73             |            0.000000|             0.000000|           0.041741|         0.041741
131  |*i_0_0_74             |            0.000000|             0.000000|           0.041741|         0.041741
132  |*i_0_0_75             |            0.000000|             0.000000|           0.018105|         0.018105
133  |*i_0_0_76             |            0.000000|             0.000000|           0.017393|         0.017393
134  |*i_0_0_77             |            0.306424|             5.304409|           0.017393|         5.628226
135  |*i_0_0_78             |            0.000000|             0.000000|           0.021200|         0.021200
136  |*i_0_0_79             |            0.000000|             0.000000|           0.022039|         0.022039
137  |*i_0_0_80             |            0.000000|             0.000000|           0.041741|         0.041741
138  |*i_0_0_81             |            0.197805|             0.833696|           0.014353|         1.045855
139  |*i_0_0_82             |            0.283506|             3.830200|           0.021200|         4.134905
140  |*i_0_0_83             |            0.000000|             0.000000|           0.041741|         0.041741
141  |*i_0_0_84             |            0.332973|             3.028088|           0.017393|         3.378454
142  |*i_0_0_85             |            0.000000|             0.000000|           0.041741|         0.041741
143  |*i_0_0_86             |            0.571134|             2.191683|           0.022619|         2.785436
144  |*i_0_0_87             |            0.000000|             0.000000|           0.027858|         0.027858
145  |*i_0_0_88             |            0.000000|             0.000000|           0.034566|         0.034566
146  |*i_0_0_89             |            0.435580|             1.669708|           0.027858|         2.133146
147  |*i_0_0_90             |            0.000000|             0.000000|           0.027858|         0.027858
148  |*i_0_0_91             |            0.000000|             0.000000|           0.041741|         0.041741
149  |*i_0_0_92             |            0.000000|             0.000000|           0.041741|         0.041741
150  |*i_0_0_93             |            0.000000|             0.000000|           0.026832|         0.026832
151  |*i_0_0_94             |            0.000000|             0.000000|           0.021200|         0.021200
152  |*i_0_0_95             |            0.000000|             0.000000|           0.021200|         0.021200
153  |*i_0_0_96             |            0.000000|             0.000000|           0.017393|         0.017393
154  |*i_0_0_97             |            0.000000|             0.000000|           0.022695|         0.022695
155  |*i_0_0_98             |            0.000000|             0.000000|           0.021200|         0.021200
156  |*i_0_0_99             |            0.000000|             0.000000|           0.022039|         0.022039
157  |*i_0_0_100            |            0.000000|             0.000000|           0.017393|         0.017393
158  |*i_0_0_101            |            0.000000|             0.000000|           0.021200|         0.021200
159  |*i_0_0_102            |            0.000000|             0.000000|           0.021200|         0.021200
160  |*i_0_0_103            |            0.000000|             0.000000|           0.021200|         0.021200
161  |*i_0_0_104            |            0.000000|             0.000000|           0.021200|         0.021200
162  |*i_0_0_105            |            0.247495|             2.446886|           0.014353|         2.708734
163  |*i_0_0_106            |            0.350563|             6.076269|           0.017393|         6.444224
164  |*i_0_0_107            |            0.838231|             0.000000|           0.035928|         0.874159
165  |*i_0_0_108            |            0.838231|             0.000000|           0.035928|         0.874159
166  |*i_0_0_109            |            0.838231|             0.000000|           0.035928|         0.874159
167  |*i_0_0_110            |            0.838231|             0.000000|           0.035928|         0.874159
168  |*i_0_0_111            |            0.838231|             0.000000|           0.035928|         0.874159
169  |*i_0_0_112            |            0.838231|             0.000000|           0.035928|         0.874159
170  |*i_0_0_113            |            0.000000|             0.000000|           0.021200|         0.021200
171  |*i_0_0_114            |            0.707936|             0.228676|           0.021200|         0.957812
172  |*i_0_0_115            |            0.000000|             0.000000|           0.021200|         0.021200
173  |*i_0_0_116            |            0.710196|             0.228676|           0.021200|         0.960072
174  |*i_0_0_117            |            0.707205|             0.228676|           0.021200|         0.957081
175  |*i_0_0_118            |            0.000000|             0.000000|           0.021200|         0.021200
176  |*i_0_0_119            |            0.000000|             0.000000|           0.022695|         0.022695
177  |*i_0_0_120            |            0.000000|             0.000000|           0.032601|         0.032601
178  |*i_0_0_121            |            0.000000|             0.000000|           0.022695|         0.022695
179  |*i_0_0_122            |            0.000000|             0.000000|           0.022695|         0.022695
180  |*i_0_0_123            |            0.000000|             0.000000|           0.022695|         0.022695
181  |*i_0_0_124            |            0.197624|             0.766016|           0.014353|         0.977993
182  |*i_0_0_125            |            0.314609|             3.889032|           0.021200|         4.224841
183  |*i_0_0_126            |            0.000000|             0.000000|           0.014353|         0.014353
184  |*i_0_0_127            |            0.000000|             0.000000|           0.014353|         0.014353
185  |*i_0_0_128            |            0.000000|             0.000000|           0.014353|         0.014353
186  |*i_0_0_129            |            0.749640|             6.824802|           0.014353|         7.588795
187  |*i_0_0_130            |            0.263831|             3.197957|           0.014353|         3.476140
188  |*i_0_0_131            |            0.000000|             0.000000|           0.014353|         0.014353
189  |*i_0_0_132            |            0.263301|             5.491119|           0.014353|         5.768774
190  |*i_0_0_133            |            0.264029|             2.415452|           0.014353|         2.693834
191  |*i_0_0_134            |            0.000000|             0.000000|           0.014353|         0.014353
192  |*i_0_0_135            |            0.256819|             0.000000|           0.014353|         0.271173
193  |*i_0_0_136            |            0.399130|             0.809843|           0.014353|         1.223326
194  |*i_0_0_137            |            0.000000|             0.000000|           0.014353|         0.014353
195  |*i_0_0_138            |            0.000000|             0.000000|           0.014353|         0.014353
196  |                      |                    |                     |                   |                 
197  |*TOTAL                |          138.573654|           160.456833|           8.097213|       307.127686
-----+----------------------+--------------------+---------------------+-------------------+-----------------
