Report End Points: 
-----+-------+------+-------+------+-----+-----+------+-----------------+-----------------
     |Group  |Launch|Capture|Shift |Delay|Depth|Slack |Begin Point      |End Point        
-----+-------+------+-------+------+-----+-----+------+-----------------+-----------------
1    |default|sysclk|sysclk |1500.0|317.5|    7|1048.3|MEM_reg[11][29]/Q|MEM_reg[15][29]/D
2    |default|sysclk|sysclk |1500.0|317.5|    7|1048.3|MEM_reg[11][29]/Q|MEM_reg[14][29]/D
3    |default|sysclk|sysclk |1500.0|317.5|    7|1048.3|MEM_reg[11][29]/Q|MEM_reg[13][29]/D
-----+-------+------+-------+------+-----+-----+------+-----------------+-----------------
Report End Points: 
-----+-----+--------------+-------+------+-----+-----+-----+-----------+-----------------
     |Group|Launch        |Capture|Shift |Delay|Depth|Slack|Begin Point|End Point        
-----+-----+--------------+-------+------+-----+-----+-----+-----------+-----------------
1    |I2R  |rtDefaultClock|sysclk |1500.0|430.8|    9|326.2|addr1[1]   |MEM_reg[15][29]/D
2    |I2R  |rtDefaultClock|sysclk |1500.0|430.8|    9|326.2|addr1[1]   |MEM_reg[14][29]/D
3    |I2R  |rtDefaultClock|sysclk |1500.0|430.8|    9|326.2|addr1[1]   |MEM_reg[13][29]/D
-----+-----+--------------+-------+------+-----+-----+-----+-----------+-----------------
Report End Points: 
-----+-----+--------------+-------+------+-----+-----+-----+-----------+---------
     |Group|Launch        |Capture|Shift |Delay|Depth|Slack|Begin Point|End Point
-----+-----+--------------+-------+------+-----+-----+-----+-----------+---------
1    |I2O  |rtDefaultClock|vsysclk|1500.0|368.0|    7|282.0|addr1[1]   |data1[29]
2    |I2O  |rtDefaultClock|vsysclk|1500.0|367.5|    7|282.5|addr1[1]   |data1[7] 
3    |I2O  |rtDefaultClock|vsysclk|1500.0|367.3|    7|282.7|addr1[1]   |data1[24]
-----+-----+--------------+-------+------+-----+-----+-----+-----------+---------
Report End Points: 
-----+-----+------+-------+------+-----+-----+------+-----------------+---------
     |Group|Launch|Capture|Shift |Delay|Depth|Slack |Begin Point      |End Point
-----+-----+------+-------+------+-----+-----+------+-----------------+---------
1    |R2O  |sysclk|vsysclk|1500.0|254.7|    5|1004.1|MEM_reg[11][29]/Q|data1[29]
2    |R2O  |sysclk|vsysclk|1500.0|254.2|    5|1004.6|MEM_reg[11][7]/Q |data1[7] 
3    |R2O  |sysclk|vsysclk|1500.0|254.0|    5|1004.8|MEM_reg[11][24]/Q|data1[24]
-----+-----+------+-------+------+-----+-----+------+-----------------+---------
