warning: No library characterized for (process = 1.00 voltage = 0.85 temperature = 25.00) can be found in the database for power domain '/PD_TOP'  [NL-174]
Report Power (instances with prefix '*' are included in total) : 
-----+----------------+--------------------+---------------------+-------------------+-----------------
     | Instance       | Internal Power(uw) | Switching Power(uw) | Leakage Power(uw) | Total Power(uw) 
-----+----------------+--------------------+---------------------+-------------------+-----------------
1    |*r2             |            0.000000|             0.000000|           0.000000|         0.000000
2    |*r1             |            0.000000|             0.000000|           0.000000|         0.000000
3    |*s              |           59.377613|           131.953003|           1.703070|       193.033691
4    |*d1             |          211.430603|           389.562866|           9.856240|       610.849731
5    |*d4             |          211.447083|           390.731659|           9.856240|       612.035034
6    |*add2           |            0.824185|             0.336231|           0.036164|         1.196579
7    |*d2             |          211.193146|           372.656586|           9.856240|       593.705994
8    |*d3             |          211.209625|           373.818054|           9.856240|       594.883972
9    |*m1             |          286.698944|           146.610077|           8.106370|       441.415405
10   |*m2             |          329.194489|           414.523041|           9.751900|       753.469360
11   |*counter_reg    |            2.784441|             0.706884|           0.100162|         3.591487
12   |*i_0_0_0        |            0.475927|             0.000000|           0.025066|         0.500993
13   |*i_0_0_1        |            0.381571|             0.000000|           0.017393|         0.398965
14   |*i_0_0_2        |            0.464627|             0.561806|           0.032612|         1.059045
15   |*i_0_0_3        |            0.466336|             0.544437|           0.032612|         1.043385
16   |*i_0_0_4        |            0.381571|             0.000000|           0.017393|         0.398965
17   |*i_0_0_5        |            0.464627|             0.561806|           0.032612|         1.059045
18   |*i_0_0_6        |            0.466336|             0.544437|           0.032612|         1.043385
19   |*i_0_0_7        |            0.381571|             0.000000|           0.017393|         0.398965
20   |*i_0_0_8        |            0.464627|             0.561806|           0.032612|         1.059045
21   |*i_0_0_9        |            0.466336|             0.544437|           0.032612|         1.043385
22   |*i_0_0_10       |            0.381571|             0.000000|           0.017393|         0.398965
23   |*i_0_0_11       |            0.464627|             0.561806|           0.032612|         1.059045
24   |*i_0_0_12       |            0.466336|             0.544437|           0.032612|         1.043385
25   |*i_0_0_13       |            0.381571|             0.000000|           0.017393|         0.398965
26   |*i_0_0_14       |            0.464627|             0.561806|           0.032612|         1.059045
27   |*i_0_0_15       |            0.466336|             0.544437|           0.032612|         1.043385
28   |*i_0_0_16       |            0.381571|             0.000000|           0.017393|         0.398965
29   |*i_0_0_17       |            0.464627|             0.561806|           0.032612|         1.059045
30   |*i_0_0_18       |            0.466336|             0.544437|           0.032612|         1.043385
31   |*i_0_0_19       |            0.381571|             0.000000|           0.017393|         0.398965
32   |*i_0_0_20       |            0.464627|             0.561806|           0.032612|         1.059045
33   |*i_0_0_21       |            0.466336|             0.544437|           0.032612|         1.043385
34   |*i_0_0_22       |            0.381571|             0.000000|           0.017393|         0.398965
35   |*i_0_0_23       |            0.464627|             0.561806|           0.032612|         1.059045
36   |*i_0_0_24       |            0.466336|             0.544437|           0.032612|         1.043385
37   |*i_0_0_25       |            0.381571|             0.000000|           0.017393|         0.398965
38   |*i_0_0_26       |            0.464627|             0.561806|           0.032612|         1.059045
39   |*i_0_0_27       |            0.466336|             0.544437|           0.032612|         1.043385
40   |*i_0_0_28       |            0.381571|             0.000000|           0.017393|         0.398965
41   |*i_0_0_29       |            0.464627|             0.561806|           0.032612|         1.059045
42   |*i_0_0_30       |            0.466336|             0.544437|           0.032612|         1.043385
43   |*i_0_0_31       |            0.381571|             0.000000|           0.017393|         0.398965
44   |*i_0_0_32       |            0.464627|             0.561806|           0.032612|         1.059045
45   |*i_0_0_33       |            0.466336|             0.544437|           0.032612|         1.043385
46   |*i_0_0_34       |            0.381571|             0.000000|           0.017393|         0.398965
47   |*i_0_0_35       |            0.464627|             0.561806|           0.032612|         1.059045
48   |*i_0_0_36       |            0.466336|             0.544437|           0.032612|         1.043385
49   |*i_0_0_37       |            0.381571|             0.000000|           0.017393|         0.398965
50   |*i_0_0_38       |            0.464627|             0.561806|           0.032612|         1.059045
51   |*i_0_0_39       |            0.466336|             0.544437|           0.032612|         1.043385
52   |*i_0_0_40       |            0.381571|             0.000000|           0.017393|         0.398965
53   |*i_0_0_41       |            0.464627|             0.561806|           0.032612|         1.059045
54   |*i_0_0_42       |            0.466336|             0.544437|           0.032612|         1.043385
55   |*i_0_0_43       |            0.381571|             0.000000|           0.017393|         0.398965
56   |*i_0_0_44       |            0.464627|             0.561806|           0.032612|         1.059045
57   |*i_0_0_45       |            0.466336|             0.544437|           0.032612|         1.043385
58   |*i_0_0_46       |            0.381571|             0.000000|           0.017393|         0.398965
59   |*i_0_0_47       |            0.464627|             0.561806|           0.032612|         1.059045
60   |*i_0_0_48       |            0.466336|             0.544437|           0.032612|         1.043385
61   |*i_0_0_49       |            0.381571|             0.000000|           0.017393|         0.398965
62   |*i_0_0_50       |            0.464627|             0.561806|           0.032612|         1.059045
63   |*i_0_0_51       |            0.466336|             0.544437|           0.032612|         1.043385
64   |*i_0_0_52       |            0.381571|             0.000000|           0.017393|         0.398965
65   |*i_0_0_53       |            0.464627|             0.561806|           0.032612|         1.059045
66   |*i_0_0_54       |            0.466336|             0.544437|           0.032612|         1.043385
67   |*i_0_0_55       |            0.381571|             0.000000|           0.017393|         0.398965
68   |*i_0_0_56       |            0.464627|             0.561806|           0.032612|         1.059045
69   |*i_0_0_57       |            0.466336|             0.544437|           0.032612|         1.043385
70   |*i_0_0_58       |            0.381571|             0.000000|           0.017393|         0.398965
71   |*i_0_0_59       |            0.464627|             0.561806|           0.032612|         1.059045
72   |*i_0_0_60       |            0.466336|             0.544437|           0.032612|         1.043385
73   |*i_0_0_61       |            0.381571|             0.000000|           0.017393|         0.398965
74   |*i_0_0_62       |            0.464627|             0.561806|           0.032612|         1.059045
75   |*i_0_0_63       |            0.466336|             0.544437|           0.032612|         1.043385
76   |*i_0_0_64       |            0.381571|             0.000000|           0.017393|         0.398965
77   |*i_0_0_65       |            0.464627|             0.561806|           0.032612|         1.059045
78   |*i_0_0_66       |            0.466336|             0.544437|           0.032612|         1.043385
79   |*i_0_0_67       |            0.381571|             0.000000|           0.017393|         0.398965
80   |*i_0_0_68       |            0.464627|             0.561806|           0.032612|         1.059045
81   |*i_0_0_69       |            0.466336|             0.544437|           0.032612|         1.043385
82   |*i_0_0_70       |            0.381571|             0.000000|           0.017393|         0.398965
83   |*i_0_0_71       |            0.464627|             0.561806|           0.032612|         1.059045
84   |*i_0_0_72       |            0.466336|             0.544437|           0.032612|         1.043385
85   |*i_0_0_73       |            0.381571|             0.000000|           0.017393|         0.398965
86   |*i_0_0_74       |            0.464627|             0.561806|           0.032612|         1.059045
87   |*i_0_0_75       |            0.466336|             0.544437|           0.032612|         1.043385
88   |*i_0_0_76       |            0.381571|             0.000000|           0.017393|         0.398965
89   |*i_0_0_77       |            0.464627|             0.561806|           0.032612|         1.059045
90   |*i_0_0_78       |            0.466336|             0.544437|           0.032612|         1.043385
91   |*i_0_0_79       |            0.381571|             0.000000|           0.017393|         0.398965
92   |*i_0_0_80       |            0.464627|             0.561806|           0.032612|         1.059045
93   |*i_0_0_81       |            0.466336|             0.544437|           0.032612|         1.043385
94   |*i_0_0_82       |            0.381571|             0.000000|           0.017393|         0.398965
95   |*i_0_0_83       |            0.464627|             0.561806|           0.032612|         1.059045
96   |*i_0_0_84       |            0.466336|             0.544437|           0.032612|         1.043385
97   |*i_0_0_85       |            0.381571|             0.000000|           0.017393|         0.398965
98   |*i_0_0_86       |            0.464627|             0.561806|           0.032612|         1.059045
99   |*i_0_0_87       |            0.466336|             0.544437|           0.032612|         1.043385
100  |*i_0_0_88       |            0.381571|             0.000000|           0.017393|         0.398965
101  |*i_0_0_89       |            0.464627|             0.561806|           0.032612|         1.059045
102  |*i_0_0_90       |            0.466336|             0.544437|           0.032612|         1.043385
103  |*i_0_0_91       |            0.381571|             0.000000|           0.017393|         0.398965
104  |*i_0_0_92       |            0.464627|             0.561806|           0.032612|         1.059045
105  |*i_0_0_93       |            0.466336|             0.544437|           0.032612|         1.043385
106  |*i_0_0_94       |            0.381571|             0.000000|           0.017393|         0.398965
107  |*i_0_0_95       |            0.464627|             0.561806|           0.032612|         1.059045
108  |*i_0_0_96       |            0.593581|            20.139814|           0.025066|        20.758463
109  |*i_0_0_97       |            0.595659|            20.573233|           0.025066|        21.193958
110  |*i_0_0_98       |            0.466336|             0.544437|           0.032612|         1.043385
111  |*i_0_0_99       |            0.231444|            20.194208|           0.021200|        20.446852
112  |*i_0_0_100      |            0.240185|            20.628946|           0.021200|        20.890331
113  |*i_0_0_101      |            0.377996|             0.000000|           0.017393|         0.395389
114  |*i_0_0_102      |            0.448399|             0.553244|           0.032612|         1.034254
115  |*i_0_0_103      |            0.445131|             0.523934|           0.032612|         1.001677
116  |*i_0_0_104      |            0.377996|             0.000000|           0.017393|         0.395389
117  |*i_0_0_105      |            0.448399|             0.553244|           0.032612|         1.034254
118  |*i_0_0_106      |            0.445131|             0.523934|           0.032612|         1.001677
119  |*i_0_0_107      |            0.377996|             0.000000|           0.017393|         0.395389
120  |*i_0_0_108      |            0.448399|             0.553244|           0.032612|         1.034254
121  |*i_0_0_109      |            0.445131|             0.523934|           0.032612|         1.001677
122  |*i_0_0_110      |            0.377996|             0.000000|           0.017393|         0.395389
123  |*i_0_0_111      |            0.448399|             0.553244|           0.032612|         1.034254
124  |*i_0_0_112      |            0.445131|             0.523934|           0.032612|         1.001677
125  |*i_0_0_113      |            0.377996|             0.000000|           0.017393|         0.395389
126  |*i_0_0_114      |            0.448399|             0.553244|           0.032612|         1.034254
127  |*i_0_0_115      |            0.445131|             0.523934|           0.032612|         1.001677
128  |*i_0_0_116      |            0.377996|             0.000000|           0.017393|         0.395389
129  |*i_0_0_117      |            0.448399|             0.553244|           0.032612|         1.034254
130  |*i_0_0_118      |            0.445131|             0.523934|           0.032612|         1.001677
131  |*i_0_0_119      |            0.377996|             0.000000|           0.017393|         0.395389
132  |*i_0_0_120      |            0.448399|             0.553244|           0.032612|         1.034254
133  |*i_0_0_121      |            0.445131|             0.523934|           0.032612|         1.001677
134  |*i_0_0_122      |            0.377996|             0.000000|           0.017393|         0.395389
135  |*i_0_0_123      |            0.448399|             0.553244|           0.032612|         1.034254
136  |*i_0_0_124      |            0.445131|             0.523934|           0.032612|         1.001677
137  |*i_0_0_125      |            0.377996|             0.000000|           0.017393|         0.395389
138  |*i_0_0_126      |            0.448399|             0.553244|           0.032612|         1.034254
139  |*i_0_0_127      |            0.445131|             0.523934|           0.032612|         1.001677
140  |*i_0_0_128      |            0.377996|             0.000000|           0.017393|         0.395389
141  |*i_0_0_129      |            0.448399|             0.553244|           0.032612|         1.034254
142  |*i_0_0_130      |            0.445131|             0.523934|           0.032612|         1.001677
143  |*i_0_0_131      |            0.377996|             0.000000|           0.017393|         0.395389
144  |*i_0_0_132      |            0.448399|             0.553244|           0.032612|         1.034254
145  |*i_0_0_133      |            0.445131|             0.523934|           0.032612|         1.001677
146  |*i_0_0_134      |            0.377996|             0.000000|           0.017393|         0.395389
147  |*i_0_0_135      |            0.448399|             0.553244|           0.032612|         1.034254
148  |*i_0_0_136      |            0.445131|             0.523934|           0.032612|         1.001677
149  |*i_0_0_137      |            0.377996|             0.000000|           0.017393|         0.395389
150  |*i_0_0_138      |            0.448399|             0.553244|           0.032612|         1.034254
151  |*i_0_0_139      |            0.445131|             0.523934|           0.032612|         1.001677
152  |*i_0_0_140      |            0.377996|             0.000000|           0.017393|         0.395389
153  |*i_0_0_141      |            0.448399|             0.553244|           0.032612|         1.034254
154  |*i_0_0_142      |            0.445131|             0.523934|           0.032612|         1.001677
155  |*i_0_0_143      |            0.377996|             0.000000|           0.017393|         0.395389
156  |*i_0_0_144      |            0.448399|             0.553244|           0.032612|         1.034254
157  |*i_0_0_145      |            0.445131|             0.523934|           0.032612|         1.001677
158  |*i_0_0_146      |            0.377996|             0.000000|           0.017393|         0.395389
159  |*i_0_0_147      |            0.448399|             0.553244|           0.032612|         1.034254
160  |*i_0_0_148      |            0.445131|             0.523934|           0.032612|         1.001677
161  |*i_0_0_149      |            0.377996|             0.000000|           0.017393|         0.395389
162  |*i_0_0_150      |            0.448399|             0.553244|           0.032612|         1.034254
163  |*i_0_0_151      |            0.445131|             0.523934|           0.032612|         1.001677
164  |*i_0_0_152      |            0.377996|             0.000000|           0.017393|         0.395389
165  |*i_0_0_153      |            0.448399|             0.553244|           0.032612|         1.034254
166  |*i_0_0_154      |            0.445131|             0.523934|           0.032612|         1.001677
167  |*i_0_0_155      |            0.377996|             0.000000|           0.017393|         0.395389
168  |*i_0_0_156      |            0.448399|             0.553244|           0.032612|         1.034254
169  |*i_0_0_157      |            0.445131|             0.523934|           0.032612|         1.001677
170  |*i_0_0_158      |            0.377996|             0.000000|           0.017393|         0.395389
171  |*i_0_0_159      |            0.448399|             0.553244|           0.032612|         1.034254
172  |*i_0_0_160      |            0.445131|             0.523934|           0.032612|         1.001677
173  |*i_0_0_161      |            0.377996|             0.000000|           0.017393|         0.395389
174  |*i_0_0_162      |            0.448399|             0.553244|           0.032612|         1.034254
175  |*i_0_0_163      |            0.445131|             0.523934|           0.032612|         1.001677
176  |*i_0_0_164      |            0.377996|             0.000000|           0.017393|         0.395389
177  |*i_0_0_165      |            0.448399|             0.553244|           0.032612|         1.034254
178  |*i_0_0_166      |            0.445131|             0.523934|           0.032612|         1.001677
179  |*i_0_0_167      |            0.377996|             0.000000|           0.017393|         0.395389
180  |*i_0_0_168      |            0.448399|             0.553244|           0.032612|         1.034254
181  |*i_0_0_169      |            0.445131|             0.523934|           0.032612|         1.001677
182  |*i_0_0_170      |            0.377996|             0.000000|           0.017393|         0.395389
183  |*i_0_0_171      |            0.448399|             0.553244|           0.032612|         1.034254
184  |*i_0_0_172      |            0.445131|             0.523934|           0.032612|         1.001677
185  |*i_0_0_173      |            0.377996|             0.000000|           0.017393|         0.395389
186  |*i_0_0_174      |            0.448399|             0.553244|           0.032612|         1.034254
187  |*i_0_0_175      |            0.445131|             0.523934|           0.032612|         1.001677
188  |*i_0_0_176      |            0.377996|             0.000000|           0.017393|         0.395389
189  |*i_0_0_177      |            0.448399|             0.553244|           0.032612|         1.034254
190  |*i_0_0_178      |            0.445131|             0.523934|           0.032612|         1.001677
191  |*i_0_0_179      |            0.377996|             0.000000|           0.017393|         0.395389
192  |*i_0_0_180      |            0.448399|             0.553244|           0.032612|         1.034254
193  |*i_0_0_181      |            0.445131|             0.523934|           0.032612|         1.001677
194  |*i_0_0_182      |            0.377996|             0.000000|           0.017393|         0.395389
195  |*i_0_0_183      |            0.448399|             0.553244|           0.032612|         1.034254
196  |*i_0_0_184      |            0.445131|             0.523934|           0.032612|         1.001677
197  |*i_0_0_185      |            0.377996|             0.000000|           0.017393|         0.395389
198  |*i_0_0_186      |            0.448399|             0.553244|           0.032612|         1.034254
199  |*i_0_0_187      |            0.445131|             0.523934|           0.032612|         1.001677
200  |*i_0_0_188      |            0.377996|             0.000000|           0.017393|         0.395389
201  |*i_0_0_189      |            0.448399|             0.553244|           0.032612|         1.034254
202  |*i_0_0_190      |            0.445131|             0.523934|           0.032612|         1.001677
203  |*i_0_0_191      |            0.377996|             0.000000|           0.017393|         0.395389
204  |*i_0_0_192      |            0.448399|             0.553244|           0.032612|         1.034254
205  |*i_0_0_193      |            0.445131|             0.523934|           0.032612|         1.001677
206  |*i_0_0_194      |            0.377996|             0.000000|           0.017393|         0.395389
207  |*i_0_0_195      |            0.448399|             0.553244|           0.032612|         1.034254
208  |*i_0_0_196      |            0.592387|            20.099293|           0.025066|        20.716743
209  |*i_0_0_197      |            0.639684|            22.093798|           0.025066|        22.758549
210  |*i_0_0_198      |            0.445131|             0.523934|           0.032612|         1.001677
211  |*i_0_0_199      |            0.213501|            18.628656|           0.021200|        18.863358
212  |*i_0_0_200      |            0.239702|            20.587442|           0.021200|        20.848345
213  |*i_0_0_201      |            0.545692|             0.966530|           0.014353|         1.526575
214  |*i_0_0_202      |            0.964594|             2.307760|           0.014353|         3.286706
215  |*i_0_0_203      |            0.264169|             1.275273|           0.014353|         1.553795
216  |*i_0_0_204      |            0.263373|             1.271430|           0.014353|         1.549156
217  |*counter2_reg[0]|            2.393823|             1.335568|           0.086213|         3.815604
218  |*counter2_reg[1]|            2.385745|             1.039354|           0.086213|         3.511311
219  |*i_0_1_0        |            0.885002|             0.313140|           0.036164|         1.234306
220  |*i_0_1_1        |            0.990862|             0.321904|           0.035928|         1.348695
221  |                |                    |                     |                   |                 
222  |*TOTAL          |         1619.365601|          2462.552734|          64.922112|      4146.840332
-----+----------------+--------------------+---------------------+-------------------+-----------------
