Report for group default
------------------------------------------------------------------------------------------------------------------------------------------------------------
Startpoint: d1/counter2_reg[0]/Q
    (Clocked by sysclk F)
Endpoint: d1/reg_temp_reg[5]/D
    (Clocked by sysclk R)
Path Group: default
Data required time: 858.7
    (Clock shift: 900.0, minus Uncertainty: 0.0, plus Latency 0.0, minus Setup time: 41.3)
Data arrival time: 474.9
Slack: 383.8
Logic depth: 8
------------------------------------------------------------------------------------------------------------------------------------------------------------
                                                     Arrival               Arc      Net               Net    Total   fan-                                   
Path                     Module/Cell           Edge     Time    Delay    Delay    Delay     Slew     Load     Load    out     Location Power Domain      (V)
                                                        (ps)     (ps)     (ps)     (ps)     (ps)     (ff)     (ff)    (#)      (um,um)                      
------------------------------------------------------------------------------------------------------------------------------------------------------------
clk                      {create_clock}           f      0.0      0.0      0.0                        0.0      0.0    155    65,  134                       
d1/i_0_142/A->ZN         INV_X1                  fr      0.0      0.0      0.0      0.0      0.0      0.0      0.0      5    67,   67  /PD_TOP        (1.10)
d1/counter2_reg[0]/CK->Q DFF_X1                  rr    129.0    129.0    129.0      0.0      0.0      3.5     21.0      5    67,   67  /PD_TOP        (1.10)
d1/sub1/i_0_0/B->Z       XOR2_X2*                rr    248.4    119.4    119.3      0.1     50.8      1.2     29.7      2    67,   67  /PD_TOP        (1.10)
d1/sub2/i_0_3/A->ZN      XNOR2_X2                rr    294.8     46.4     46.4      0.0     15.3      1.3      9.1      2    67,   67  /PD_TOP        (1.10)
d1/sub2/i_0_5/A1->ZN     NAND2_X4                rf    316.1     21.3     21.3      0.0     34.5      1.4      9.2      2    67,   67  /PD_TOP        (1.10)
d1/sub2/i_0_8/A->ZN      OAI21_X4                fr    338.8     22.7     22.7      0.0      8.9      1.5      8.6      2    67,   67  /PD_TOP        (1.10)
d1/sub2/i_0_12/A1->ZN    AOI22_X4                rf    359.6     20.8     20.8      0.0     23.4      1.5      8.7      2    67,   67  /PD_TOP        (1.10)
d1/sub2/i_0_16/A1->ZN    OAI22_X4                fr    395.2     35.6     35.6      0.0     14.2      1.5      8.9      2    67,   67  /PD_TOP        (1.10)
d1/sub2/i_0_20/A1->ZN    OAI22_X4                rf    422.7     27.5     27.5      0.0     35.9      1.5      8.9      2    67,   67  /PD_TOP        (1.10)
d1/sub2/i_0_22/A->Z      XOR2_X2                 ff    474.9     52.2     52.2      0.0     12.9      0.7      1.8      1    67,   67  /PD_TOP        (1.10)
d1/reg_temp_reg[5]/D     DFF_X1                   f    474.9      0.0               0.0     11.2                             67,   67  /PD_TOP        (1.10)
------------------------------------------------------------------------------------------------------------------------------------------------------------
Report for group I2R
------------------------------------------------------------------------------------------------------------------------------------------------------------
Startpoint: reset
    (Clocked by rtDefaultClock R)
Endpoint: m1/temp2_reg[31]/D
    (Clocked by sysclk F)
Path Group: I2R
Data required time: 859.1
    (Clock shift: 900.0, minus Uncertainty: 0.0, plus Latency 0.0, minus Setup time: 40.9)
Data arrival time: 857.3
Slack: 1.8
Logic depth: 3
------------------------------------------------------------------------------------------------------------------------------------------------------------
                                                     Arrival               Arc      Net               Net    Total   fan-                                   
Path                     Module/Cell           Edge     Time    Delay    Delay    Delay     Slew     Load     Load    out     Location Power Domain      (V)
                                                        (ps)     (ps)     (ps)     (ps)     (ps)     (ff)     (ff)    (#)      (um,um)                      
------------------------------------------------------------------------------------------------------------------------------------------------------------
reset                    {set_input_delay}        f    700.0    700.0    700.0                       87.0    685.4    106    66,  134                       
m1/i_0_81/A->ZN          INV_X8                  fr    737.0     37.0     35.7      1.3    100.0      2.3     12.1      3    67,   67  /PD_TOP        (1.10)
m1/i_0_69/A->ZN          OAI211_X4*              rf    806.5     69.5     69.5      0.0      7.2     24.8    101.3     33    67,   67  /PD_TOP        (1.10)
m1/i_0_68/S->Z           MUX2_X1                 ff    857.3     50.8     50.0      0.8     15.3      0.7      1.9      1    67,   67  /PD_TOP        (1.10)
m1/temp2_reg[31]/D       DFF_X1                   f    857.3      0.0               0.0     10.3                             67,   67  /PD_TOP        (1.10)
------------------------------------------------------------------------------------------------------------------------------------------------------------
Report for group I2O
------------------------------------------------------------------------------------------------------------------------------------------------------------
Startpoint: out
    (Clocked by rtDefaultClock R)
Endpoint: cpu_out
    (Clocked by vsysclk R)
Path Group: I2O
Data required time: 1260.0
    (Clock shift: 1800.0, minus Uncertainty: 0.0, plus Latency 0.0, minus Out delay: 540.0)
Data arrival time: 705.2
Slack: 554.8
Logic depth: 0
------------------------------------------------------------------------------------------------------------------------------------------------------------
                                                     Arrival               Arc      Net               Net    Total   fan-                                   
Path                     Module/Cell           Edge     Time    Delay    Delay    Delay     Slew     Load     Load    out     Location Power Domain      (V)
                                                        (ps)     (ps)     (ps)     (ps)     (ps)     (ff)     (ff)    (#)      (um,um)                      
------------------------------------------------------------------------------------------------------------------------------------------------------------
out                      {set_input_delay}        r    700.0    700.0    700.0                       17.9     29.3      3    66,  134                       
cpu_out                                           r    705.2      5.2               5.2    100.0                             67,    0                       
------------------------------------------------------------------------------------------------------------------------------------------------------------
Report for group R2O
