warning: No library characterized for (process = 1.00 voltage = 0.85 temperature = 25.00) can be found in the database for power domain '/PD_TOP'  [NL-174]
Report Power (instances with prefix '*' are included in total) : 
-----+----------------+--------------------+---------------------+-------------------+-----------------
     | Instance       | Internal Power(uw) | Switching Power(uw) | Leakage Power(uw) | Total Power(uw) 
-----+----------------+--------------------+---------------------+-------------------+-----------------
1    |*uz_add         |           22.368441|            23.549463|           1.763040|        47.680943
2    |*un_add_mux     |            0.561065|             0.411946|           0.410668|         1.383679
3    |*un_add         |            6.002078|            14.361652|           1.763040|        22.126770
4    |*tz_add_mux     |            0.325601|             0.668235|           0.407737|         1.401574
5    |*tz_add         |           19.021381|            18.061186|           1.763040|        38.845608
6    |*tk_value       |           42.369675|            27.209702|           1.763040|        71.342415
7    |*tz_value       |           21.137056|            13.403682|           1.763040|        36.303776
8    |*MAR1_mux       |           23.801369|            11.404362|           1.550765|        36.756493
9    |*mar1           |           25.522749|            37.102966|           1.763040|        64.388756
10   |*un_add_temp_mux|            0.891638|             0.526010|           0.574854|         1.992502
11   |*un_add_temp    |           19.677971|            18.279261|           1.763040|        39.720272
12   |*m_value_mux    |           11.939066|             6.415587|           0.574854|        18.929506
13   |*m_value        |           25.252708|            23.911131|           1.763040|        50.926880
14   |*uk_add_mux     |           11.891120|             6.415955|           0.574854|        18.881927
15   |*uk_add         |           25.170759|            20.864799|           1.763040|        47.798599
16   |*adder_A_op_mux |          154.189468|            67.467850|           6.807401|       228.464722
17   |*tn_value       |           21.002945|            12.399032|           1.763040|        35.165016
18   |*un_value       |           42.284321|            23.812410|           1.763040|        67.859772
19   |*adder_B_op_mux |          105.010323|            34.921749|           3.417989|       143.350052
20   |*adder          |          130.141525|           211.563309|           5.234586|       346.939423
21   |*temp1          |           22.996246|            37.236488|           1.763040|        61.995777
22   |*divider        |          247.757248|           380.679565|          17.570684|       646.007507
23   |*k              |           24.976763|            21.656914|           1.763040|        48.396717
24   |*multiplier     |          224.496857|           414.274170|          14.393130|       653.164246
25   |*fsm            |           27.801512|           179.950272|           3.080675|       210.832443
26   |*MAR2_mux       |           13.785770|            10.368159|           0.990264|        25.144192
27   |*mar2           |           25.532995|            34.468098|           1.763040|        61.764133
28   |*temp2          |           23.336866|            31.856184|           1.763040|        56.956089
29   |*i_0_0_0        |            0.610592|             7.857086|           0.022695|         8.490373
30   |*i_0_0_1        |            0.778746|             1.711329|           0.025066|         2.515141
31   |*i_0_0_2        |            0.741118|             0.757181|           0.025066|         1.523366
32   |*i_0_0_3        |            0.867699|             0.745867|           0.025066|         1.638632
33   |*i_0_0_4        |            0.873785|             0.986654|           0.025066|         1.885505
34   |*i_0_0_5        |            0.867958|             0.746090|           0.025066|         1.639114
35   |*i_0_0_6        |            0.880328|             0.994071|           0.025066|         1.899465
36   |*i_0_0_7        |            0.867958|             0.746090|           0.025066|         1.639114
37   |*i_0_0_8        |            1.496724|             5.729870|           0.035928|         7.262522
38   |*i_0_0_9        |            0.737874|             1.816276|           0.035928|         2.590078
39   |*i_0_0_10       |            1.491385|             2.327598|           0.035928|         3.854911
40   |*i_0_0_11       |            0.768050|             1.889343|           0.035928|         2.693322
41   |*i_0_0_12       |            0.775118|             2.327720|           0.035928|         3.138767
42   |*i_0_0_13       |            0.769183|             1.891867|           0.035928|         2.696979
43   |*i_0_0_14       |            0.775118|             2.327720|           0.035928|         3.138767
44   |*i_0_0_15       |            0.769203|             1.891867|           0.035928|         2.696999
45   |*i_0_0_16       |            0.775119|             2.327720|           0.035928|         3.138767
46   |*i_0_0_17       |            0.805540|             4.753806|           0.035928|         5.595274
47   |*i_0_0_18       |            0.785222|             7.352925|           0.035928|         8.174075
48   |*i_0_0_19       |            0.778961|             3.552953|           0.035928|         4.367842
49   |*i_0_0_20       |            0.784167|             3.565643|           0.035928|         4.385738
50   |*i_0_0_21       |            0.778753|             3.540678|           0.035928|         4.355360
51   |*i_0_0_22       |            0.787067|             5.105824|           0.035928|         5.928820
52   |*i_0_0_23       |            0.780948|             4.405159|           0.035928|         5.222036
53   |*i_0_0_24       |            0.789835|             3.859281|           0.035928|         4.685044
54   |*i_0_0_25       |            0.788059|             7.564136|           0.035928|         8.388123
55   |*i_0_0_26       |            0.254424|             1.469310|           0.025066|         1.748799
56   |*i_0_0_27       |            0.259381|             1.497992|           0.025066|         1.782440
57   |*i_0_0_28       |            0.254884|             1.581033|           0.025066|         1.860983
58   |*i_0_0_29       |            0.259403|             3.156566|           0.025066|         3.441036
59   |*i_0_0_30       |            0.255011|             1.844244|           0.025066|         2.124321
60   |*i_0_0_31       |            0.251951|             1.557107|           0.025066|         1.834124
61   |*i_0_0_32       |            0.251305|             2.019469|           0.025066|         2.295840
62   |*i_0_0_33       |            0.354019|             9.735826|           0.027858|        10.117703
63   |*i_0_0_34       |            0.242995|             0.485033|           0.026832|         0.754859
64   |*i_0_0_35       |            0.271607|             0.525330|           0.022619|         0.819556
65   |*i_0_0_36       |            0.000203|             0.000455|           0.017393|         0.018051
66   |*i_0_0_37       |            0.000047|             0.000218|           0.027025|         0.027290
67   |*i_0_0_38       |            0.089880|             0.077819|           0.032601|         0.200301
68   |*i_0_0_39       |            0.089817|             0.074158|           0.032601|         0.196577
69   |*i_0_0_40       |            0.089766|             0.071145|           0.032601|         0.193513
70   |*i_0_0_41       |            0.089705|             0.067592|           0.032601|         0.189899
71   |*i_0_0_42       |            0.309078|             0.663248|           0.017393|         0.989720
72   |*i_0_0_43       |            0.312722|             0.124111|           0.022619|         0.459452
73   |*i_0_0_44       |            0.020398|             0.027750|           0.032612|         0.080760
74   |*i_0_0_45       |            0.170646|             0.522279|           0.014353|         0.707279
75   |*i_0_0_46       |            0.091640|             0.284969|           0.014353|         0.390962
76   |                |                    |                     |                   |                 
77   |*TOTAL          |         1345.088745|          1789.800293|          83.407791|      3218.296875
-----+----------------+--------------------+---------------------+-------------------+-----------------
