warning: No library characterized for (process = 1.00 voltage = 0.85 temperature = 25.00) can be found in the database for power domain '/PD_TOP'  [NL-174]
Report Power (instances with prefix '*' are included in total) : 
-----+---------------------------------+--------------------+---------------------+-------------------+-----------------
     | Instance                        | Internal Power(uw) | Switching Power(uw) | Leakage Power(uw) | Total Power(uw) 
-----+---------------------------------+--------------------+---------------------+-------------------+-----------------
1    |*finish_reg                      |            0.508970|             1.204260|           0.079112|         1.792342
2    |*A_reg[14]                       |            2.312485|             3.492733|           0.079112|         5.884330
3    |*A_reg[13]                       |            2.310395|             2.384972|           0.079112|         4.774479
4    |*A_reg[12]                       |            2.311400|             2.473901|           0.079112|         4.864414
5    |*A_reg[11]                       |            2.314025|             5.632194|           0.079112|         8.025332
6    |*A_reg[10]                       |            2.314023|             5.614810|           0.079112|         8.007945
7    |*A_reg[9]                        |            2.310930|             2.432323|           0.079112|         4.822365
8    |*A_reg[8]                        |            2.311688|             2.686278|           0.079112|         5.077079
9    |*A_reg[7]                        |            2.311670|             2.667661|           0.079112|         5.058443
10   |*A_reg[6]                        |            2.312504|             3.512153|           0.079112|         5.903769
11   |*A_reg[5]                        |            2.313902|             4.926949|           0.079112|         7.319963
12   |*A_reg[4]                        |            2.314115|             6.313948|           0.079112|         8.707175
13   |*A_reg[3]                        |            2.314020|             5.590618|           0.079112|         7.983750
14   |*A_reg[2]                        |            2.314022|             5.602352|           0.079112|         7.995487
15   |*A_reg[1]                        |            2.313999|             5.434918|           0.079112|         7.828031
16   |*A_reg[0]                        |            2.313855|             4.879963|           0.079112|         7.272931
17   |*clk_gate_multiplicand_buffer_reg|            1.681876|             0.000000|           0.059138|         1.741014
18   |*multiplicand_buffer_reg[15]     |            2.125725|             1.586706|           0.079112|         3.791543
19   |*multiplicand_buffer_reg[14]     |            2.134030|             2.645351|           0.079112|         4.858493
20   |*multiplicand_buffer_reg[13]     |            2.133773|             2.385667|           0.079112|         4.598553
21   |*multiplicand_buffer_reg[12]     |            2.135989|             4.932652|           0.079112|         7.147754
22   |*multiplicand_buffer_reg[11]     |            2.136022|             5.182369|           0.079112|         7.397503
23   |*multiplicand_buffer_reg[10]     |            2.133773|             2.385667|           0.079112|         4.598553
24   |*multiplicand_buffer_reg[9]      |            2.135989|             4.932652|           0.079112|         7.147754
25   |*multiplicand_buffer_reg[8]      |            2.136081|             5.639565|           0.079112|         7.854759
26   |*multiplicand_buffer_reg[7]      |            2.135662|             4.297490|           0.079112|         6.512265
27   |*multiplicand_buffer_reg[6]      |            2.136081|             5.639565|           0.079112|         7.854759
28   |*multiplicand_buffer_reg[5]      |            2.136081|             5.639565|           0.079112|         7.854759
29   |*multiplicand_buffer_reg[4]      |            2.135992|             4.955227|           0.079112|         7.170331
30   |*multiplicand_buffer_reg[3]      |            2.136026|             5.215038|           0.079112|         7.430177
31   |*multiplicand_buffer_reg[2]      |            2.134030|             2.645351|           0.079112|         4.858493
32   |*multiplicand_buffer_reg[1]      |            2.133788|             2.400446|           0.079112|         4.613347
33   |*multiplicand_buffer_reg[0]      |            2.133786|             2.399319|           0.079112|         4.612218
34   |*Q_reg[16]                       |            2.313855|             4.879963|           0.079112|         7.272931
35   |*Q_reg[15]                       |            2.313855|             4.879963|           0.079112|         7.272931
36   |*Q_reg[14]                       |            2.067557|             4.360514|           0.079112|         6.507183
37   |*Q_reg[13]                       |            2.067557|             4.360514|           0.079112|         6.507183
38   |*Q_reg[12]                       |            2.067557|             4.360514|           0.079112|         6.507183
39   |*Q_reg[11]                       |            2.067557|             4.360514|           0.079112|         6.507183
40   |*Q_reg[10]                       |            2.067557|             4.360514|           0.079112|         6.507183
41   |*Q_reg[9]                        |            2.066971|             3.767729|           0.079112|         5.913812
42   |*Q_reg[8]                        |            2.061569|             1.874825|           0.079112|         4.015506
43   |*Q_reg[7]                        |            2.061875|             1.901968|           0.079112|         4.042956
44   |*Q_reg[6]                        |            2.035558|             0.644578|           0.079112|         2.759249
45   |*Q_reg[5]                        |            2.035558|             0.644578|           0.079112|         2.759249
46   |*Q_reg[4]                        |            2.035558|             0.644578|           0.079112|         2.759249
47   |*Q_reg[3]                        |            2.035558|             0.644578|           0.079112|         2.759249
48   |*Q_reg[2]                        |            2.067763|             5.448435|           0.079112|         7.595311
49   |*Q_reg[1]                        |            2.054598|             1.258029|           0.079112|         3.391739
50   |*Q_reg[0]                        |            1.724626|             1.065703|           0.079112|         2.869441
51   |*counter_reg[2]                  |            1.845886|             1.174630|           0.079112|         3.099629
52   |*counter_reg[1]                  |            1.489285|             1.676430|           0.079112|         3.244828
53   |*counter_reg[0]                  |            1.734325|             2.580492|           0.079112|         4.393929
54   |*working_reg                     |            2.264678|             0.402593|           0.079112|         2.746384
55   |*start_buffer_reg                |            1.790009|             3.462394|           0.079112|         5.331514
56   |*start_buffer_reg_enable_mux_0   |            0.482292|             0.140418|           0.035928|         0.658639
57   |*clk_gate_A_reg                  |            1.600334|             0.000000|           0.059138|         1.659472
58   |*i_0_0_0                         |            0.329351|             0.262725|           0.017393|         0.609470
59   |*i_0_0_1                         |            0.347832|             0.161116|           0.027858|         0.536807
60   |*i_0_0_2                         |            0.329467|             0.478231|           0.022619|         0.830317
61   |*i_0_0_3                         |            0.392359|             0.158262|           0.034566|         0.585187
62   |*i_0_0_4                         |            0.389931|             0.160989|           0.034566|         0.585485
63   |*i_0_0_5                         |            0.389846|             0.161531|           0.034566|         0.585943
64   |*i_0_0_6                         |            0.318114|             0.158601|           0.027858|         0.504574
65   |*i_0_0_7                         |            0.474925|             0.641950|           0.022619|         1.139494
66   |*i_0_0_8                         |            0.365711|             0.169225|           0.027858|         0.562794
67   |*i_0_0_9                         |            0.379097|             0.527065|           0.022619|         0.928780
68   |*i_0_0_10                        |            0.350954|             0.166850|           0.027858|         0.545662
69   |*i_0_0_11                        |            0.396850|             0.526989|           0.022619|         0.946458
70   |*i_0_0_12                        |            0.351024|             0.166953|           0.027858|         0.545835
71   |*i_0_0_13                        |            0.397039|             0.527497|           0.022619|         0.947156
72   |*i_0_0_14                        |            0.339087|             0.162378|           0.027858|         0.529323
73   |*i_0_0_15                        |            0.395813|             0.528120|           0.022619|         0.946552
74   |*i_0_0_16                        |            0.339021|             0.162428|           0.027858|         0.529307
75   |*i_0_0_17                        |            0.396004|             0.528687|           0.022619|         0.947310
76   |*i_0_0_18                        |            0.336618|             0.159715|           0.027858|         0.524191
77   |*i_0_0_19                        |            0.464734|             0.633751|           0.022619|         1.121105
78   |*i_0_0_20                        |            0.366032|             0.169758|           0.027858|         0.563648
79   |*i_0_0_21                        |            0.385344|             0.533721|           0.022619|         0.941684
80   |*i_0_0_22                        |            0.326461|             0.162862|           0.027858|         0.517181
81   |*i_0_0_23                        |            0.375862|             0.504647|           0.022619|         0.903128
82   |*i_0_0_24                        |            0.430335|             1.604051|           0.017393|         2.051779
83   |*i_0_0_25                        |            0.334918|             0.164103|           0.027858|         0.526879
84   |*i_0_0_26                        |            0.368154|             0.504964|           0.022619|         0.895737
85   |*i_0_0_27                        |            0.727426|             1.619840|           0.032612|         2.379879
86   |*i_0_0_28                        |            0.562055|             1.466212|           0.018105|         2.046372
87   |*i_0_0_29                        |            0.149780|             0.678371|           0.014353|         0.842504
88   |*i_0_0_30                        |            0.240256|             2.027911|           0.027858|         2.296025
89   |*i_0_0_31                        |            0.393195|             0.963828|           0.032612|         1.389635
90   |*i_0_0_32                        |            0.193747|             0.535057|           0.032612|         0.761415
91   |*i_0_0_33                        |            0.202029|             1.676221|           0.014353|         1.892603
92   |*i_0_0_34                        |            0.525672|             3.850949|           0.032612|         4.409232
93   |*i_0_0_35                        |            0.413880|             1.820715|           0.022619|         2.257214
94   |*i_0_0_36                        |            0.531580|             2.388674|           0.022619|         2.942874
95   |*i_0_0_37                        |            0.564593|             1.914060|           0.032612|         2.511265
96   |*i_0_0_38                        |            0.843834|             2.639727|           0.036441|         3.520002
97   |*i_0_0_39                        |            0.265875|             1.835534|           0.014353|         2.115762
98   |*i_0_0_40                        |            0.563611|             3.687984|           0.032612|         4.284207
99   |*i_0_0_41                        |            0.828661|             2.638741|           0.036441|         3.503843
100  |*i_0_0_42                        |            0.264058|             1.822989|           0.014353|         2.101400
101  |*i_0_0_43                        |            0.558596|             3.662779|           0.032612|         4.253987
102  |*i_0_0_44                        |            1.085918|             2.506522|           0.036164|         3.628604
103  |*i_0_0_45                        |            0.263467|             1.818908|           0.014353|         2.096728
104  |*i_0_0_46                        |            0.557758|             3.654578|           0.032612|         4.244948
105  |*i_0_0_47                        |            0.261927|             1.808282|           0.014353|         2.084563
106  |*i_0_0_48                        |            0.571328|             3.633230|           0.032612|         4.237170
107  |*i_0_0_49                        |            0.377635|             1.685834|           0.022619|         2.086088
108  |*i_0_0_50                        |            0.382049|             1.744745|           0.027858|         2.154652
109  |*i_0_0_51                        |            0.170419|             0.498390|           0.021200|         0.690008
110  |*i_0_0_52                        |            1.139214|             1.445167|           0.036164|         2.620544
111  |*i_0_0_53                        |            0.357102|             0.913469|           0.027858|         1.298429
112  |*i_0_0_54                        |            0.160993|             0.469061|           0.021200|         0.651253
113  |*i_0_0_55                        |            1.142407|             1.440334|           0.036164|         2.618905
114  |*i_0_0_56                        |            0.330219|             0.867135|           0.027858|         1.225213
115  |*i_0_0_57                        |            0.114251|             0.324428|           0.021200|         0.459879
116  |*i_0_0_58                        |            1.131430|             1.432652|           0.036164|         2.600246
117  |*i_0_0_59                        |            0.313207|             0.626423|           0.032612|         0.972242
118  |*i_0_0_60                        |            0.170417|             0.802857|           0.022619|         0.995894
119  |*i_0_0_61                        |            0.782183|             2.484769|           0.036441|         3.303394
120  |*i_0_0_62                        |            0.269546|             0.970953|           0.017393|         1.257893
121  |*i_0_0_63                        |            0.296967|             0.340323|           0.032612|         0.669902
122  |*i_0_0_64                        |            0.151494|             0.201564|           0.032612|         0.385669
123  |*i_0_0_65                        |            0.275129|             1.008970|           0.017393|         1.301492
124  |*i_0_0_66                        |            0.158816|             0.222928|           0.032612|         0.414355
125  |*i_0_0_67                        |            0.330375|             0.364642|           0.032612|         0.727629
126  |*i_0_0_68                        |            0.638041|             1.825386|           0.027858|         2.491286
127  |*i_0_0_69                        |            0.374035|             0.984130|           0.022619|         1.380784
128  |*i_0_0_70                        |            0.510967|             0.496621|           0.047399|         1.054987
129  |*i_0_0_71                        |            0.599907|             1.454726|           0.027858|         2.082491
130  |*i_0_0_72                        |            0.388760|             1.018611|           0.022619|         1.429990
131  |*i_0_0_73                        |            0.524553|             0.515129|           0.047399|         1.087081
132  |*i_0_0_74                        |            0.555284|             1.062945|           0.027858|         1.646087
133  |*i_0_0_75                        |            0.537409|             2.338579|           0.022619|         2.898607
134  |*i_0_0_76                        |            0.170371|             0.586797|           0.017393|         0.774562
135  |*i_0_0_77                        |            0.398968|             1.082097|           0.022619|         1.503684
136  |*i_0_0_78                        |            0.533844|             0.527674|           0.047399|         1.108916
137  |*i_0_0_79                        |            0.517131|             1.018131|           0.027858|         1.563120
138  |*i_0_0_80                        |            1.089237|             2.410995|           0.036164|         3.536396
139  |*i_0_0_81                        |            0.406039|             1.068000|           0.022619|         1.496659
140  |*i_0_0_82                        |            0.540764|             0.536368|           0.047399|         1.124531
141  |*i_0_0_83                        |            0.490809|             0.980676|           0.027858|         1.499343
142  |*i_0_0_84                        |            0.414473|             1.087768|           0.022619|         1.524861
143  |*i_0_0_85                        |            0.547848|             0.546888|           0.047399|         1.142135
144  |*i_0_0_86                        |            0.416188|             1.126534|           0.022619|         1.565341
145  |*i_0_0_87                        |            0.550046|             0.550062|           0.047399|         1.147507
146  |*i_0_0_88                        |            0.679585|             0.915298|           0.032612|         1.627496
147  |*i_0_0_89                        |            0.313174|             1.197906|           0.017393|         1.528473
148  |*i_0_0_90                        |            0.174021|             0.252131|           0.032612|         0.458765
149  |*i_0_0_91                        |            0.350435|             0.436371|           0.032612|         0.819418
150  |*i_0_0_92                        |            0.426023|             1.175140|           0.027858|         1.629021
151  |*i_0_0_93                        |            0.170425|             0.618857|           0.017393|         0.806675
152  |*i_0_0_94                        |            0.419784|             1.133146|           0.022619|         1.575549
153  |*i_0_0_95                        |            0.553279|             0.554078|           0.047399|         1.154756
154  |*i_0_0_96                        |            0.400192|             1.162793|           0.027858|         1.590843
155  |*i_0_0_97                        |            1.084880|             2.421282|           0.036164|         3.542326
156  |*i_0_0_98                        |            0.420519|             1.103632|           0.022619|         1.546771
157  |*i_0_0_99                        |            0.553839|             0.555333|           0.047399|         1.156571
158  |*i_0_0_100                       |            0.686019|             0.884426|           0.032612|         1.603057
159  |*i_0_0_101                       |            0.398381|             1.126155|           0.027858|         1.552395
160  |*i_0_0_102                       |            0.335483|             1.218116|           0.017393|         1.570992
161  |*i_0_0_103                       |            0.388056|             0.449120|           0.032612|         0.869788
162  |*i_0_0_104                       |            0.396435|             1.390587|           0.027858|         1.814880
163  |*i_0_0_105                       |            0.189643|             0.254323|           0.032612|         0.476578
164  |*i_0_0_111                       |            0.349424|             0.167933|           0.027858|         0.545215
165  |*i_0_0_112                       |            0.596502|             0.561769|           0.033938|         1.192209
166  |*i_0_0_106                       |            0.413403|             1.131616|           0.036441|         1.581460
167  |*i_0_0_107                       |            0.022248|             0.086753|           0.021200|         0.130200
168  |*i_0_0_108                       |            0.022189|             0.125893|           0.014353|         0.162435
169  |*i_0_0_109                       |            0.027933|             0.421875|           0.021200|         0.471008
170  |*i_0_0_110                       |            0.039133|             0.167070|           0.017393|         0.223596
171  |*i_0_0_113                       |            0.038877|             0.320720|           0.014353|         0.373951
172  |*i_0_0_114                       |            0.050695|             0.746119|           0.017393|         0.814207
173  |*i_0_0_115                       |            0.051023|             0.146180|           0.014353|         0.211556
174  |*i_0_0_116                       |            0.067223|             1.112185|           0.021200|         1.200608
175  |*i_0_0_117                       |            0.092268|             0.382811|           0.017393|         0.492473
176  |*i_0_0_118                       |            0.335128|             5.056042|           0.017393|         5.408563
177  |*i_0_0_119                       |            0.274246|             1.460588|           0.014353|         1.749187
178  |*i_0_0_120                       |            0.400962|             5.268548|           0.017393|         5.686903
179  |*i_0_0_121                       |            0.307640|             0.881374|           0.014353|         1.203367
180  |*i_0_0_122                       |            0.466359|             6.705791|           0.021200|         7.193348
181  |*i_0_0_123                       |            0.945297|             0.880084|           0.033938|         1.859318
182  |*i_0_0_124                       |            0.147849|             0.094313|           0.021200|         0.263361
183  |*i_0_0_125                       |            0.226015|             0.143853|           0.014353|         0.384221
184  |*i_0_0_126                       |            0.410529|             2.594800|           0.032612|         3.037941
185  |*i_0_0_141                       |            0.226015|             0.143853|           0.014353|         0.384221
186  |*i_0_0_142                       |            0.410529|             2.594800|           0.032612|         3.037941
187  |*i_0_0_143                       |            0.226015|             0.143853|           0.014353|         0.384221
188  |*i_0_0_144                       |            0.410529|             2.594800|           0.032612|         3.037941
189  |*i_0_0_145                       |            0.226015|             0.143853|           0.014353|         0.384221
190  |*i_0_0_146                       |            0.410529|             2.594800|           0.032612|         3.037941
191  |*i_0_0_147                       |            0.226015|             0.143853|           0.014353|         0.384221
192  |*i_0_0_148                       |            0.410500|             2.594800|           0.032612|         3.037913
193  |*i_0_0_149                       |            0.226015|             0.143853|           0.014353|         0.384221
194  |*i_0_0_150                       |            0.410486|             2.594800|           0.032612|         3.037898
195  |*i_0_0_151                       |            0.294897|             0.147508|           0.022619|         0.465024
196  |*i_0_0_152                       |            0.233733|             0.308429|           0.017393|         0.559556
197  |*i_0_0_153                       |            0.295006|             0.147508|           0.022619|         0.465133
198  |*i_0_0_154                       |            0.233733|             0.308429|           0.017393|         0.559556
199  |*i_0_0_155                       |            0.295006|             0.147508|           0.022619|         0.465133
200  |*i_0_0_156                       |            0.233733|             0.308429|           0.017393|         0.559556
201  |*i_0_0_157                       |            0.295006|             0.147508|           0.022619|         0.465133
202  |*i_0_0_158                       |            0.233733|             0.308429|           0.017393|         0.559556
203  |*i_0_0_159                       |            0.295006|             0.147508|           0.022619|         0.465133
204  |*i_0_0_160                       |            0.233733|             0.308429|           0.017393|         0.559556
205  |*i_0_0_161                       |            0.295006|             0.147508|           0.022619|         0.465133
206  |*i_0_0_162                       |            0.233733|             0.308429|           0.017393|         0.559556
207  |*i_0_0_163                       |            0.414059|             0.207556|           0.022619|         0.644234
208  |*i_0_0_164                       |            0.233733|             0.308429|           0.017393|         0.559556
209  |*i_0_0_165                       |            0.414059|             0.207556|           0.022619|         0.644234
210  |*i_0_0_166                       |            0.233733|             0.308429|           0.017393|         0.559556
211  |*i_0_0_167                       |            0.338061|             0.225655|           0.014353|         0.578070
212  |*i_0_0_168                       |            0.514594|             4.065814|           0.027858|         4.608267
213  |*i_0_0_169                       |            0.415634|             0.518532|           0.034566|         0.968732
214  |*i_0_0_170                       |            0.494540|             0.212044|           0.022619|         0.729203
215  |*i_0_0_171                       |            0.360043|             0.459265|           0.022619|         0.841927
216  |*i_0_0_172                       |            0.027874|             0.076526|           0.014353|         0.118753
217  |*i_0_0_127                       |            0.044684|             0.533769|           0.017393|         0.595847
218  |*i_0_0_128                       |            1.077215|             1.536685|           0.036441|         2.650341
219  |*i_0_0_129                       |            0.444722|             0.723912|           0.047399|         1.216033
220  |*i_0_0_130                       |            0.631593|             1.395924|           0.027858|         2.055376
221  |*i_0_0_131                       |            0.312018|             1.770324|           0.014353|         2.096695
222  |*i_0_0_132                       |            0.453317|             5.932456|           0.021200|         6.406973
223  |*i_0_0_133                       |            0.278190|             0.327531|           0.017393|         0.623115
224  |*i_0_0_134                       |            0.041606|             0.592245|           0.014353|         0.648205
225  |*i_0_0_135                       |            0.073667|             0.390364|           0.021200|         0.485231
226  |*i_0_0_136                       |            0.195415|             0.491868|           0.018105|         0.705388
227  |*i_0_0_137                       |            0.298936|             1.387254|           0.014353|         1.700544
228  |*i_0_0_192                       |            0.233733|             0.308429|           0.017393|         0.559556
229  |*i_0_0_138                       |            0.697132|             9.193580|           0.026481|         9.917193
230  |*i_0_0_139                       |            0.394861|             0.289757|           0.021200|         0.705818
231  |*i_0_0_195                       |            0.433049|             0.245547|           0.021200|         0.699796
232  |*i_0_0_140                       |            0.178443|             0.094245|           0.026832|         0.299519
233  |*i_0_0_173                       |            0.477567|             0.604609|           0.027858|         1.110034
234  |*i_0_0_199                       |            0.484444|             0.142797|           0.022695|         0.649937
235  |*i_0_0_174                       |            1.015538|             0.325982|           0.025066|         1.366586
236  |*i_0_0_201                       |            1.015538|             0.325982|           0.025066|         1.366586
237  |*i_0_0_202                       |            1.015538|             0.325982|           0.025066|         1.366586
238  |*i_0_0_203                       |            1.015538|             0.325982|           0.025066|         1.366586
239  |*i_0_0_204                       |            1.015538|             0.325982|           0.025066|         1.366586
240  |*i_0_0_205                       |            1.015538|             0.325982|           0.025066|         1.366586
241  |*i_0_0_206                       |            1.015538|             0.325982|           0.025066|         1.366586
242  |*i_0_0_207                       |            1.015538|             0.325982|           0.025066|         1.366586
243  |*i_0_0_208                       |            1.015538|             0.325982|           0.025066|         1.366586
244  |*i_0_0_209                       |            1.015538|             0.325982|           0.025066|         1.366586
245  |*i_0_0_210                       |            1.015538|             0.325982|           0.025066|         1.366586
246  |*i_0_0_211                       |            1.015538|             0.325982|           0.025066|         1.366586
247  |*i_0_0_212                       |            1.015538|             0.325982|           0.025066|         1.366586
248  |*i_0_0_213                       |            1.015538|             0.325982|           0.025066|         1.366586
249  |*i_0_0_214                       |            1.015538|             0.325982|           0.025066|         1.366586
250  |*i_0_0_215                       |            1.015538|             0.325982|           0.025066|         1.366586
251  |*i_0_0_175                       |            0.004475|             0.013729|           0.021200|         0.039404
252  |*i_0_0_176                       |            0.009650|             0.025952|           0.014353|         0.049955
253  |*i_0_0_177                       |            0.019547|             0.186271|           0.018105|         0.223923
254  |*i_0_0_178                       |            0.071917|             0.276025|           0.021200|         0.369142
255  |*i_0_0_179                       |            0.017326|             0.014053|           0.048314|         0.079693
256  |*i_0_0_180                       |            0.229513|             0.088090|           0.026733|         0.344336
257  |*i_0_0_181                       |            0.067572|             0.045391|           0.018105|         0.131068
258  |*i_0_0_182                       |            0.243020|             0.376727|           0.026832|         0.646578
259  |*i_0_0_183                       |            0.176242|             0.088453|           0.018127|         0.282822
260  |*i_0_0_184                       |            0.174596|             0.086510|           0.018127|         0.279232
261  |*i_0_0_185                       |            0.356215|             1.482279|           0.014353|         1.852847
262  |*i_0_0_186                       |            0.563734|             4.964299|           0.022619|         5.550653
263  |*i_0_0_187                       |            0.401179|             1.232261|           0.027858|         1.661299
264  |*i_0_0_188                       |            0.420268|             1.331161|           0.027858|         1.779288
265  |*i_0_0_189                       |            0.372806|             1.174284|           0.027858|         1.574948
266  |*i_0_0_190                       |            0.355084|             1.148251|           0.027858|         1.531193
267  |*i_0_0_191                       |            0.344865|             1.123954|           0.027858|         1.496677
268  |*i_0_0_193                       |            0.342609|             1.128833|           0.027858|         1.499301
269  |*i_0_0_236                       |            0.382502|             1.262385|           0.027858|         1.672746
270  |*i_0_0_237                       |            0.382392|             1.261555|           0.027858|         1.671805
271  |*i_0_0_238                       |            0.382079|             1.248607|           0.027858|         1.658544
272  |*i_0_0_239                       |            0.382308|             1.260839|           0.027858|         1.671005
273  |*i_0_0_240                       |            0.382198|             1.251498|           0.027858|         1.661554
274  |*i_0_0_241                       |            0.382169|             1.250749|           0.027858|         1.660777
275  |*i_0_0_194                       |            0.825323|             1.368816|           0.032612|         2.226751
276  |*i_0_0_196                       |            0.382214|             1.263741|           0.027858|         1.673814
277  |*i_0_0_197                       |            0.563609|             1.264809|           0.027858|         1.856277
278  |*i_0_0_198                       |            0.367682|             1.020504|           0.021200|         1.409386
279  |*i_0_0_200                       |            0.000001|             0.000010|           0.021200|         0.021210
280  |*i_0_0_216                       |            0.000003|             0.000011|           0.017393|         0.017407
281  |*i_0_0_217                       |            0.000000|             0.000033|           0.014353|         0.014386
282  |*i_0_0_218                       |            0.000005|             0.000077|           0.017393|         0.017475
283  |*i_0_0_219                       |            0.000008|             0.000042|           0.014353|         0.014404
284  |*i_0_0_220                       |            0.000010|             0.000153|           0.017393|         0.017556
285  |*i_0_0_221                       |            0.000016|             0.000085|           0.014353|         0.014454
286  |*i_0_0_222                       |            0.000019|             0.000307|           0.017393|         0.017719
287  |*i_0_0_223                       |            0.000032|             0.000170|           0.014353|         0.014555
288  |*i_0_0_224                       |            0.000039|             0.000613|           0.017393|         0.018045
289  |*i_0_0_225                       |            0.000064|             0.000340|           0.014353|         0.014757
290  |*i_0_0_226                       |            0.000077|             0.001227|           0.017393|         0.018697
291  |*i_0_0_227                       |            0.000128|             0.000680|           0.014353|         0.015161
292  |*i_0_0_259                       |            0.000154|             0.002453|           0.017393|         0.020001
293  |*i_0_0_228                       |            0.000255|             0.001360|           0.014353|         0.015969
294  |*i_0_0_229                       |            0.000309|             0.004907|           0.017393|         0.022609
295  |*i_0_0_230                       |            0.001071|             0.005705|           0.014353|         0.021130
296  |*i_0_0_231                       |            0.000620|             0.009812|           0.017393|         0.027825
297  |*i_0_0_232                       |            0.002141|             0.011401|           0.014353|         0.027894
298  |*i_0_0_233                       |            0.002624|             0.041124|           0.017393|         0.061141
299  |*i_0_0_234                       |            0.008935|             0.047586|           0.014353|         0.070874
300  |*i_0_0_235                       |            0.011348|             0.171650|           0.017393|         0.200392
301  |*i_0_0_242                       |            0.036641|             0.195143|           0.014353|         0.246137
302  |*i_0_0_243                       |            0.045389|             0.703908|           0.017393|         0.766690
303  |*i_0_0_244                       |            0.016834|             0.048229|           0.014353|         0.079416
304  |*i_0_0_245                       |            0.022946|             0.366943|           0.021200|         0.411088
305  |*i_0_0_246                       |            0.102224|             0.569209|           0.017393|         0.688827
306  |*i_0_0_247                       |            0.487888|            12.006700|           0.014353|        12.508941
307  |*i_0_0_248                       |            0.056356|             0.162065|           0.014353|         0.232774
308  |*i_0_0_249                       |            0.237739|             1.261307|           0.014353|         1.513399
309  |*i_0_0_250                       |            0.237739|             1.261307|           0.014353|         1.513399
310  |*i_0_0_251                       |            0.237656|             1.928110|           0.014353|         2.180119
311  |*i_0_0_252                       |            0.237739|             1.261307|           0.014353|         1.513399
312  |*i_0_0_253                       |            0.237656|             1.928110|           0.014353|         2.180119
313  |*i_0_0_254                       |            0.299216|             1.924269|           0.014353|         2.237838
314  |*i_0_0_255                       |            0.230130|             1.262991|           0.014353|         1.507474
315  |*i_0_0_256                       |            0.230130|             1.262991|           0.014353|         1.507474
316  |*i_0_0_257                       |            0.230130|             1.262991|           0.014353|         1.507474
317  |*i_0_0_258                       |            0.230130|             1.262991|           0.014353|         1.507474
318  |*i_0_0_260                       |            0.230130|             1.262991|           0.014353|         1.507474
319  |*i_0_0_292                       |            0.257544|             1.413446|           0.014353|         1.685344
320  |*i_0_0_293                       |            0.257544|             1.413446|           0.014353|         1.685344
321  |*i_0_0_261                       |            0.257485|             1.897584|           0.014353|         2.169421
322  |*i_0_0_262                       |            0.257544|             1.413446|           0.014353|         1.685344
323  |*i_0_0_263                       |            0.257563|             1.261539|           0.014353|         1.533455
324  |*i_0_0_264                       |            0.257560|             1.288085|           0.014353|         1.559998
325  |*i_0_0_265                       |            0.257563|             1.263868|           0.014353|         1.535784
326  |*i_0_0_266                       |            0.257469|             2.027173|           0.014353|         2.298995
327  |*i_0_0_267                       |            0.257558|             1.301382|           0.014353|         1.573293
328  |*i_0_0_268                       |            0.257565|             1.244533|           0.014353|         1.516452
329  |*i_0_0_269                       |            1.088817|             2.504054|           0.036164|         3.629035
330  |*i_0_0_270                       |            0.410227|             1.079525|           0.022619|         1.512371
331  |*i_0_0_271                       |            0.544559|             0.542501|           0.047399|         1.134459
332  |*i_0_0_272                       |            0.058208|             1.827610|           0.017393|         1.903211
333  |*i_0_0_273                       |            0.440345|             0.928064|           0.027858|         1.396268
334  |*i_0_0_274                       |            0.087589|             0.248026|           0.014353|         0.349968
335  |*i_0_0_275                       |            0.118688|             2.166925|           0.021200|         2.306813
336  |*i_0_0_276                       |            0.171577|             2.506038|           0.026832|         2.704447
337  |*i_0_0_277                       |            0.468806|             7.141495|           0.026832|         7.637133
338  |*i_0_0_278                       |            0.054087|             0.527310|           0.014353|         0.595750
339  |*i_0_0_279                       |            0.076932|             1.141560|           0.017393|         1.235885
340  |*i_0_0_280                       |            0.317921|             0.944294|           0.014353|         1.276568
341  |*i_0_0_281                       |            0.481735|             4.317205|           0.022619|         4.821559
342  |*i_0_0_282                       |            0.162474|             0.957539|           0.017393|         1.137406
343  |*i_0_0_283                       |            0.210089|             1.188033|           0.021200|         1.419321
344  |*i_0_0_284                       |            0.185494|             1.052453|           0.014353|         1.252300
345  |*i_0_0_285                       |            0.265887|             3.526832|           0.021200|         3.813918
346  |*i_0_0_286                       |            0.158890|             4.706923|           0.014353|         4.880165
347  |*i_0_0_287                       |            0.231454|             3.031525|           0.017393|         3.280372
348  |*i_0_0_288                       |            0.418070|             7.811078|           0.021200|         8.250347
349  |*i_0_0_289                       |            0.228172|             0.608467|           0.014353|         0.850993
350  |*i_0_0_290                       |            0.236428|             0.649104|           0.014353|         0.899885
351  |*i_0_0_291                       |            0.236428|             0.649104|           0.014353|         0.899885
352  |*i_0_0_294                       |            0.237658|             1.914578|           0.014353|         2.166589
353  |*i_0_0_295                       |            0.236428|             0.649104|           0.014353|         0.899885
354  |*i_0_0_296                       |            0.229979|             2.337104|           0.014353|         2.581435
355  |*i_0_0_297                       |            0.323173|             0.129486|           0.034566|         0.487224
356  |*i_0_0_298                       |            0.435230|             0.450218|           0.021200|         0.906648
357  |*i_0_0_299                       |            0.264785|            12.566328|           0.014353|        12.845466
358  |*i_0_0_300                       |            0.496194|            18.356413|           0.027858|        18.880465
359  |*i_0_0_301                       |            0.199004|             0.853439|           0.014353|         1.066796
360  |                                 |                    |                     |                   |                 
361  |*TOTAL                           |          226.001221|           543.236816|          11.473734|       780.711731
-----+---------------------------------+--------------------+---------------------+-------------------+-----------------
