Report for group default
------------------------------------------------------------------------------------------------------------------------------------------------------------
Startpoint: Q_reg[2]/Q
    (Clocked by sysclk R)
Endpoint: A_reg[13]/D
    (Clocked by sysclk R)
Path Group: default
Data required time: 1466.3
    (Clock shift: 1500.0, minus Uncertainty: 0.0, plus Latency 0.0, minus Setup time: 33.7)
Data arrival time: 1259.6
Slack: 206.7
Logic depth: 30
------------------------------------------------------------------------------------------------------------------------------------------------------------
                                                     Arrival               Arc      Net               Net    Total   fan-                                   
Path                     Module/Cell           Edge     Time    Delay    Delay    Delay     Slew     Load     Load    out     Location Power Domain      (V)
                                                        (ps)     (ps)     (ps)     (ps)     (ps)     (ff)     (ff)    (#)      (um,um)                      
------------------------------------------------------------------------------------------------------------------------------------------------------------
clk                      {create_clock}           r      0.0      0.0      0.0                        0.0      0.0      3    44,    0                       
clk_gate_A_reg/CK->GCK   CLKGATETST_X1           rr      0.0      0.0      0.0      0.0      0.0      0.0      0.0     37    45,   45  /PD_TOP        (1.10)
Q_reg[2]/CK->Q           DFF_X1*                 rr    149.3    149.3    149.3      0.0      0.0      1.3     37.2      4    45,   45  /PD_TOP        (1.10)
i_0_0_296/A->ZN          INV_X8                  rf    159.7     10.4     10.4      0.0     15.3      1.2     16.0      4    45,   45  /PD_TOP        (1.10)
i_0_0_272/A1->ZN         NAND2_X4*               fr    204.1     44.4     44.4      0.0      4.8      3.4     68.9     11    45,   45  /PD_TOP        (1.10)
i_0_0_133/A1->ZN         NAND2_X4                rf    217.2     13.1     13.0      0.1     15.3      0.3      2.8      1    45,   45  /PD_TOP        (1.10)
i_0_0_129/C2->ZN         AOI222_X2               fr    333.4    116.2    116.2      0.0      6.3      0.7      8.4      2    45,   45  /PD_TOP        (1.10)
i_0_0_128/B->ZN          XNOR2_X2                rf    372.4     39.0     39.0      0.0     70.2      0.6      8.5      2    45,   45  /PD_TOP        (1.10)
i_0_0_127/A2->ZN         NAND2_X4*               fr    408.2     35.8     35.8      0.0     15.0      0.6     29.9      2    45,   45  /PD_TOP        (1.10)
i_0_0_60/A->ZN           OAI21_X4                rf    433.3     25.1     25.1      0.0     15.3      1.0     13.3      3    45,   45  /PD_TOP        (1.10)
i_0_0_59/B2->ZN          AOI22_X4                fr    485.4     52.1     52.1      0.0     13.2      0.7      7.3      2    45,   45  /PD_TOP        (1.10)
i_0_0_57/A1->ZN          NOR2_X4                 rf    497.9     12.5     12.5      0.0     28.5      0.6      7.1      2    45,   45  /PD_TOP        (1.10)
i_0_0_56/A->ZN           AOI21_X4                fr    539.4     41.5     41.5      0.0      6.2      0.6      7.3      2    45,   45  /PD_TOP        (1.10)
i_0_0_54/A1->ZN          NOR2_X4                 rf    551.7     12.3     12.3      0.0     25.1      0.6      7.1      2    45,   45  /PD_TOP        (1.10)
i_0_0_53/A->ZN           AOI21_X4                fr    593.2     41.5     41.5      0.0      6.2      0.6      7.3      2    45,   45  /PD_TOP        (1.10)
i_0_0_51/A1->ZN          NOR2_X4                 rf    605.5     12.3     12.3      0.0     25.1      0.6      7.1      2    45,   45  /PD_TOP        (1.10)
i_0_0_50/A->ZN           AOI21_X4                fr    654.7     49.2     49.2      0.0      6.2      1.0     13.2      3    45,   45  /PD_TOP        (1.10)
i_0_0_49/B2->ZN          OAI21_X4                rf    683.4     28.7     28.7      0.0     32.1      1.0     13.3      3    45,   45  /PD_TOP        (1.10)
i_0_0_48/B2->ZN          AOI22_X4                fr    759.3     75.9     75.9      0.0     13.2      0.3     25.8      1    45,   45  /PD_TOP        (1.10)
i_0_0_47/A->ZN           INV_X8                  rf    769.9     10.6     10.6      0.0     50.3      1.0     12.8      3    45,   45  /PD_TOP        (1.10)
i_0_0_46/B1->ZN          AOI22_X4                fr    836.8     66.9     66.9      0.0      4.4      0.3     25.8      1    45,   45  /PD_TOP        (1.10)
i_0_0_45/A->ZN           INV_X8                  rf    847.4     10.6     10.6      0.0     50.3      1.0     12.8      3    45,   45  /PD_TOP        (1.10)
i_0_0_43/B1->ZN          AOI22_X4                fr    914.3     66.9     66.9      0.0      4.4      0.3     25.8      1    45,   45  /PD_TOP        (1.10)
i_0_0_42/A->ZN           INV_X8                  rf    924.9     10.6     10.6      0.0     50.3      1.0     12.8      3    45,   45  /PD_TOP        (1.10)
i_0_0_40/B1->ZN          AOI22_X4                fr    991.8     66.9     66.9      0.0      4.4      0.3     25.8      1    45,   45  /PD_TOP        (1.10)
i_0_0_39/A->ZN           INV_X8                  rf   1002.4     10.6     10.6      0.0     50.3      1.0     12.8      3    45,   45  /PD_TOP        (1.10)
i_0_0_37/B1->ZN          AOI22_X4                fr   1052.9     50.5     50.5      0.0      4.4      1.0     13.0      3    45,   45  /PD_TOP        (1.10)
i_0_0_35/B1->ZN          OAI21_X4                rf   1079.3     26.4     26.4      0.0     35.3      1.0     13.3      3    45,   45  /PD_TOP        (1.10)
i_0_0_34/B2->ZN          AOI22_X4*               fr   1158.9     79.6     79.6      0.0     13.2      0.7     30.0      2    45,   45  /PD_TOP        (1.10)
i_0_0_33/A->ZN           INV_X8                  rf   1168.5      9.6      9.6      0.0     15.3      1.0     13.0      3    45,   45  /PD_TOP        (1.10)
i_0_0_27/A1->ZN          AOI22_X4                fr   1204.0     35.5     35.5      0.0      4.4      0.7      8.9      2    45,   45  /PD_TOP        (1.10)
i_0_0_26/B2->ZN          OAI21_X4                rf   1225.9     21.9     21.9      0.0     30.4      0.3      4.2      1    45,   45  /PD_TOP        (1.10)
i_0_0_25/A->ZN           AOI21_X2                fr   1259.6     33.7     33.7      0.0      9.4      0.3      1.5      1    45,   45  /PD_TOP        (1.10)
A_reg[13]/D              DFF_X1                   r   1259.6      0.0               0.0     16.9                             45,   45  /PD_TOP        (1.10)
------------------------------------------------------------------------------------------------------------------------------------------------------------
Report for group I2R
------------------------------------------------------------------------------------------------------------------------------------------------------------
Startpoint: start
    (Clocked by rtDefaultClock R)
Endpoint: Q_reg[15]/D
    (Clocked by sysclk R)
Path Group: I2R
Data required time: 1469.6
    (Clock shift: 1500.0, minus Uncertainty: 0.0, plus Latency 0.0, minus Setup time: 30.4)
Data arrival time: 956.8
Slack: 512.8
Logic depth: 5
------------------------------------------------------------------------------------------------------------------------------------------------------------
                                                     Arrival               Arc      Net               Net    Total   fan-                                   
Path                     Module/Cell           Edge     Time    Delay    Delay    Delay     Slew     Load     Load    out     Location Power Domain      (V)
                                                        (ps)     (ps)     (ps)     (ps)     (ps)     (ff)     (ff)    (#)      (um,um)                      
------------------------------------------------------------------------------------------------------------------------------------------------------------
start                    {set_input_delay}        f    700.0    700.0    700.0                        3.2     13.1      3    46,    0                       
i_0_0_300/B2->ZN         AOI21_X4*               fr    829.6    129.6    129.3      0.3    100.0      6.6    108.6     20    45,   45  /PD_TOP        (1.10)
i_0_0_299/A->ZN          INV_X32                 rf    841.8     12.2     12.0      0.2     15.3      6.4     74.3     20    45,   45  /PD_TOP        (1.10)
i_0_0_169/A->ZN          AOI211_X2               fr    914.3     72.5     72.3      0.2      5.7      0.3      4.2      1    45,   45  /PD_TOP        (1.10)
i_0_0_168/A->ZN          AOI21_X4                rf    945.1     30.8     30.8      0.0     43.2      0.3     25.7      1    45,   45  /PD_TOP        (1.10)
i_0_0_167/A->ZN          INV_X4                  fr    956.8     11.7     11.7      0.0     16.6      0.3      1.4      1    45,   45  /PD_TOP        (1.10)
Q_reg[15]/D              DFF_X1                   r    956.8      0.0               0.0      4.8                             45,   45  /PD_TOP        (1.10)
------------------------------------------------------------------------------------------------------------------------------------------------------------
Report for group I2O
Report for group R2O
------------------------------------------------------------------------------------------------------------------------------------------------------------
Startpoint: Q_reg[9]/Q
    (Clocked by sysclk R)
Endpoint: overflow_flag
    (Clocked by vsysclk R)
Path Group: R2O
Data required time: 1350.0
    (Clock shift: 1500.0, minus Uncertainty: 0.0, plus Latency 0.0, minus Out delay: 150.0)
Data arrival time: 818.7
Slack: 531.3
Logic depth: 29
------------------------------------------------------------------------------------------------------------------------------------------------------------
                                                     Arrival               Arc      Net               Net    Total   fan-                                   
Path                     Module/Cell           Edge     Time    Delay    Delay    Delay     Slew     Load     Load    out     Location Power Domain      (V)
                                                        (ps)     (ps)     (ps)     (ps)     (ps)     (ff)     (ff)    (#)      (um,um)                      
------------------------------------------------------------------------------------------------------------------------------------------------------------
clk                      {create_clock}           r      0.0      0.0      0.0                        0.0      0.0      3    44,    0                       
clk_gate_A_reg/CK->GCK   CLKGATETST_X1           rr      0.0      0.0      0.0      0.0      0.0      0.0      0.0     37    45,   45  /PD_TOP        (1.10)
Q_reg[9]/CK->Q           DFF_X1                  rr    140.2    140.2    140.2      0.0      0.0      0.3     25.7      1    45,   45  /PD_TOP        (1.10)
i_0_0_254/A->ZN          INV_X8                  rf    150.6     10.4     10.4      0.0     61.6      0.9     13.1      3    45,   45  /PD_TOP        (1.10)
i_0_0_245/A1->ZN         NOR2_X4*                fr    205.7     55.1     55.1      0.0      4.5      0.8     34.1      3    45,   45  /PD_TOP        (1.10)
i_0_0_243/A2->ZN         NAND2_X4*               rf    235.8     30.1     30.1      0.0     15.3      0.6     30.2      2    45,   45  /PD_TOP        (1.10)
i_0_0_242/A->ZN          INV_X8                  fr    250.1     14.3     14.3      0.0     15.3      0.6      8.4      2    45,   45  /PD_TOP        (1.10)
i_0_0_235/A2->ZN         NAND2_X4*               rf    277.3     27.2     27.2      0.0      6.3      0.6     30.2      2    45,   45  /PD_TOP        (1.10)
i_0_0_234/A->ZN          INV_X8                  fr    291.6     14.3     14.3      0.0     15.3      0.6      8.4      2    45,   45  /PD_TOP        (1.10)
i_0_0_233/A2->ZN         NAND2_X4*               rf    318.8     27.2     27.2      0.0      6.3      0.6     30.2      2    45,   45  /PD_TOP        (1.10)
i_0_0_232/A->ZN          INV_X8                  fr    333.1     14.3     14.3      0.0     15.3      0.6      8.4      2    45,   45  /PD_TOP        (1.10)
i_0_0_231/A2->ZN         NAND2_X4*               rf    360.3     27.2     27.2      0.0      6.3      0.6     30.2      2    45,   45  /PD_TOP        (1.10)
i_0_0_230/A->ZN          INV_X8                  fr    374.6     14.3     14.3      0.0     15.3      0.6      8.4      2    45,   45  /PD_TOP        (1.10)
i_0_0_229/A2->ZN         NAND2_X4*               rf    401.8     27.2     27.2      0.0      6.3      0.6     30.2      2    45,   45  /PD_TOP        (1.10)
i_0_0_228/A->ZN          INV_X8                  fr    416.1     14.3     14.3      0.0     15.3      0.6      8.4      2    45,   45  /PD_TOP        (1.10)
i_0_0_259/A2->ZN         NAND2_X4*               rf    443.3     27.2     27.2      0.0      6.3      0.6     30.2      2    45,   45  /PD_TOP        (1.10)
i_0_0_227/A->ZN          INV_X8                  fr    457.6     14.3     14.3      0.0     15.3      0.6      8.4      2    45,   45  /PD_TOP        (1.10)
i_0_0_226/A2->ZN         NAND2_X4*               rf    484.8     27.2     27.2      0.0      6.3      0.6     30.2      2    45,   45  /PD_TOP        (1.10)
i_0_0_225/A->ZN          INV_X8                  fr    499.1     14.3     14.3      0.0     15.3      0.6      8.4      2    45,   45  /PD_TOP        (1.10)
i_0_0_224/A2->ZN         NAND2_X4*               rf    526.3     27.2     27.2      0.0      6.3      0.6     30.2      2    45,   45  /PD_TOP        (1.10)
i_0_0_223/A->ZN          INV_X8                  fr    540.6     14.3     14.3      0.0     15.3      0.6      8.4      2    45,   45  /PD_TOP        (1.10)
i_0_0_222/A2->ZN         NAND2_X4*               rf    567.8     27.2     27.2      0.0      6.3      0.6     30.2      2    45,   45  /PD_TOP        (1.10)
i_0_0_221/A->ZN          INV_X8                  fr    582.1     14.3     14.3      0.0     15.3      0.6      8.4      2    45,   45  /PD_TOP        (1.10)
i_0_0_220/A2->ZN         NAND2_X4*               rf    609.3     27.2     27.2      0.0      6.3      0.6     30.2      2    45,   45  /PD_TOP        (1.10)
i_0_0_219/A->ZN          INV_X8                  fr    623.6     14.3     14.3      0.0     15.3      0.6      8.4      2    45,   45  /PD_TOP        (1.10)
i_0_0_218/A2->ZN         NAND2_X4*               rf    650.8     27.2     27.2      0.0      6.3      0.6     30.2      2    45,   45  /PD_TOP        (1.10)
i_0_0_217/A->ZN          INV_X8                  fr    667.1     16.3     16.3      0.0     15.3      0.9     13.0      3    45,   45  /PD_TOP        (1.10)
i_0_0_216/A2->ZN         NAND2_X4                rf    682.7     15.6     15.6      0.0      7.5      0.6      8.9      2    45,   45  /PD_TOP        (1.10)
i_0_0_200/A2->ZN         NOR2_X4                 fr    724.5     41.8     41.8      0.0      8.8      1.3     15.2      4    45,   45  /PD_TOP        (1.10)
i_0_0_198/A2->ZN         NOR2_X4                 rf    738.8     14.3     14.3      0.0     28.0      0.7      6.2      2    45,   45  /PD_TOP        (1.10)
i_0_0_179/A1->ZN         OAI33_X1                fr    801.1     62.3     62.3      0.0      6.0      0.3      4.5      1    45,   45  /PD_TOP        (1.10)
i_0_0_178/A2->ZN         NOR2_X4                 rf    818.4     17.3     17.3      0.0     78.7      2.7      7.7      1    45,   45  /PD_TOP        (1.10)
overflow_flag                                     f    818.7      0.3               0.3      6.4                             91,   43                       
------------------------------------------------------------------------------------------------------------------------------------------------------------
