Report Power (instances with prefix '*' are included in total) : 
-----+------------------+--------------------+---------------------+-------------------+-----------------
     | Instance         | Internal Power(uw) | Switching Power(uw) | Leakage Power(uw) | Total Power(uw) 
-----+------------------+--------------------+---------------------+-------------------+-----------------
1    |*adder_counter    |            4.563391|             5.233480|           0.270600|        10.067471
2    |*adder_loop       |           72.662483|           123.668373|           3.015749|       199.346588
3    |*finish_reg       |            0.050908|             0.046266|           0.079112|         0.176286
4    |*rem_reg[45]      |            2.361621|             0.638552|           0.079112|         3.079285
5    |*rem_reg[44]      |            2.402936|             5.158608|           0.079112|         7.640657
6    |*rem_reg[43]      |            2.402920|             5.137973|           0.079112|         7.620006
7    |*rem_reg[42]      |            2.387300|             1.418744|           0.079112|         3.885157
8    |*rem_reg[41]      |            2.402920|             5.137973|           0.079112|         7.620006
9    |*rem_reg[40]      |            2.386964|             1.388984|           0.079112|         3.855061
10   |*rem_reg[39]      |            2.387408|             1.428277|           0.079112|         3.894798
11   |*rem_reg[38]      |            2.386964|             1.388984|           0.079112|         3.855061
12   |*rem_reg[37]      |            2.387408|             1.428277|           0.079112|         3.894798
13   |*rem_reg[36]      |            2.386964|             1.388984|           0.079112|         3.855061
14   |*rem_reg[35]      |            2.387408|             1.428277|           0.079112|         3.894798
15   |*rem_reg[34]      |            2.386964|             1.388984|           0.079112|         3.855061
16   |*rem_reg[33]      |            2.387408|             1.428277|           0.079112|         3.894798
17   |*rem_reg[32]      |            2.386964|             1.388984|           0.079112|         3.855061
18   |*rem_reg[31]      |            2.387408|             1.428277|           0.079112|         3.894798
19   |*rem_reg[30]      |            2.386964|             1.388984|           0.079112|         3.855061
20   |*rem_reg[29]      |            2.387408|             1.428277|           0.079112|         3.894798
21   |*rem_reg[28]      |            2.386964|             1.388984|           0.079112|         3.855061
22   |*rem_reg[27]      |            2.387408|             1.428277|           0.079112|         3.894798
23   |*rem_reg[26]      |            1.279190|             0.744366|           0.079112|         2.102669
24   |*rem_reg[25]      |            1.492130|             0.892673|           0.079112|         2.463916
25   |*rem_reg[24]      |            1.258751|             0.732472|           0.079112|         2.070335
26   |*rem_reg[23]      |            2.386419|             1.340758|           0.079112|         3.806290
27   |*rem_reg[22]      |            2.402926|             5.144772|           0.079112|         7.626811
28   |*rem_reg[21]      |            2.387908|             1.472558|           0.079112|         3.939579
29   |*rem_reg[20]      |            2.388092|             1.488804|           0.079112|         3.956009
30   |*rem_reg[19]      |            2.388011|             1.481595|           0.079112|         3.948718
31   |*rem_reg[18]      |            2.388659|             1.538914|           0.079112|         4.006685
32   |*rem_reg[17]      |            2.387908|             1.472558|           0.079112|         3.939579
33   |*rem_reg[16]      |            2.388092|             1.488804|           0.079112|         3.956009
34   |*rem_reg[15]      |            1.927997|             1.658840|           0.079112|         3.665949
35   |*rem_reg[14]      |            2.285644|             2.019961|           0.079112|         4.384717
36   |*rem_reg[13]      |            1.374247|             3.273117|           0.079112|         4.726477
37   |*rem_reg[12]      |            2.283945|             1.869606|           0.079112|         4.232664
38   |*rem_reg[11]      |            2.285655|             2.020993|           0.079112|         4.385761
39   |*rem_reg[10]      |            2.281908|             1.689398|           0.079112|         4.050418
40   |*rem_reg[9]       |            2.289897|             2.396298|           0.079112|         4.765307
41   |*rem_reg[8]       |            2.402929|             5.147077|           0.079112|         7.629118
42   |*rem_reg[7]       |            1.496584|             1.286780|           0.079112|         2.862476
43   |*rem_reg[6]       |            1.499442|             1.539667|           0.079112|         3.118221
44   |*rem_reg[5]       |            1.499345|             1.531052|           0.079112|         3.109509
45   |*rem_reg[4]       |            1.492093|             0.889377|           0.079112|         2.460583
46   |*rem_reg[3]       |            1.263646|             1.165581|           0.079112|         2.508339
47   |*rem_reg[2]       |            1.501853|             3.364107|           0.079112|         4.945073
48   |*rem_reg[1]       |            1.491876|             0.870225|           0.079112|         2.441214
49   |*rem_reg[0]       |            2.401473|             3.673716|           0.079112|         6.154301
50   |*f_reg            |            2.405969|            28.237022|           0.079112|        30.722103
51   |*counter_reg[5]   |            1.475252|             0.363234|           0.079112|         1.917598
52   |*counter_reg[4]   |            1.491236|             0.813557|           0.079112|         2.383905
53   |*counter_reg[3]   |            1.496718|             1.298633|           0.079112|         2.874463
54   |*counter_reg[2]   |            1.598083|             0.744063|           0.079112|         2.421258
55   |*counter_reg[1]   |            1.494476|             1.100216|           0.079112|         2.673804
56   |*counter_reg[0]   |            1.501922|             3.887705|           0.079112|         5.468739
57   |*B_reg[15]        |            1.923769|             0.496053|           0.079112|         2.498934
58   |*B_reg[14]        |            1.923769|             0.496053|           0.079112|         2.498934
59   |*B_reg[13]        |            1.923769|             0.496053|           0.079112|         2.498934
60   |*B_reg[12]        |            1.923769|             0.496053|           0.079112|         2.498934
61   |*B_reg[11]        |            1.923769|             0.496053|           0.079112|         2.498934
62   |*B_reg[10]        |            1.923769|             0.496053|           0.079112|         2.498934
63   |*B_reg[9]         |            1.923769|             0.496053|           0.079112|         2.498934
64   |*B_reg[8]         |            1.923769|             0.496053|           0.079112|         2.498934
65   |*B_reg[7]         |            1.923769|             0.496053|           0.079112|         2.498934
66   |*B_reg[6]         |            1.923769|             0.496053|           0.079112|         2.498934
67   |*B_reg[5]         |            1.923769|             0.496053|           0.079112|         2.498934
68   |*B_reg[4]         |            1.923769|             0.496053|           0.079112|         2.498934
69   |*B_reg[3]         |            1.923769|             0.496053|           0.079112|         2.498934
70   |*B_reg[2]         |            1.923769|             0.496053|           0.079112|         2.498934
71   |*B_reg[1]         |            1.923769|             0.496053|           0.079112|         2.498934
72   |*B_reg[0]         |            2.135887|             4.525192|           0.079112|         6.740192
73   |*sign_reg         |            2.136832|            11.350493|           0.079112|        13.566437
74   |*working_reg      |            2.356808|             0.424465|           0.079112|         2.860386
75   |*start_buffer_reg |            2.103159|             0.675165|           0.079112|         2.857436
76   |*clk_gate_sign_reg|            1.688614|             0.000000|           0.059138|         1.747752
77   |*clk_gate_rem_reg |            1.568934|             0.000000|           0.059138|         1.628072
78   |*i_0_0_0          |            0.699309|             0.325982|           0.021200|         1.046490
79   |*i_0_0_1          |            1.738773|             1.340420|           0.036441|         3.115633
80   |*i_0_0_2          |            0.246592|             0.151463|           0.021200|         0.419255
81   |*i_0_0_3          |            0.435190|             0.148383|           0.025066|         0.608639
82   |*i_0_0_4          |            0.152109|             0.053831|           0.025066|         0.231005
83   |*i_0_0_5          |            0.086699|             0.053831|           0.021200|         0.161730
84   |*i_0_0_6          |            0.147251|             0.051499|           0.025066|         0.223817
85   |*i_0_0_7          |            0.152170|             0.053831|           0.025066|         0.231066
86   |*i_0_0_8          |            0.154259|             0.053831|           0.025066|         0.233156
87   |*i_0_0_9          |            0.154289|             0.053831|           0.025066|         0.233186
88   |*i_0_0_10         |            0.205296|             0.137035|           0.014353|         0.356684
89   |*i_0_0_11         |            0.281312|             2.469064|           0.027858|         2.778235
90   |*i_0_0_12         |            0.113816|             0.285627|           0.014353|         0.413796
91   |*i_0_0_13         |            0.223130|             1.763454|           0.018105|         2.004688
92   |*i_0_0_14         |            0.589025|             0.238074|           0.034566|         0.861664
93   |*i_0_0_15         |            1.493098|             0.824701|           0.036164|         2.353963
94   |*i_0_0_16         |            0.363055|             0.460133|           0.021200|         0.844387
95   |*i_0_0_17         |            0.870138|             0.843786|           0.017393|         1.731317
96   |*i_0_0_18         |            0.504201|             0.207702|           0.034566|         0.746469
97   |*i_0_0_19         |            1.567942|             0.824701|           0.036164|         2.428807
98   |*i_0_0_20         |            0.473891|             0.570699|           0.021200|         1.065790
99   |*i_0_0_21         |            1.191220|             1.063432|           0.022619|         2.277272
100  |*i_0_0_22         |            0.504201|             0.207702|           0.034566|         0.746469
101  |*i_0_0_23         |            1.606946|             0.824701|           0.036164|         2.467812
102  |*i_0_0_24         |            0.462879|             0.570699|           0.021200|         1.054778
103  |*i_0_0_25         |            1.001284|             1.107470|           0.017393|         2.126147
104  |*i_0_0_26         |            0.504201|             0.207702|           0.034566|         0.746469
105  |*i_0_0_27         |            1.620665|             0.824701|           0.036164|         2.481530
106  |*i_0_0_28         |            0.468048|             0.570699|           0.021200|         1.059947
107  |*i_0_0_29         |            1.219320|             1.129896|           0.022619|         2.371835
108  |*i_0_0_30         |            0.331590|             0.168884|           0.022619|         0.523093
109  |*i_0_0_31         |            1.632226|             1.300886|           0.036164|         2.969275
110  |*i_0_0_32         |            1.136494|             1.123950|           0.017393|         2.277837
111  |*i_0_0_33         |            0.149144|             0.271589|           0.017393|         0.438126
112  |*i_0_0_34         |            0.448265|             0.187185|           0.034566|         0.670016
113  |*i_0_0_35         |            1.633907|             0.824701|           0.036164|         2.494772
114  |*i_0_0_36         |            0.456940|             0.555580|           0.021200|         1.033720
115  |*i_0_0_37         |            1.300676|             1.134050|           0.022619|         2.457346
116  |*i_0_0_38         |            0.414530|             0.204844|           0.027858|         0.647233
117  |*i_0_0_39         |            1.639155|             1.306222|           0.036164|         2.981541
118  |*i_0_0_40         |            0.475900|             0.675825|           0.022619|         1.174344
119  |*i_0_0_41         |            1.185353|             1.124980|           0.017393|         2.327725
120  |*i_0_0_42         |            0.497516|             0.205274|           0.034566|         0.737356
121  |*i_0_0_43         |            1.641054|             0.824701|           0.036164|         2.501919
122  |*i_0_0_44         |            0.448326|             0.542375|           0.021200|         1.011900
123  |*i_0_0_45         |            1.194464|             1.125031|           0.017393|         2.336889
124  |*i_0_0_46         |            0.589025|             0.238074|           0.034566|         0.861664
125  |*i_0_0_47         |            1.641611|             0.824701|           0.036164|         2.502476
126  |*i_0_0_48         |            0.368555|             0.460133|           0.021200|         0.849887
127  |*i_0_0_49         |            1.199121|             1.125044|           0.017393|         2.341558
128  |*i_0_0_50         |            0.479758|             0.234797|           0.027858|         0.742413
129  |*i_0_0_51         |            1.641191|             1.306222|           0.036164|         2.983577
130  |*i_0_0_52         |            0.542956|             0.752115|           0.022619|         1.317690
131  |*i_0_0_53         |            1.201480|             1.125047|           0.017393|         2.343920
132  |*i_0_0_54         |            0.589025|             0.238074|           0.034566|         0.861664
133  |*i_0_0_55         |            1.642030|             0.824701|           0.036164|         2.502895
134  |*i_0_0_56         |            0.369205|             0.460133|           0.021200|         0.850537
135  |*i_0_0_57         |            1.202667|             1.125048|           0.017393|         2.345108
136  |*i_0_0_58         |            0.589025|             0.238074|           0.034566|         0.861664
137  |*i_0_0_59         |            1.642100|             0.824701|           0.036164|         2.502965
138  |*i_0_0_60         |            0.368462|             0.460133|           0.021200|         0.849794
139  |*i_0_0_61         |            1.203262|             1.125048|           0.017393|         2.345704
140  |*i_0_0_62         |            1.178687|             0.238074|           0.034566|         1.451327
141  |*i_0_0_63         |            3.352570|             0.824701|           0.036164|         4.213435
142  |*i_0_0_64         |            0.368555|             0.460133|           0.021200|         0.849887
143  |*i_0_0_65         |            5.018650|             1.125049|           0.017393|         6.161091
144  |*i_0_0_66         |            0.948919|             0.234797|           0.027858|         1.211575
145  |*i_0_0_67         |            3.346100|             1.306222|           0.036164|         4.688486
146  |*i_0_0_68         |            0.542956|             0.752115|           0.022619|         1.317690
147  |*i_0_0_69         |            5.503344|             1.134328|           0.022619|         6.660291
148  |*i_0_0_70         |            0.603927|             0.157972|           0.048314|         0.810213
149  |*i_0_0_71         |            0.127382|             0.070483|           0.017393|         0.215258
150  |*i_0_0_72         |            0.207695|             0.287573|           0.021200|         0.516468
151  |*i_0_0_73         |            0.002870|             0.001538|           0.022695|         0.027103
152  |*i_0_0_74         |            0.005698|             0.001910|           0.022695|         0.030304
153  |*i_0_0_75         |            0.011387|             0.003820|           0.022695|         0.037902
154  |*i_0_0_76         |            0.022740|             0.007636|           0.022695|         0.053072
155  |*i_0_0_77         |            0.045345|             0.015258|           0.022695|         0.083297
156  |*i_0_0_78         |            0.090159|             0.030456|           0.022695|         0.143310
157  |*i_0_0_79         |            0.189505|             0.061045|           0.024415|         0.274964
158  |*i_0_0_80         |            0.716808|             0.398183|           0.024415|         1.139406
159  |*i_0_0_81         |            2.662118|             1.438598|           0.024415|         4.125130
160  |*i_0_0_82         |            0.423555|             0.151681|           0.025066|         0.600303
161  |*i_0_0_83         |            0.423671|             0.151726|           0.025066|         0.600463
162  |*i_0_0_84         |            0.435217|             0.155204|           0.025066|         0.615488
163  |*i_0_0_85         |            0.424390|             0.151314|           0.025066|         0.600770
164  |*i_0_0_86         |            0.444015|             0.158314|           0.025066|         0.627395
165  |*i_0_0_87         |            0.425803|             0.151858|           0.025066|         0.602727
166  |*i_0_0_88         |            0.433034|             0.154415|           0.025066|         0.612516
167  |*i_0_0_89         |            0.425905|             0.151897|           0.025066|         0.602868
168  |*i_0_0_90         |            0.433054|             0.154422|           0.025066|         0.612542
169  |*i_0_0_91         |            0.425904|             0.151897|           0.025066|         0.602867
170  |*i_0_0_92         |            0.434194|             0.154862|           0.025066|         0.614122
171  |*i_0_0_93         |            0.425904|             0.151897|           0.025066|         0.602867
172  |*i_0_0_94         |            0.434194|             0.154862|           0.025066|         0.614122
173  |*i_0_0_95         |            0.425904|             0.151897|           0.025066|         0.602867
174  |*i_0_0_96         |            0.434194|             0.154862|           0.025066|         0.614122
175  |*i_0_0_97         |            0.425904|             0.151897|           0.025066|         0.602867
176  |*i_0_0_98         |            0.434323|             0.154912|           0.025066|         0.614301
177  |*i_0_0_99         |            0.424846|             0.151489|           0.025066|         0.601402
178  |*i_0_0_100        |            0.417922|             0.149050|           0.025066|         0.592038
179  |*i_0_0_101        |            0.424658|             0.151417|           0.025066|         0.601141
180  |*i_0_0_102        |            0.416477|             0.148530|           0.025066|         0.590073
181  |*i_0_0_103        |            0.433016|             0.155034|           0.025066|         0.613116
182  |*i_0_0_104        |            1.015193|             0.325982|           0.025066|         1.366241
183  |*i_0_0_105        |            0.442560|             0.217321|           0.021200|         0.681081
184  |*i_0_0_106        |            0.881595|             0.908859|           0.036164|         1.826617
185  |*i_0_0_107        |            0.222001|             0.254894|           0.017393|         0.494288
186  |*i_0_0_108        |            0.442560|             0.217321|           0.021200|         0.681081
187  |*i_0_0_109        |            0.920041|             0.908859|           0.036164|         1.865064
188  |*i_0_0_110        |            0.375571|             0.365555|           0.022619|         0.763745
189  |*i_0_0_111        |            0.442560|             0.217321|           0.021200|         0.681081
190  |*i_0_0_112        |            0.938410|             0.908859|           0.036164|         1.883433
191  |*i_0_0_113        |            0.241791|             0.411456|           0.017393|         0.670640
192  |*i_0_0_114        |            0.442560|             0.217321|           0.021200|         0.681081
193  |*i_0_0_115        |            0.946210|             0.908859|           0.036164|         1.891233
194  |*i_0_0_116        |            0.274384|             0.434665|           0.017393|         0.726443
195  |*i_0_0_117        |            0.442560|             0.217321|           0.021200|         0.681081
196  |*i_0_0_118        |            0.949975|             0.908859|           0.036164|         1.894998
197  |*i_0_0_119        |            0.288750|             0.445961|           0.017393|         0.752105
198  |*i_0_0_120        |            0.442560|             0.217321|           0.021200|         0.681081
199  |*i_0_0_121        |            0.950042|             0.908859|           0.036164|         1.895065
200  |*i_0_0_122        |            0.452684|             0.455256|           0.022619|         0.930559
201  |*i_0_0_123        |            0.442560|             0.217321|           0.021200|         0.681081
202  |*i_0_0_124        |            0.952743|             0.908859|           0.036164|         1.897766
203  |*i_0_0_125        |            0.301903|             0.454298|           0.017393|         0.773594
204  |*i_0_0_126        |            0.566914|             0.232270|           0.027858|         0.827043
205  |*i_0_0_127        |            0.601013|             0.707669|           0.022619|         1.331302
206  |*i_0_0_128        |            0.331030|             1.058289|           0.021200|         1.410518
207  |*i_0_0_129        |            0.442560|             0.217321|           0.021200|         0.681081
208  |*i_0_0_130        |            0.953428|             0.908859|           0.036164|         1.898451
209  |*i_0_0_131        |            0.305674|             0.456364|           0.017393|         0.779431
210  |*i_0_0_132        |            0.442560|             0.217321|           0.021200|         0.681081
211  |*i_0_0_133        |            0.953542|             0.908859|           0.036164|         1.898564
212  |*i_0_0_134        |            0.306323|             0.456707|           0.017393|         0.780424
213  |*i_0_0_135        |            0.442560|             0.217321|           0.021200|         0.681081
214  |*i_0_0_136        |            0.953599|             0.908859|           0.036164|         1.898622
215  |*i_0_0_137        |            0.306649|             0.456879|           0.017393|         0.780921
216  |*i_0_0_138        |            0.442560|             0.217321|           0.021200|         0.681081
217  |*i_0_0_139        |            0.953627|             0.908859|           0.036164|         1.898650
218  |*i_0_0_140        |            0.306812|             0.456965|           0.017393|         0.781171
219  |*i_0_0_141        |            0.886313|             0.217321|           0.021200|         1.124834
220  |*i_0_0_142        |            1.967933|             0.908859|           0.036164|         2.912956
221  |*i_0_0_143        |            1.193174|             0.457008|           0.017393|         1.667575
222  |*i_0_0_144        |            0.886313|             0.217321|           0.021200|         1.124834
223  |*i_0_0_145        |            1.967946|             0.908859|           0.036164|         2.912969
224  |*i_0_0_146        |            1.193352|             0.457029|           0.017393|         1.667775
225  |*i_0_0_147        |            0.603870|             9.856041|           0.025066|        10.484977
226  |*i_0_0_148        |            1.859200|             0.155592|           0.026481|         2.041273
227  |*i_0_0_149        |            1.417260|             0.435314|           0.022619|         1.875193
228  |*i_0_0_150        |            0.001432|             0.000617|           0.022695|         0.024743
229  |*i_0_0_151        |            0.002850|             0.000955|           0.022695|         0.026500
230  |*i_0_0_152        |            0.005698|             0.001910|           0.022695|         0.030304
231  |*i_0_0_153        |            0.011387|             0.003820|           0.022695|         0.037902
232  |*i_0_0_154        |            0.022741|             0.007636|           0.022695|         0.053072
233  |*i_0_0_155        |            0.023018|             0.015258|           0.017393|         0.055669
234  |*i_0_0_156        |            0.069795|             0.040239|           0.021200|         0.131234
235  |*i_0_0_157        |            0.189791|             0.080534|           0.024415|         0.294739
236  |*i_0_0_158        |            0.677829|             0.396696|           0.022695|         1.097220
237  |*i_0_0_159        |            1.258394|             0.458630|           0.022695|         1.739719
238  |*i_0_0_160        |            2.662621|             0.882004|           0.024415|         3.569040
239  |*i_0_0_161        |            0.654063|             0.278869|           0.022619|         0.955552
240  |*i_0_0_162        |            0.282670|             1.609076|           0.017393|         1.909140
241  |*i_0_0_163        |            0.642877|             0.325982|           0.021200|         0.990058
242  |*i_0_0_164        |            0.413148|             0.122002|           0.022695|         0.557845
243  |*i_0_0_165        |            0.787219|             0.289546|           0.025066|         1.101832
244  |*i_0_0_166        |            0.633531|             0.225028|           0.025066|         0.883624
245  |*i_0_0_167        |            0.249411|             0.087633|           0.025066|         0.362111
246  |*i_0_0_168        |            0.182089|             0.064842|           0.025066|         0.271997
247  |*i_0_0_169        |            0.229852|             0.081082|           0.025066|         0.336000
248  |*i_0_0_170        |            0.192085|             0.067665|           0.025066|         0.284817
249  |*i_0_0_171        |            0.154521|             0.054516|           0.025066|         0.234103
250  |*i_0_0_172        |            0.272319|             2.173883|           0.014353|         2.460555
251  |*i_0_0_173        |            0.207940|            20.780176|           0.021200|        21.009315
252  |*i_0_0_174        |            0.039398|             0.015577|           0.021200|         0.076174
253  |*i_0_0_175        |            0.112743|             0.151860|           0.026733|         0.291337
254  |*i_0_0_176        |            0.026236|             0.016962|           0.018127|         0.061325
255  |*i_0_0_177        |            0.461097|            23.554823|           0.021200|        24.037119
256  |*i_0_0_178        |            0.010684|             0.056806|           0.017393|         0.084884
257  |*i_0_0_179        |            0.166653|             0.190563|           0.032601|         0.389817
258  |*i_0_0_180        |            0.228356|             0.253889|           0.032601|         0.514846
259  |*i_0_0_181        |            0.774327|             1.883397|           0.036441|         2.694164
260  |*i_0_0_182        |            0.838305|             2.104200|           0.036441|         2.978946
261  |*i_0_0_183        |            1.158897|             2.327741|           0.036164|         3.522803
262  |*i_0_0_184        |            0.848344|             2.399165|           0.036441|         3.283951
263  |*i_0_0_185        |            0.821009|             2.179607|           0.036441|         3.037058
264  |*i_0_0_186        |            0.833565|             2.262187|           0.036441|         3.132193
265  |*i_0_0_187        |            0.842119|             2.323180|           0.036441|         3.201740
266  |*i_0_0_188        |            0.833897|             2.465906|           0.036441|         3.336244
267  |*i_0_0_189        |            0.980486|             2.441192|           0.036441|         3.458119
268  |*i_0_0_190        |            0.974612|             2.457767|           0.036441|         3.468820
269  |*i_0_0_191        |            1.159237|             2.459875|           0.036164|         3.655276
270  |*i_0_0_192        |            0.975586|             2.444731|           0.036441|         3.456758
271  |*i_0_0_193        |            0.840025|             2.377503|           0.036441|         3.253969
272  |*i_0_0_194        |            1.149377|             2.526143|           0.036164|         3.711684
273  |*i_0_0_195        |            0.930338|             2.518665|           0.036441|         3.485444
274  |*i_0_0_196        |            0.591901|             0.757437|           0.027858|         1.377196
275  |*i_0_0_197        |            0.557640|             1.417820|           0.022619|         1.998080
276  |*i_0_0_198        |            0.748104|             1.395978|           0.025066|         2.169148
277  |*i_0_0_199        |            0.493881|             0.955258|           0.022619|         1.471758
278  |*i_0_0_200        |            0.663328|             0.560691|           0.025066|         1.249085
279  |*i_0_0_201        |            0.492867|             0.604379|           0.022619|         1.119865
280  |*i_0_0_202        |            0.371817|             0.596543|           0.017393|         0.985754
281  |*i_0_0_203        |            0.392239|             0.592737|           0.021200|         1.006176
282  |*i_0_0_204        |            0.504214|             0.644048|           0.027858|         1.176120
283  |*i_0_0_205        |            0.232168|             0.619123|           0.014353|         0.865644
284  |*i_0_0_206        |            0.458442|             4.413246|           0.022619|         4.894307
285  |*i_0_0_207        |            0.308548|             0.535577|           0.017393|         0.861518
286  |*i_0_0_208        |            0.538606|             0.696251|           0.027858|         1.262716
287  |*i_0_0_209        |            0.418311|             1.097092|           0.022619|         1.538022
288  |*i_0_0_210        |            0.221202|             0.806998|           0.017393|         1.045593
289  |*i_0_0_211        |            0.217494|             0.342370|           0.017393|         0.577257
290  |*i_0_0_212        |            0.120677|             0.131951|           0.017393|         0.270022
291  |*i_0_0_213        |            0.019333|             0.026074|           0.024415|         0.069822
292  |*i_0_0_214        |            0.019348|             0.081101|           0.017393|         0.117843
293  |*i_0_0_215        |            0.056589|             0.128195|           0.032601|         0.217385
294  |*i_0_0_216        |            0.524321|             1.325032|           0.026733|         1.876087
295  |*i_0_0_217        |            0.773307|             1.137267|           0.022695|         1.933269
296  |*i_0_0_218        |            0.656095|            10.021943|           0.014353|        10.692391
297  |*i_0_0_219        |            0.940563|             2.722599|           0.014353|         3.677516
298  |*i_0_0_220        |            0.237651|             1.973620|           0.014353|         2.225624
299  |*i_0_0_221        |            1.043735|             1.266286|           0.014353|         2.324375
300  |*i_0_0_222        |            0.167153|             0.939619|           0.014353|         1.121125
301  |*i_0_0_223        |            0.267469|             1.287266|           0.014353|         1.569088
302  |*i_0_0_224        |            0.152118|             0.420472|           0.014353|         0.586943
303  |*i_0_0_225        |            0.268662|             0.325349|           0.014353|         0.608364
304  |*i_0_0_226        |            0.192140|             0.543226|           0.014353|         0.749719
305  |                  |                    |                     |                   |                 
306  |*TOTAL            |          381.925110|           490.286163|          14.904900|       887.116211
-----+------------------+--------------------+---------------------+-------------------+-----------------
