warning: No library characterized for (process = 1.00 voltage = 0.85 temperature = 25.00) can be found in the database for power domain '/PD_TOP'  [NL-174]
Report Power (instances with prefix '*' are included in total) : 
-----+------------------+--------------------+---------------------+-------------------+-----------------
     | Instance         | Internal Power(uw) | Switching Power(uw) | Leakage Power(uw) | Total Power(uw) 
-----+------------------+--------------------+---------------------+-------------------+-----------------
1    |*adder_counter    |            6.799288|             6.427769|           0.342227|        13.569283
2    |*adder_loop       |          171.132217|           260.573853|           5.821249|       437.527283
3    |*finish_reg       |            0.046524|             0.038618|           0.079112|         0.164254
4    |*rem_reg[45]      |            2.386076|             1.310366|           0.079112|         3.775554
5    |*rem_reg[44]      |            2.400730|             2.921323|           0.079112|         5.401165
6    |*rem_reg[43]      |            2.398113|             2.375479|           0.079112|         4.852704
7    |*rem_reg[42]      |            2.400730|             2.921323|           0.079112|         5.401165
8    |*rem_reg[41]      |            2.398113|             2.375479|           0.079112|         4.852704
9    |*rem_reg[40]      |            2.400730|             2.921323|           0.079112|         5.401165
10   |*rem_reg[39]      |            2.398113|             2.375479|           0.079112|         4.852704
11   |*rem_reg[38]      |            2.400730|             2.921323|           0.079112|         5.401165
12   |*rem_reg[37]      |            2.398113|             2.375479|           0.079112|         4.852704
13   |*rem_reg[36]      |            2.400730|             2.921323|           0.079112|         5.401165
14   |*rem_reg[35]      |            2.398113|             2.375479|           0.079112|         4.852704
15   |*rem_reg[34]      |            2.400730|             2.921323|           0.079112|         5.401165
16   |*rem_reg[33]      |            2.398113|             2.375479|           0.079112|         4.852704
17   |*rem_reg[32]      |            2.400730|             2.921323|           0.079112|         5.401165
18   |*rem_reg[31]      |            2.398113|             2.375479|           0.079112|         4.852704
19   |*rem_reg[30]      |            2.400730|             2.921323|           0.079112|         5.401165
20   |*rem_reg[29]      |            2.398113|             2.375479|           0.079112|         4.852704
21   |*rem_reg[28]      |            2.400730|             2.921323|           0.079112|         5.401165
22   |*rem_reg[27]      |            2.398113|             2.375479|           0.079112|         4.852704
23   |*rem_reg[26]      |            2.400730|             2.921323|           0.079112|         5.401165
24   |*rem_reg[25]      |            1.264630|             1.252694|           0.079112|         2.596436
25   |*rem_reg[24]      |            1.500456|             1.825827|           0.079112|         3.405395
26   |*rem_reg[23]      |            2.398113|             2.375479|           0.079112|         4.852704
27   |*rem_reg[22]      |            2.402952|             5.282648|           0.079112|         7.764713
28   |*rem_reg[21]      |            2.389577|             1.620161|           0.079112|         4.088850
29   |*rem_reg[20]      |            2.389677|             1.628986|           0.079112|         4.097774
30   |*rem_reg[19]      |            2.389595|             1.621776|           0.079112|         4.090483
31   |*rem_reg[18]      |            2.390243|             1.679096|           0.079112|         4.148451
32   |*rem_reg[17]      |            2.389577|             1.620161|           0.079112|         4.088850
33   |*rem_reg[16]      |            2.389677|             1.628986|           0.079112|         4.097774
34   |*rem_reg[15]      |            1.929830|             1.820974|           0.079112|         3.829916
35   |*rem_reg[14]      |            2.287811|             2.211693|           0.079112|         4.578616
36   |*rem_reg[13]      |            1.374261|             3.375690|           0.079112|         4.829062
37   |*rem_reg[12]      |            2.285911|             2.043614|           0.079112|         4.408638
38   |*rem_reg[11]      |            2.287723|             2.203966|           0.079112|         4.570802
39   |*rem_reg[10]      |            2.283973|             1.872146|           0.079112|         4.235232
40   |*rem_reg[9]       |            2.290789|             2.644529|           0.079112|         5.014431
41   |*rem_reg[8]       |            2.402951|             5.268257|           0.079112|         7.750320
42   |*rem_reg[7]       |            1.498068|             1.418110|           0.079112|         2.995291
43   |*rem_reg[6]       |            1.500340|             1.708738|           0.079112|         3.288191
44   |*rem_reg[5]       |            1.500332|             1.700123|           0.079112|         3.279567
45   |*rem_reg[4]       |            1.493507|             1.014532|           0.079112|         2.587151
46   |*rem_reg[3]       |            1.265249|             1.307484|           0.079112|         2.651845
47   |*rem_reg[2]       |            1.501870|             3.487564|           0.079112|         5.068545
48   |*rem_reg[1]       |            1.493165|             0.984193|           0.079112|         2.556470
49   |*rem_reg[0]       |            2.401467|             3.667089|           0.079112|         6.147667
50   |*f_reg            |            2.406172|            29.777424|           0.079112|        32.262707
51   |*counter_reg[5]   |            1.484608|             0.630519|           0.079112|         2.194240
52   |*counter_reg[4]   |            1.491701|             0.854676|           0.079112|         2.425489
53   |*counter_reg[3]   |            1.492628|             0.936763|           0.079112|         2.508503
54   |*counter_reg[2]   |            1.494908|             1.138476|           0.079112|         2.712496
55   |*counter_reg[1]   |            1.488215|             0.726992|           0.079112|         2.294319
56   |*counter_reg[0]   |            1.501870|             3.492283|           0.079112|         5.073266
57   |*B_reg[15]        |            1.926166|             0.572634|           0.079112|         2.577912
58   |*B_reg[14]        |            1.926166|             0.572634|           0.079112|         2.577912
59   |*B_reg[13]        |            1.926166|             0.572634|           0.079112|         2.577912
60   |*B_reg[12]        |            1.926166|             0.572634|           0.079112|         2.577912
61   |*B_reg[11]        |            1.926166|             0.572634|           0.079112|         2.577912
62   |*B_reg[10]        |            1.926166|             0.572634|           0.079112|         2.577912
63   |*B_reg[9]         |            1.926166|             0.572634|           0.079112|         2.577912
64   |*B_reg[8]         |            1.926166|             0.572634|           0.079112|         2.577912
65   |*B_reg[7]         |            1.926166|             0.572634|           0.079112|         2.577912
66   |*B_reg[6]         |            1.926166|             0.572634|           0.079112|         2.577912
67   |*B_reg[5]         |            1.926166|             0.572634|           0.079112|         2.577912
68   |*B_reg[4]         |            1.926166|             0.572634|           0.079112|         2.577912
69   |*B_reg[3]         |            1.926166|             0.572634|           0.079112|         2.577912
70   |*B_reg[2]         |            1.926166|             0.572634|           0.079112|         2.577912
71   |*B_reg[1]         |            1.926166|             0.572634|           0.079112|         2.577912
72   |*B_reg[0]         |            2.101272|             0.624692|           0.079112|         2.805076
73   |*sign_reg         |            2.136929|            12.083344|           0.079112|        14.299384
74   |*working_reg      |            2.358216|             0.488694|           0.079112|         2.926021
75   |*start_buffer_reg |            2.105294|             0.732255|           0.079112|         2.916661
76   |*clk_gate_sign_reg|            1.688484|             0.000000|           0.059138|         1.747622
77   |*clk_gate_rem_reg |            1.568755|             0.000000|           0.059138|         1.627893
78   |*i_0_0_0          |            0.524952|             0.411617|           0.021200|         0.957769
79   |*i_0_0_1          |            1.737004|             1.441986|           0.036441|         3.215431
80   |*i_0_0_2          |            0.465241|             0.191542|           0.021200|         0.677982
81   |*i_0_0_3          |            0.440784|             0.187363|           0.025066|         0.653213
82   |*i_0_0_4          |            0.154725|             0.067972|           0.025066|         0.247763
83   |*i_0_0_5          |            0.087058|             0.067972|           0.021200|         0.176229
84   |*i_0_0_6          |            0.149836|             0.065028|           0.025066|         0.239930
85   |*i_0_0_7          |            0.154815|             0.067972|           0.025066|         0.247853
86   |*i_0_0_8          |            0.156996|             0.067972|           0.025066|         0.250034
87   |*i_0_0_9          |            0.157026|             0.067972|           0.025066|         0.250064
88   |*i_0_0_10         |            0.203948|             0.172184|           0.014353|         0.390485
89   |*i_0_0_11         |            0.281396|             2.503849|           0.027858|         2.813103
90   |*i_0_0_12         |            0.113856|             0.310471|           0.014353|         0.438680
91   |*i_0_0_13         |            0.222943|             1.788298|           0.018105|         2.029345
92   |*i_0_0_14         |            0.569940|             0.308381|           0.034566|         0.912887
93   |*i_0_0_15         |            1.491246|             0.946395|           0.036164|         2.473804
94   |*i_0_0_16         |            0.363092|             0.524901|           0.021200|         0.909192
95   |*i_0_0_17         |            0.865229|             0.919727|           0.017393|         1.802349
96   |*i_0_0_18         |            0.490917|             0.269041|           0.034566|         0.794524
97   |*i_0_0_19         |            1.567679|             0.946394|           0.036164|         2.550237
98   |*i_0_0_20         |            0.475858|             0.651031|           0.021200|         1.148088
99   |*i_0_0_21         |            1.185879|             1.169431|           0.022619|         2.377930
100  |*i_0_0_22         |            0.490917|             0.269041|           0.034566|         0.794524
101  |*i_0_0_23         |            1.606863|             0.946395|           0.036164|         2.589422
102  |*i_0_0_24         |            0.464636|             0.651031|           0.021200|         1.136866
103  |*i_0_0_25         |            0.997702|             1.207142|           0.017393|         2.222237
104  |*i_0_0_26         |            0.490917|             0.269041|           0.034566|         0.794524
105  |*i_0_0_27         |            1.621109|             0.946395|           0.036164|         2.603667
106  |*i_0_0_28         |            0.469416|             0.651031|           0.021200|         1.141646
107  |*i_0_0_29         |            1.215836|             1.242521|           0.022619|         2.480976
108  |*i_0_0_30         |            0.332530|             0.216455|           0.022619|         0.571604
109  |*i_0_0_31         |            1.631662|             1.413952|           0.036164|         3.081778
110  |*i_0_0_32         |            1.131538|             1.225105|           0.017393|         2.374036
111  |*i_0_0_33         |            0.150105|             0.295608|           0.017393|         0.463106
112  |*i_0_0_34         |            0.437581|             0.242464|           0.034566|         0.714611
113  |*i_0_0_35         |            1.634505|             0.946395|           0.036164|         2.617063
114  |*i_0_0_36         |            0.456918|             0.633783|           0.021200|         1.111901
115  |*i_0_0_37         |            1.296559|             1.247089|           0.022619|         2.566267
116  |*i_0_0_38         |            0.415555|             0.262545|           0.027858|         0.705958
117  |*i_0_0_39         |            1.638661|             1.419287|           0.036164|         3.094112
118  |*i_0_0_40         |            0.476426|             0.741589|           0.022619|         1.240634
119  |*i_0_0_41         |            1.179870|             1.226228|           0.017393|         2.423491
120  |*i_0_0_42         |            0.484285|             0.265895|           0.034566|         0.784746
121  |*i_0_0_43         |            1.641378|             0.946394|           0.036164|         2.623936
122  |*i_0_0_44         |            0.449729|             0.618720|           0.021200|         1.089648
123  |*i_0_0_45         |            1.188884|             1.226284|           0.017393|         2.432561
124  |*i_0_0_46         |            0.569940|             0.308381|           0.034566|         0.912887
125  |*i_0_0_47         |            1.641942|             0.946395|           0.036164|         2.624500
126  |*i_0_0_48         |            0.369762|             0.524901|           0.021200|         0.915862
127  |*i_0_0_49         |            1.193487|             1.226298|           0.017393|         2.437178
128  |*i_0_0_50         |            0.480957|             0.300935|           0.027858|         0.809750
129  |*i_0_0_51         |            1.640717|             1.419287|           0.036164|         3.096168
130  |*i_0_0_52         |            0.543705|             0.825303|           0.022619|         1.391627
131  |*i_0_0_53         |            1.195818|             1.226302|           0.017393|         2.439513
132  |*i_0_0_54         |            0.569940|             0.308381|           0.034566|         0.912887
133  |*i_0_0_55         |            1.642365|             0.946394|           0.036164|         2.624923
134  |*i_0_0_56         |            0.370277|             0.524901|           0.021200|         0.916377
135  |*i_0_0_57         |            1.196992|             1.226303|           0.017393|         2.440687
136  |*i_0_0_58         |            0.569940|             0.308381|           0.034566|         0.912887
137  |*i_0_0_59         |            1.642435|             0.946394|           0.036164|         2.624993
138  |*i_0_0_60         |            0.369676|             0.524901|           0.021200|         0.915776
139  |*i_0_0_61         |            1.197580|             1.226303|           0.017393|         2.441277
140  |*i_0_0_62         |            1.137823|             0.308381|           0.034566|         1.480770
141  |*i_0_0_63         |            3.355012|             0.946394|           0.036164|         4.337570
142  |*i_0_0_64         |            0.369762|             0.524901|           0.021200|         0.915862
143  |*i_0_0_65         |            5.009926|             1.226303|           0.017393|         6.253623
144  |*i_0_0_66         |            0.951072|             0.300935|           0.027858|         1.279865
145  |*i_0_0_67         |            3.347152|             1.419288|           0.036164|         4.802603
146  |*i_0_0_68         |            0.543705|             0.825303|           0.022619|         1.391627
147  |*i_0_0_69         |            5.497345|             1.247393|           0.022619|         6.767358
148  |*i_0_0_70         |            0.572085|             0.206723|           0.048314|         0.827122
149  |*i_0_0_71         |            0.126083|             0.086000|           0.017393|         0.229476
150  |*i_0_0_72         |            0.206992|             0.310514|           0.021200|         0.538706
151  |*i_0_0_73         |            0.002875|             0.001717|           0.022695|         0.027286
152  |*i_0_0_74         |            0.005710|             0.002108|           0.022695|         0.030513
153  |*i_0_0_75         |            0.011412|             0.004215|           0.022695|         0.038322
154  |*i_0_0_76         |            0.022789|             0.008427|           0.022695|         0.053910
155  |*i_0_0_77         |            0.045441|             0.016837|           0.022695|         0.084973
156  |*i_0_0_78         |            0.090353|             0.033608|           0.022695|         0.146656
157  |*i_0_0_79         |            0.189749|             0.067797|           0.024415|         0.281960
158  |*i_0_0_80         |            0.716717|             0.441049|           0.024415|         1.182181
159  |*i_0_0_81         |            2.660705|             1.593469|           0.024415|         4.278588
160  |*i_0_0_82         |            0.432283|             0.192945|           0.025066|         0.650294
161  |*i_0_0_83         |            0.432283|             0.192945|           0.025066|         0.650294
162  |*i_0_0_84         |            0.427945|             0.190824|           0.025066|         0.643835
163  |*i_0_0_85         |            0.429518|             0.191594|           0.025066|         0.646178
164  |*i_0_0_86         |            0.429060|             0.191370|           0.025066|         0.645495
165  |*i_0_0_87         |            0.429868|             0.191766|           0.025066|         0.646700
166  |*i_0_0_88         |            0.429045|             0.191363|           0.025066|         0.645475
167  |*i_0_0_89         |            0.429859|             0.191761|           0.025066|         0.646686
168  |*i_0_0_90         |            0.429043|             0.191362|           0.025066|         0.645471
169  |*i_0_0_91         |            0.429857|             0.191760|           0.025066|         0.646683
170  |*i_0_0_92         |            0.429043|             0.191362|           0.025066|         0.645470
171  |*i_0_0_93         |            0.429857|             0.191760|           0.025066|         0.646683
172  |*i_0_0_94         |            0.429043|             0.191362|           0.025066|         0.645470
173  |*i_0_0_95         |            0.429857|             0.191760|           0.025066|         0.646683
174  |*i_0_0_96         |            0.429043|             0.191362|           0.025066|         0.645470
175  |*i_0_0_97         |            0.429857|             0.191760|           0.025066|         0.646683
176  |*i_0_0_98         |            0.429411|             0.191542|           0.025066|         0.646019
177  |*i_0_0_99         |            0.430114|             0.191886|           0.025066|         0.647066
178  |*i_0_0_100        |            0.429411|             0.191542|           0.025066|         0.646019
179  |*i_0_0_101        |            0.430114|             0.191886|           0.025066|         0.647066
180  |*i_0_0_102        |            0.429411|             0.191542|           0.025066|         0.646019
181  |*i_0_0_103        |            0.430114|             0.191886|           0.025066|         0.647066
182  |*i_0_0_104        |            1.025764|             0.411617|           0.025066|         1.462447
183  |*i_0_0_105        |            0.362358|             0.274411|           0.021200|         0.657969
184  |*i_0_0_106        |            0.878721|             0.976362|           0.036164|         1.891246
185  |*i_0_0_107        |            0.221013|             0.277834|           0.017393|         0.516240
186  |*i_0_0_108        |            0.362358|             0.274411|           0.021200|         0.657969
187  |*i_0_0_109        |            0.917882|             0.976362|           0.036164|         1.930408
188  |*i_0_0_110        |            0.374078|             0.401992|           0.022619|         0.798690
189  |*i_0_0_111        |            0.362358|             0.274411|           0.021200|         0.657969
190  |*i_0_0_112        |            0.936333|             0.976362|           0.036164|         1.948858
191  |*i_0_0_113        |            0.242081|             0.448487|           0.017393|         0.707961
192  |*i_0_0_114        |            0.362358|             0.274411|           0.021200|         0.657969
193  |*i_0_0_115        |            0.944238|             0.976362|           0.036164|         1.956764
194  |*i_0_0_116        |            0.274702|             0.473785|           0.017393|         0.765880
195  |*i_0_0_117        |            0.362358|             0.274411|           0.021200|         0.657969
196  |*i_0_0_118        |            0.948054|             0.976362|           0.036164|         1.960580
197  |*i_0_0_119        |            0.289031|             0.486098|           0.017393|         0.792522
198  |*i_0_0_120        |            0.362358|             0.274411|           0.021200|         0.657969
199  |*i_0_0_121        |            0.948319|             0.976362|           0.036164|         1.960845
200  |*i_0_0_122        |            0.451828|             0.500634|           0.022619|         0.975082
201  |*i_0_0_123        |            0.362358|             0.274411|           0.021200|         0.657969
202  |*i_0_0_124        |            0.950859|             0.976362|           0.036164|         1.963385
203  |*i_0_0_125        |            0.302164|             0.495185|           0.017393|         0.814742
204  |*i_0_0_126        |            0.566859|             0.297696|           0.027858|         0.892414
205  |*i_0_0_127        |            0.600324|             0.776532|           0.022619|         1.399476
206  |*i_0_0_128        |            0.331959|             1.152853|           0.021200|         1.506011
207  |*i_0_0_129        |            0.362358|             0.274411|           0.021200|         0.657969
208  |*i_0_0_130        |            0.951553|             0.976362|           0.036164|         1.964079
209  |*i_0_0_131        |            0.305930|             0.497437|           0.017393|         0.820760
210  |*i_0_0_132        |            0.362358|             0.274411|           0.021200|         0.657969
211  |*i_0_0_133        |            0.951668|             0.976362|           0.036164|         1.964194
212  |*i_0_0_134        |            0.306578|             0.497811|           0.017393|         0.821783
213  |*i_0_0_135        |            0.362358|             0.274411|           0.021200|         0.657969
214  |*i_0_0_136        |            0.951726|             0.976362|           0.036164|         1.964252
215  |*i_0_0_137        |            0.306903|             0.497998|           0.017393|         0.822295
216  |*i_0_0_138        |            0.362358|             0.274411|           0.021200|         0.657969
217  |*i_0_0_139        |            0.951755|             0.976362|           0.036164|         1.964281
218  |*i_0_0_140        |            0.307067|             0.498092|           0.017393|         0.822552
219  |*i_0_0_141        |            0.716687|             0.274411|           0.021200|         1.012298
220  |*i_0_0_142        |            1.966388|             0.976362|           0.036164|         2.978914
221  |*i_0_0_143        |            1.193661|             0.498139|           0.017393|         1.709193
222  |*i_0_0_144        |            0.716687|             0.274411|           0.021200|         1.012298
223  |*i_0_0_145        |            1.966401|             0.976362|           0.036164|         2.978927
224  |*i_0_0_146        |            1.193838|             0.498162|           0.017393|         1.709394
225  |*i_0_0_147        |            0.601996|            10.447824|           0.025066|        11.074886
226  |*i_0_0_148        |            1.864829|             0.199280|           0.026481|         2.090590
227  |*i_0_0_149        |            1.417576|             0.512340|           0.022619|         1.952536
228  |*i_0_0_150        |            0.001433|             0.000670|           0.022695|         0.024798
229  |*i_0_0_151        |            0.002856|             0.001054|           0.022695|         0.026605
230  |*i_0_0_152        |            0.005710|             0.002108|           0.022695|         0.030513
231  |*i_0_0_153        |            0.011412|             0.004215|           0.022695|         0.038322
232  |*i_0_0_154        |            0.022789|             0.008427|           0.022695|         0.053910
233  |*i_0_0_155        |            0.023088|             0.016837|           0.017393|         0.057318
234  |*i_0_0_156        |            0.069706|             0.043391|           0.021200|         0.134296
235  |*i_0_0_157        |            0.189748|             0.087286|           0.024415|         0.301449
236  |*i_0_0_158        |            0.679125|             0.437669|           0.022695|         1.139489
237  |*i_0_0_159        |            1.261607|             0.506094|           0.022695|         1.790395
238  |*i_0_0_160        |            2.665379|             0.977278|           0.024415|         3.667071
239  |*i_0_0_161        |            1.136879|             0.357928|           0.022619|         1.517426
240  |*i_0_0_162        |            0.283053|             1.746876|           0.017393|         2.047322
241  |*i_0_0_163        |            0.523223|             0.411617|           0.021200|         0.956039
242  |*i_0_0_164        |            0.416073|             0.161113|           0.022695|         0.599881
243  |*i_0_0_165        |            0.799080|             0.365657|           0.025066|         1.189803
244  |*i_0_0_166        |            0.643434|             0.284142|           0.025066|         0.952643
245  |*i_0_0_167        |            0.253525|             0.110655|           0.025066|         0.389245
246  |*i_0_0_168        |            0.308259|             0.134681|           0.025066|         0.468005
247  |*i_0_0_169        |            0.230473|             0.102382|           0.025066|         0.357921
248  |*i_0_0_170        |            0.195900|             0.085441|           0.025066|         0.306407
249  |*i_0_0_171        |            0.159969|             0.070736|           0.025066|         0.255772
250  |*i_0_0_172        |            0.272289|             2.414642|           0.014353|         2.701284
251  |*i_0_0_173        |            0.327127|            23.090281|           0.021200|        23.438606
252  |*i_0_0_174        |            0.026461|             0.017907|           0.021200|         0.065568
253  |*i_0_0_175        |            0.103066|             0.153385|           0.026733|         0.283184
254  |*i_0_0_176        |            0.045162|             0.034491|           0.018127|         0.097780
255  |*i_0_0_177        |            0.464180|            26.258780|           0.021200|        26.744160
256  |*i_0_0_178        |            0.010779|             0.052291|           0.017393|         0.080463
257  |*i_0_0_179        |            0.167242|             0.208923|           0.032601|         0.408766
258  |*i_0_0_180        |            0.229300|             0.279280|           0.032601|         0.541182
259  |*i_0_0_181        |            0.776026|             1.734614|           0.036441|         2.547081
260  |*i_0_0_182        |            0.838833|             1.926564|           0.036441|         2.801837
261  |*i_0_0_183        |            1.159688|             2.043628|           0.036164|         3.239480
262  |*i_0_0_184        |            0.848327|             2.207806|           0.036441|         3.092574
263  |*i_0_0_185        |            0.822982|             1.997560|           0.036441|         2.856983
264  |*i_0_0_186        |            0.834413|             2.043232|           0.036441|         2.914087
265  |*i_0_0_187        |            0.842436|             2.144331|           0.036441|         3.023208
266  |*i_0_0_188        |            0.832508|             2.276778|           0.036441|         3.145726
267  |*i_0_0_189        |            0.983357|             2.148189|           0.036441|         3.167986
268  |*i_0_0_190        |            0.975458|             2.253797|           0.036441|         3.265696
269  |*i_0_0_191        |            1.160078|             2.259343|           0.036164|         3.455585
270  |*i_0_0_192        |            0.976486|             2.212971|           0.036441|         3.225898
271  |*i_0_0_193        |            0.840247|             2.184824|           0.036441|         3.061512
272  |*i_0_0_194        |            1.150477|             2.321418|           0.036164|         3.508058
273  |*i_0_0_195        |            0.930372|             2.219481|           0.036441|         3.186294
274  |*i_0_0_196        |            0.593557|             0.828396|           0.027858|         1.449811
275  |*i_0_0_197        |            0.558253|             1.555549|           0.022619|         2.136421
276  |*i_0_0_198        |            0.750432|             1.519089|           0.025066|         2.294587
277  |*i_0_0_199        |            0.494399|             1.064465|           0.022619|         1.581483
278  |*i_0_0_200        |            0.666156|             0.611153|           0.025066|         1.302376
279  |*i_0_0_201        |            0.493520|             0.660999|           0.022619|         1.177138
280  |*i_0_0_202        |            0.372137|             0.647007|           0.017393|         1.036537
281  |*i_0_0_203        |            0.392831|             0.642879|           0.021200|         1.056909
282  |*i_0_0_204        |            0.505534|             0.704384|           0.027858|         1.237776
283  |*i_0_0_205        |            0.232312|             0.672974|           0.014353|         0.919639
284  |*i_0_0_206        |            0.458869|             4.518464|           0.022619|         4.999952
285  |*i_0_0_207        |            0.309080|             0.580883|           0.017393|         0.907356
286  |*i_0_0_208        |            0.540305|             0.761478|           0.027858|         1.329641
287  |*i_0_0_209        |            0.418658|             1.203665|           0.022619|         1.644943
288  |*i_0_0_210        |            0.221434|             0.878166|           0.017393|         1.116994
289  |*i_0_0_211        |            0.216906|             0.371332|           0.017393|         0.605632
290  |*i_0_0_212        |            0.121838|             0.149488|           0.017393|         0.288720
291  |*i_0_0_213        |            0.019441|             0.029083|           0.024415|         0.072939
292  |*i_0_0_214        |            0.019382|             0.089478|           0.017393|         0.126253
293  |*i_0_0_215        |            0.056761|             0.139680|           0.032601|         0.229042
294  |*i_0_0_216        |            0.526627|             1.455451|           0.026733|         2.008812
295  |*i_0_0_217        |            0.780218|             1.270968|           0.022695|         2.073881
296  |*i_0_0_218        |            0.493266|            11.052557|           0.014353|        11.560176
297  |*i_0_0_219        |            0.929126|             2.920046|           0.014353|         3.863525
298  |*i_0_0_220        |            0.237630|             2.140682|           0.014353|         2.392665
299  |*i_0_0_221        |            1.036302|             1.363718|           0.014353|         2.414373
300  |*i_0_0_222        |            0.167144|             1.014803|           0.014353|         1.196301
301  |*i_0_0_223        |            0.267459|             1.398569|           0.014353|         1.680381
302  |*i_0_0_224        |            0.152213|             0.455746|           0.014353|         0.622312
303  |*i_0_0_225        |            0.268009|             0.396947|           0.014353|         0.679308
304  |*i_0_0_226        |            0.192246|             0.582807|           0.014353|         0.789406
305  |                  |                    |                     |                   |                 
306  |*TOTAL            |          482.997650|           663.331055|          17.782040|      1164.110718
-----+------------------+--------------------+---------------------+-------------------+-----------------
