Report Physical info: 
------------------------+-------------+-----------+------------
                        |             |Area (squm)|Leakage (uW)
------------------------+-------------+-----------+------------
Design Name             |Main_Euler   |           |            
  Total Instances       |          336|        481|       2.324
    Macros              |            0|          0|       0.000
    Pads                |            0|          0|       0.000
    Phys                |            0|          0|       0.000
    Blackboxes          |            8|          0|       0.000
    Cells               |          328|        481|       2.324
      Buffers           |            0|          0|       0.000
      Inverters         |           24|         13|       0.067
      Clock-Gates       |            3|         12|       0.038
      Combinational     |          267|        296|       1.634
      Latches           |            0|          0|       0.000
      FlipFlops         |           34|        160|       0.586
       Single-Bit FF    |           34|        160|       0.586
       Multi-Bit FF     |            0|          0|       0.000
       Clock-Gated      |           24|           |            
       Bits             |           34|        160|       0.586
         Load-Enabled   |            0|           |            
         Clock-Gated    |           24|           |            
  Tristate Pin Count    |            0|           |            
Physical Info           |Placed       |           |            
  Chip Size (mm x mm)   |0.109 x 0.109|      11860|            
  Fixed Cell Area       |             |          0|            
    Phys Only           |            0|          0|            
  Placeable Area        |             |       2324|            
  Movable Cell Area     |             |        481|            
  Utilization (%)       |           20|           |            
  Chip Utilization (%)  |           20|           |            
  Total Wire Length (mm)|        0.735|           |            
  Longest Wire (mm)     |        0.074|           |            
  Average Wire (mm)     |        0.004|           |            
------------------------+-------------+-----------+------------
